2019/05/26 16:07:58 DEBUG : rclone: Version "v1.41" starting with parameters ["rclone" "copy" "onedrive-em:/maf_genomes" "./genomes_em/" "-vv"]
2019/05/26 16:07:58 DEBUG : Using config file from "/root/.config/rclone/rclone.conf"
2019/05/26 16:08:00 INFO  : Local file system at /biodragon/vagrantBox/africanum_analysis/genomes_em: Modify window is 1s
2019/05/26 16:08:11 INFO  : SAMEA104358365_1.fastq.gz: Copied (new)
2019/05/26 16:08:16 INFO  : SAMEA1877073_R2.fastq.gz: Copied (new)
2019/05/26 16:08:17 INFO  : SAMEA104358365_2.fastq.gz: Copied (new)
2019/05/26 16:08:20 INFO  : SAMEA1877098_R1.fastq.gz: Copied (new)
2019/05/26 16:08:21 INFO  : SAMEA1877073_R1.fastq.gz: Copied (new)
2019/05/26 16:08:26 INFO  : SAMEA1877098_R2.fastq.gz: Copied (new)
2019/05/26 16:08:28 INFO  : SAMEA1877101_R2.fastq.gz: Copied (new)
2019/05/26 16:08:29 INFO  : SAMEA1877101_R1.fastq.gz: Copied (new)
2019/05/26 16:08:36 INFO  : SAMEA1877109_R1.fastq.gz: Copied (new)
2019/05/26 16:08:40 INFO  : SAMEA1877109_R2.fastq.gz: Copied (new)
2019/05/26 16:08:41 INFO  : SAMEA1877117_R2.fastq.gz: Copied (new)
2019/05/26 16:08:41 INFO  : SAMEA1877117_R1.fastq.gz: Copied (new)
2019/05/26 16:08:50 INFO  : SAMEA1877126_R2.fastq.gz: Copied (new)
2019/05/26 16:08:52 INFO  : SAMEA1877126_R1.fastq.gz: Copied (new)
2019/05/26 16:08:55 INFO  : SAMEA1877132_R1.fastq.gz: Copied (new)
2019/05/26 16:08:56 INFO  : SAMEA1877132_R2.fastq.gz: Copied (new)
2019/05/26 16:09:00 INFO  : 
Transferred:   3.731 GBytes (62.474 MBytes/s)
Errors:                 0
Checks:                 0
Transferred:           16
Elapsed time:      1m1.1s
Transferring:
 *                      SAMEA1877136_R1.fastq.gz: 68% /302.435M, 10.138M/s, 9s
 *                      SAMEA1877136_R2.fastq.gz: 37% /301.144M, 5.888M/s, 32s
 *                      SAMEA1877139_R1.fastq.gz: 27% /269.302M, 10.474M/s, 18s
 *                      SAMEA1877139_R2.fastq.gz:  7% /267.717M, 7.995M/s, 31s

2019/05/26 16:09:03 INFO  : SAMEA1877136_R1.fastq.gz: Copied (new)
2019/05/26 16:09:06 INFO  : SAMEA1877139_R1.fastq.gz: Copied (new)
2019/05/26 16:09:06 INFO  : SAMEA1877136_R2.fastq.gz: Copied (new)
2019/05/26 16:09:08 INFO  : SAMEA1877139_R2.fastq.gz: Copied (new)
2019/05/26 16:09:11 INFO  : SAMEA1877142_R1.fastq.gz: Copied (new)
2019/05/26 16:09:22 INFO  : SAMEA1877152_R1.fastq.gz: Copied (new)
2019/05/26 16:09:23 INFO  : SAMEA1877142_R2.fastq.gz: Copied (new)
2019/05/26 16:09:26 INFO  : SAMEA1877150_R1.fastq.gz: Copied (new)
2019/05/26 16:09:26 INFO  : SAMEA1877150_R2.fastq.gz: Copied (new)
2019/05/26 16:09:33 INFO  : SAMEA1877169_R1.fastq.gz: Copied (new)
2019/05/26 16:09:34 INFO  : SAMEA1877152_R2.fastq.gz: Copied (new)
2019/05/26 16:09:38 INFO  : SAMEA1877165_R1.fastq.gz: Copied (new)
2019/05/26 16:09:38 INFO  : SAMEA1877165_R2.fastq.gz: Copied (new)
2019/05/26 16:09:39 INFO  : SAMEA1877169_R2.fastq.gz: Copied (new)
2019/05/26 16:09:50 INFO  : SAMEA1877177_R1.fastq.gz: Copied (new)
2019/05/26 16:09:50 INFO  : SAMEA1877187_R1.fastq.gz: Copied (new)
2019/05/26 16:09:51 INFO  : SAMEA1877187_R2.fastq.gz: Copied (new)
2019/05/26 16:10:00 INFO  : 
Transferred:   8.027 GBytes (67.843 MBytes/s)
Errors:                 0
Checks:                 0
Transferred:           33
Elapsed time:      2m1.1s
Transferring:
 *                      SAMEA1877177_R2.fastq.gz:  2% /334.719M, 509.173k/s, 10m57s
 *                      SAMEA1877190_R1.fastq.gz: 54% /401.252M, 24.818M/s, 7s
 *                      SAMEA1877190_R2.fastq.gz: 47% /391.469M, 22.818M/s, 9s
 *                      SAMEA1877206_R1.fastq.gz: 71% /257.814M, 23.701M/s, 3s

2019/05/26 16:10:02 INFO  : SAMEA1877206_R1.fastq.gz: Copied (new)
2019/05/26 16:10:08 INFO  : SAMEA1877190_R2.fastq.gz: Copied (new)
2019/05/26 16:10:08 INFO  : SAMEA1877190_R1.fastq.gz: Copied (new)
2019/05/26 16:10:14 INFO  : SAMEA1877206_R2.fastq.gz: Copied (new)
2019/05/26 16:10:19 INFO  : SAMEA1877207_R1.fastq.gz: Copied (new)
2019/05/26 16:10:20 INFO  : SAMEA1877207_R2.fastq.gz: Copied (new)
2019/05/26 16:10:30 INFO  : SAMEA1877227_R1.fastq.gz: Copied (new)
2019/05/26 16:10:33 INFO  : SAMEA1877227_R2.fastq.gz: Copied (new)
2019/05/26 16:10:38 INFO  : SAMEA1877229_R1.fastq.gz: Copied (new)
2019/05/26 16:10:41 INFO  : SAMEA1877229_R2.fastq.gz: Copied (new)
2019/05/26 16:10:45 INFO  : SAMEA1877177_R2.fastq.gz: Copied (new)
2019/05/26 16:10:48 INFO  : SAMEA1877233_R1.fastq.gz: Copied (new)
2019/05/26 16:10:50 INFO  : SAMEA1877237_R1.fastq.gz: Copied (new)
2019/05/26 16:10:51 INFO  : SAMEA1877233_R2.fastq.gz: Copied (new)
2019/05/26 16:10:54 INFO  : SAMEA1877237_R2.fastq.gz: Copied (new)
2019/05/26 16:11:00 INFO  : 
Transferred:   12.151 GBytes (68.686 MBytes/s)
Errors:                 0
Checks:                 0
Transferred:           48
Elapsed time:      3m1.1s
Transferring:
 *                       SAMEA2340875_1.fastq.gz: 47% /234.157M, 6.739M/s, 18s
 *                       SAMEA2340875_2.fastq.gz:  9% /247.013M, 939.921k/s, 4m2s
 *                      SAMEA1877285_R1.fastq.gz: 75% /349.324M, 25.271M/s, 3s
 *                      SAMEA1877285_R2.fastq.gz: 56% /352.947M, 19.181M/s, 7s

2019/05/26 16:11:02 INFO  : SAMEA1877285_R1.fastq.gz: Copied (new)
2019/05/26 16:11:05 INFO  : SAMEA1877285_R2.fastq.gz: Copied (new)
2019/05/26 16:11:06 INFO  : SAMEA2340875_1.fastq.gz: Copied (new)
2019/05/26 16:11:08 INFO  : SAMEA2340875_2.fastq.gz: Copied (new)
2019/05/26 16:11:22 INFO  : SAMEA2534321_1.fastq.gz: Copied (new)
2019/05/26 16:11:29 INFO  : SAMEA2534321_2.fastq.gz: Copied (new)
2019/05/26 16:11:30 INFO  : SAMEA3246143_R1.fastq.gz: Copied (new)
2019/05/26 16:11:35 INFO  : SAMEA3246143_R2.fastq.gz: Copied (new)
2019/05/26 16:11:52 INFO  : SAMEA3250476_R1.fastq.gz: Copied (new)
2019/05/26 16:11:52 INFO  : SAMEA3250476_R2.fastq.gz: Copied (new)
2019/05/26 16:11:56 INFO  : SAMEA3250477_R1.fastq.gz: Copied (new)
2019/05/26 16:11:59 INFO  : SAMEA3250477_R2.fastq.gz: Copied (new)
2019/05/26 16:12:00 INFO  : 
Transferred:   17.187 GBytes (72.980 MBytes/s)
Errors:                 0
Checks:                 0
Transferred:           60
Elapsed time:      4m1.1s
Transferring:
 *                      SAMEA3250478_R1.fastq.gz: 24% /645.201M, 13.147M/s, 36s
 *                      SAMEA3250478_R2.fastq.gz:  4% /669.498M, 1.931M/s, 5m30s
 *                      SAMEA3250479_R1.fastq.gz:  1% /568.561M, 475.122k/s, 20m8s
 * SAMEA3250479_R2.fastq.gz

2019/05/26 16:12:18 INFO  : SAMEA3250478_R1.fastq.gz: Copied (new)
2019/05/26 16:12:23 INFO  : SAMEA3250478_R2.fastq.gz: Copied (new)
2019/05/26 16:12:25 INFO  : SAMEA3250479_R2.fastq.gz: Copied (new)
2019/05/26 16:12:26 INFO  : SAMEA3359865_1.fastq.gz: Copied (new)
2019/05/26 16:12:26 INFO  : SAMEA3250479_R1.fastq.gz: Copied (new)
2019/05/26 16:12:29 INFO  : SAMEA3359865_2.fastq.gz: Copied (new)
2019/05/26 16:12:35 INFO  : SAMEA3359867_1.fastq.gz: Copied (new)
2019/05/26 16:12:36 INFO  : SAMEA3359866_2.fastq.gz: Copied (new)
2019/05/26 16:12:39 INFO  : SAMEA3359867_2.fastq.gz: Copied (new)
2019/05/26 16:12:43 INFO  : SAMEA3359868_2.fastq.gz: Copied (new)
2019/05/26 16:12:44 INFO  : SAMEA3359868_1.fastq.gz: Copied (new)
2019/05/26 16:12:44 INFO  : SAMEA3359866_1.fastq.gz: Copied (new)
2019/05/26 16:12:48 INFO  : SAMEA3359869_1.fastq.gz: Copied (new)
2019/05/26 16:12:51 INFO  : SAMEA3359869_2.fastq.gz: Copied (new)
2019/05/26 16:12:56 INFO  : SAMEA3359871_1.fastq.gz: Copied (new)
2019/05/26 16:12:59 INFO  : SAMEA3359871_2.fastq.gz: Copied (new)
2019/05/26 16:13:00 INFO  : 
Transferred:   21.499 GBytes (73.102 MBytes/s)
Errors:                 0
Checks:                 0
Transferred:           76
Elapsed time:      5m1.1s
Transferring:
 *                       SAMEA3359870_1.fastq.gz: 93% /300.671M, 13.437M/s, 1s
 *                       SAMEA3359870_2.fastq.gz: 77% /310.574M, 11.386M/s, 6s
 *                       SAMEA3359872_1.fastq.gz: 17% /138.798M, 22.442M/s, 5s
 * SAMEA3359872_2.fastq.gz

2019/05/26 16:13:00 INFO  : SAMEA3359870_1.fastq.gz: Copied (new)
2019/05/26 16:13:02 INFO  : SAMEA3359870_2.fastq.gz: Copied (new)
2019/05/26 16:13:04 INFO  : SAMEA3359872_1.fastq.gz: Copied (new)
2019/05/26 16:13:09 INFO  : SAMEA3359872_2.fastq.gz: Copied (new)
2019/05/26 16:13:13 INFO  : SAMEA3359874_1.fastq.gz: Copied (new)
2019/05/26 16:13:14 INFO  : SAMEA3359873_2.fastq.gz: Copied (new)
2019/05/26 16:13:14 INFO  : SAMEA3359873_1.fastq.gz: Copied (new)
2019/05/26 16:13:17 INFO  : SAMEA3359874_2.fastq.gz: Copied (new)
2019/05/26 16:13:21 INFO  : SAMEA3359875_1.fastq.gz: Copied (new)
2019/05/26 16:13:23 INFO  : SAMEA3359875_2.fastq.gz: Copied (new)
2019/05/26 16:13:23 INFO  : SAMEA3359876_1.fastq.gz: Copied (new)
2019/05/26 16:13:24 INFO  : SAMEA3359876_2.fastq.gz: Copied (new)
2019/05/26 16:13:26 INFO  : SAMEA3359877_1.fastq.gz: Copied (new)
2019/05/26 16:13:31 INFO  : SAMEA3359877_2.fastq.gz: Copied (new)
2019/05/26 16:13:34 INFO  : SAMEA3359880_1.fastq.gz: Copied (new)
2019/05/26 16:13:34 INFO  : SAMEA3359880_2.fastq.gz: Copied (new)
2019/05/26 16:13:36 INFO  : SAMEA3359885_1.fastq.gz: Copied (new)
2019/05/26 16:13:39 INFO  : SAMEA3359885_2.fastq.gz: Copied (new)
2019/05/26 16:13:41 INFO  : SAMEA3359886_2.fastq.gz: Copied (new)
2019/05/26 16:13:45 INFO  : SAMEA3359887_1.fastq.gz: Copied (new)
2019/05/26 16:13:45 INFO  : SAMEA3359886_1.fastq.gz: Copied (new)
2019/05/26 16:13:47 INFO  : SAMEA3359888_1.fastq.gz: Copied (new)
2019/05/26 16:13:49 INFO  : SAMEA3359887_2.fastq.gz: Copied (new)
2019/05/26 16:13:51 INFO  : SAMEA3359896_1.fastq.gz: Copied (new)
2019/05/26 16:13:51 INFO  : SAMEA3359888_2.fastq.gz: Copied (new)
2019/05/26 16:13:54 INFO  : SAMEA3359897_1.fastq.gz: Copied (new)
2019/05/26 16:13:54 INFO  : SAMEA3359896_2.fastq.gz: Copied (new)
2019/05/26 16:14:00 INFO  : 
Transferred:   25.635 GBytes (72.684 MBytes/s)
Errors:                 0
Checks:                 0
Transferred:          103
Elapsed time:      6m1.1s
Transferring:
 *                       SAMEA3359897_2.fastq.gz:  5% /140.716M, 5.358M/s, 24s
 *                       SAMEA3359898_1.fastq.gz: 78% /152.972M, 6.097M/s, 5s
 *                       SAMEA3359898_2.fastq.gz: 51% /169.730M, 10.896M/s, 7s
 *                       SAMEA3359899_1.fastq.gz:  0% /214.439M, 415.812k/s, 8m46s

2019/05/26 16:14:00 INFO  : SAMEA3359898_1.fastq.gz: Copied (new)
2019/05/26 16:14:03 INFO  : SAMEA3359898_2.fastq.gz: Copied (new)
2019/05/26 16:14:10 INFO  : SAMEA3359901_1.fastq.gz: Copied (new)
2019/05/26 16:14:13 INFO  : SAMEA3359899_2.fastq.gz: Copied (new)
2019/05/26 16:14:17 INFO  : SAMEA3359901_2.fastq.gz: Copied (new)
2019/05/26 16:14:24 INFO  : SAMEA3504604_1.fastq.gz: Copied (new)
2019/05/26 16:14:27 INFO  : SAMEA3504604_2.fastq.gz: Copied (new)
2019/05/26 16:14:35 INFO  : SAMEA3504620_1.fastq.gz: Copied (new)
2019/05/26 16:14:37 INFO  : SAMEA3504620_2.fastq.gz: Copied (new)
2019/05/26 16:14:57 INFO  : SAMEA3905803_MC_R1.fastq.gz: Copied (new)
2019/05/26 16:14:57 INFO  : Local file system at /biodragon/vagrantBox/africanum_analysis/genomes_em: Waiting for checks to finish
2019/05/26 16:14:57 INFO  : Local file system at /biodragon/vagrantBox/africanum_analysis/genomes_em: Waiting for transfers to finish
2019/05/26 16:14:59 INFO  : SAMEA3905803_MC_R2.fastq.gz: Copied (new)
2019/05/26 16:15:00 INFO  : 
Transferred:   27.733 GBytes (67.430 MBytes/s)
Errors:                 0
Checks:                 0
Transferred:          114
Elapsed time:      7m1.1s
Transferring:
 *                       SAMEA3359897_2.fastq.gz: 22% /140.716M, 514.238k/s, 3m36s
 *                       SAMEA3359899_1.fastq.gz: 11% /214.439M, 358.336k/s, 9m4s
 *                SAMN04479830_UT307_R1.fastq.gz:  4% /597.158M, 23.994M/s, 23s
 * SAMN04479830_UT307_R2.fastq.gz

2019/05/26 16:15:23 INFO  : SAMN04479830_UT307_R1.fastq.gz: Copied (new)
2019/05/26 16:15:23 INFO  : SAMN04479830_UT307_R2.fastq.gz: Copied (new)
2019/05/26 16:15:40 INFO  : SAMN11492960_MAFBRA00707_R1.fastq.gz: Copied (new)
2019/05/26 16:15:41 INFO  : maf_genomes_list.xlsx: Copied (new)
2019/05/26 16:16:00 INFO  : 
Transferred:   29.281 GBytes (62.315 MBytes/s)
Errors:                 0
Checks:                 0
Transferred:          118
Elapsed time:      8m1.1s
Transferring:
 *                       SAMEA3359897_2.fastq.gz: 39% /140.716M, 461.551k/s, 3m7s
 *                       SAMEA3359899_1.fastq.gz: 18% /214.439M, 207.593k/s, 14m20s
 *          SAMN11492960_MAFBRA00707_R2.fastq.gz:  3% /403.650M, 753.403k/s, 8m46s

2019/05/26 16:16:29 INFO  : SAMEA3359897_2.fastq.gz: Copied (new)
2019/05/26 16:16:37 INFO  : SAMEA3359899_1.fastq.gz: Copied (new)
2019/05/26 16:16:54 INFO  : SAMN11492960_MAFBRA00707_R2.fastq.gz: Copied (new)
2019/05/26 16:16:54 INFO  : 
Transferred:   29.912 GBytes (57.190 MBytes/s)
Errors:                 0
Checks:                 0
Transferred:          121
Elapsed time:     8m55.5s

2019/05/26 16:16:54 DEBUG : 10 go routines active
2019/05/26 16:16:54 DEBUG : rclone: Version "v1.41" finishing with parameters ["rclone" "copy" "onedrive-em:/maf_genomes" "./genomes_em/" "-vv"]
