perl: warning: Setting locale failed.
perl: warning: Please check that your locale settings:
	LANGUAGE = (unset),
	LC_ALL = (unset),
	LANG = "C.UTF-8"
    are supported and installed on your system.
perl: warning: Falling back to the standard locale ("C").
[05:07:45] Loading Snippy folders
[05:07:45] Using ID 'SAMEA2794328' for SAMEA2794328
[05:07:46] SAMEA2794328: found 2198 variants totalling 2306 bp in SAMEA2794328/snps.tab
[05:07:46] Using ID 'SAMEA2627005' for SAMEA2627005
[05:07:46] SAMEA2627005: found 2067 variants totalling 2185 bp in SAMEA2627005/snps.tab
[05:07:46] Using ID 'SAMEA2794363' for SAMEA2794363
[05:07:47] SAMEA2794363: found 951 variants totalling 984 bp in SAMEA2794363/snps.tab
[05:07:47] Using ID 'SAMEA104358365' for SAMEA104358365
[05:07:47] SAMEA104358365: found 2146 variants totalling 2276 bp in SAMEA104358365/snps.tab
[05:07:47] Using ID 'SAMEA2340948' for SAMEA2340948
[05:07:47] SAMEA2340948: found 2355 variants totalling 2495 bp in SAMEA2340948/snps.tab
[05:07:47] Using ID 'SAMEA2794369' for SAMEA2794369
[05:07:47] SAMEA2794369: found 758 variants totalling 800 bp in SAMEA2794369/snps.tab
[05:07:47] Using ID 'SAMEA3359865' for SAMEA3359865
[05:07:47] SAMEA3359865: found 2218 variants totalling 2356 bp in SAMEA3359865/snps.tab
[05:07:47] Using ID 'SAMEA3359891' for SAMEA3359891
[05:07:47] SAMEA3359891: found 2058 variants totalling 2158 bp in SAMEA3359891/snps.tab
[05:07:47] Using ID 'SAMEA2340908' for SAMEA2340908
[05:07:47] SAMEA2340908: found 2028 variants totalling 2154 bp in SAMEA2340908/snps.tab
[05:07:47] Using ID 'SAMEA1877136' for SAMEA1877136
[05:07:47] SAMEA1877136: found 2036 variants totalling 2131 bp in SAMEA1877136/snps.tab
[05:07:47] Using ID 'SAMEA2794361' for SAMEA2794361
[05:07:47] SAMEA2794361: found 2039 variants totalling 2137 bp in SAMEA2794361/snps.tab
[05:07:47] Using ID 'SAMEA3359890' for SAMEA3359890
[05:07:47] SAMEA3359890: found 2070 variants totalling 2182 bp in SAMEA3359890/snps.tab
[05:07:47] Using ID 'SAMEA2794332' for SAMEA2794332
[05:07:47] SAMEA2794332: found 2018 variants totalling 2122 bp in SAMEA2794332/snps.tab
[05:07:47] Using ID 'SAMEA3359895' for SAMEA3359895
[05:07:48] SAMEA3359895: found 743 variants totalling 796 bp in SAMEA3359895/snps.tab
[05:07:48] Using ID 'SAMEA2627008' for SAMEA2627008
[05:07:48] SAMEA2627008: found 2071 variants totalling 2205 bp in SAMEA2627008/snps.tab
[05:07:48] Using ID 'SAMEA2627009' for SAMEA2627009
[05:07:48] SAMEA2627009: found 2078 variants totalling 2204 bp in SAMEA2627009/snps.tab
[05:07:48] Using ID 'SAMEA2794349' for SAMEA2794349
[05:07:48] SAMEA2794349: found 2096 variants totalling 2230 bp in SAMEA2794349/snps.tab
[05:07:48] Using ID 'SAMEA2794335' for SAMEA2794335
[05:07:48] SAMEA2794335: found 2091 variants totalling 2212 bp in SAMEA2794335/snps.tab
[05:07:48] Using ID 'SAMEA2794314' for SAMEA2794314
[05:07:48] SAMEA2794314: found 1428 variants totalling 1517 bp in SAMEA2794314/snps.tab
[05:07:48] Using ID 'SAMEA2340902' for SAMEA2340902
[05:07:48] SAMEA2340902: found 795 variants totalling 836 bp in SAMEA2340902/snps.tab
[05:07:48] Using ID 'SAMEA2340906' for SAMEA2340906
[05:07:48] SAMEA2340906: found 2367 variants totalling 2519 bp in SAMEA2340906/snps.tab
[05:07:48] Using ID 'SAMEA2340927' for SAMEA2340927
[05:07:48] SAMEA2340927: found 759 variants totalling 802 bp in SAMEA2340927/snps.tab
[05:07:48] Using ID 'SAMEA3359879' for SAMEA3359879
[05:07:48] SAMEA3359879: found 2233 variants totalling 2362 bp in SAMEA3359879/snps.tab
[05:07:48] Using ID 'SAMEA2627007' for SAMEA2627007
[05:07:49] SAMEA2627007: found 2156 variants totalling 2269 bp in SAMEA2627007/snps.tab
[05:07:49] Using ID 'SAMEA1877266_L4' for SAMEA1877266_L4
[05:07:49] SAMEA1877266_L4: found 875 variants totalling 907 bp in SAMEA1877266_L4/snps.tab
[05:07:49] Using ID 'SAMEA2340895' for SAMEA2340895
[05:07:49] SAMEA2340895: found 773 variants totalling 809 bp in SAMEA2340895/snps.tab
[05:07:49] Using ID 'SAMEA2794367' for SAMEA2794367
[05:07:49] SAMEA2794367: found 2066 variants totalling 2190 bp in SAMEA2794367/snps.tab
[05:07:49] Using ID 'SAMEA3359904' for SAMEA3359904
[05:07:49] SAMEA3359904: found 2220 variants totalling 2361 bp in SAMEA3359904/snps.tab
[05:07:49] Using ID 'SAMEA2534751' for SAMEA2534751
[05:07:49] SAMEA2534751: found 1930 variants totalling 2011 bp in SAMEA2534751/snps.tab
[05:07:49] Using ID 'SAMEA2627028' for SAMEA2627028
[05:07:49] SAMEA2627028: found 2082 variants totalling 2197 bp in SAMEA2627028/snps.tab
[05:07:49] Using ID 'SAMEA3246143_L7' for SAMEA3246143_L7
[05:07:49] SAMEA3246143_L7: found 2008 variants totalling 2117 bp in SAMEA3246143_L7/snps.tab
[05:07:49] Using ID 'SAMEA3504606' for SAMEA3504606
[05:07:49] SAMEA3504606: found 2109 variants totalling 2259 bp in SAMEA3504606/snps.tab
[05:07:49] Using ID 'SAMEA2340882' for SAMEA2340882
[05:07:49] SAMEA2340882: found 2072 variants totalling 2205 bp in SAMEA2340882/snps.tab
[05:07:49] Using ID 'SAMEA3359902' for SAMEA3359902
[05:07:50] SAMEA3359902: found 2208 variants totalling 2327 bp in SAMEA3359902/snps.tab
[05:07:50] Using ID 'SAMEA1877150_L6' for SAMEA1877150_L6
[05:07:50] SAMEA1877150_L6: found 2078 variants totalling 2190 bp in SAMEA1877150_L6/snps.tab
[05:07:50] Using ID 'SAMEA2340916' for SAMEA2340916
[05:07:50] SAMEA2340916: found 2093 variants totalling 2225 bp in SAMEA2340916/snps.tab
[05:07:50] Using ID 'SAMEA3359899' for SAMEA3359899
[05:07:50] SAMEA3359899: found 2107 variants totalling 2242 bp in SAMEA3359899/snps.tab
[05:07:50] Using ID 'SAMEA2794350' for SAMEA2794350
[05:07:50] SAMEA2794350: found 2070 variants totalling 2190 bp in SAMEA2794350/snps.tab
[05:07:50] Using ID 'SAMEA3359903' for SAMEA3359903
[05:07:50] SAMEA3359903: found 2063 variants totalling 2214 bp in SAMEA3359903/snps.tab
[05:07:50] Using ID 'SAMEA2794327' for SAMEA2794327
[05:07:50] SAMEA2794327: found 2083 variants totalling 2204 bp in SAMEA2794327/snps.tab
[05:07:50] Using ID 'SAMEA2794342' for SAMEA2794342
[05:07:50] SAMEA2794342: found 2050 variants totalling 2163 bp in SAMEA2794342/snps.tab
[05:07:50] Using ID 'SAMEA2794364' for SAMEA2794364
[05:07:50] SAMEA2794364: found 2158 variants totalling 2290 bp in SAMEA2794364/snps.tab
[05:07:50] Using ID 'SAMEA3359884' for SAMEA3359884
[05:07:50] SAMEA3359884: found 2101 variants totalling 2236 bp in SAMEA3359884/snps.tab
[05:07:50] Using ID 'SAMEA2627040' for SAMEA2627040
[05:07:51] SAMEA2627040: found 817 variants totalling 847 bp in SAMEA2627040/snps.tab
[05:07:51] Using ID 'SAMEA1877139' for SAMEA1877139
[05:07:51] SAMEA1877139: found 2047 variants totalling 2156 bp in SAMEA1877139/snps.tab
[05:07:51] Using ID 'SAMEA2794323' for SAMEA2794323
[05:07:51] SAMEA2794323: found 1949 variants totalling 2072 bp in SAMEA2794323/snps.tab
[05:07:51] Using ID 'SAMEA3504614' for SAMEA3504614
[05:07:51] SAMEA3504614: found 2141 variants totalling 2307 bp in SAMEA3504614/snps.tab
[05:07:51] Using ID 'SAMEA2794312' for SAMEA2794312
[05:07:51] SAMEA2794312: found 1847 variants totalling 1961 bp in SAMEA2794312/snps.tab
[05:07:51] Using ID 'SAMEA3246143' for SAMEA3246143
[05:07:51] SAMEA3246143: found 2008 variants totalling 2117 bp in SAMEA3246143/snps.tab
[05:07:51] Using ID 'SAMEA2340922' for SAMEA2340922
[05:07:51] SAMEA2340922: found 2083 variants totalling 2215 bp in SAMEA2340922/snps.tab
[05:07:51] Using ID 'SAMEA3359871' for SAMEA3359871
[05:07:51] SAMEA3359871: found 2104 variants totalling 2271 bp in SAMEA3359871/snps.tab
[05:07:51] Using ID 'SAMEA3504600' for SAMEA3504600
[05:07:51] SAMEA3504600: found 2122 variants totalling 2276 bp in SAMEA3504600/snps.tab
[05:07:51] Using ID 'SAMEA1877109' for SAMEA1877109
[05:07:52] SAMEA1877109: found 2203 variants totalling 2305 bp in SAMEA1877109/snps.tab
[05:07:52] Using ID 'SAMEA2340928' for SAMEA2340928
[05:07:52] SAMEA2340928: found 784 variants totalling 826 bp in SAMEA2340928/snps.tab
[05:07:52] Using ID 'SAMEA3504595' for SAMEA3504595
[05:07:52] SAMEA3504595: found 2043 variants totalling 2157 bp in SAMEA3504595/snps.tab
[05:07:52] Using ID 'SAMEA3250477' for SAMEA3250477
[05:07:52] SAMEA3250477: found 1944 variants totalling 2035 bp in SAMEA3250477/snps.tab
[05:07:52] Using ID 'SAMEA2627015' for SAMEA2627015
[05:07:52] SAMEA2627015: found 2006 variants totalling 2113 bp in SAMEA2627015/snps.tab
[05:07:52] Using ID 'SAMEA2794354' for SAMEA2794354
[05:07:52] SAMEA2794354: found 2152 variants totalling 2263 bp in SAMEA2794354/snps.tab
[05:07:52] Using ID 'SAMEA3359872' for SAMEA3359872
[05:07:52] SAMEA3359872: found 2139 variants totalling 2315 bp in SAMEA3359872/snps.tab
[05:07:52] Using ID 'SAMEA3359886' for SAMEA3359886
[05:07:52] SAMEA3359886: found 2125 variants totalling 2291 bp in SAMEA3359886/snps.tab
[05:07:52] Using ID 'SAMEA2794341' for SAMEA2794341
[05:07:52] SAMEA2794341: found 851 variants totalling 891 bp in SAMEA2794341/snps.tab
[05:07:52] Using ID 'SAMEA2627018' for SAMEA2627018
[05:07:52] SAMEA2627018: found 2042 variants totalling 2155 bp in SAMEA2627018/snps.tab
[05:07:52] Using ID 'SAMEA3359874' for SAMEA3359874
[05:07:53] SAMEA3359874: found 2099 variants totalling 2278 bp in SAMEA3359874/snps.tab
[05:07:53] Using ID 'SAMEA1877229' for SAMEA1877229
[05:07:53] SAMEA1877229: found 1967 variants totalling 2076 bp in SAMEA1877229/snps.tab
[05:07:53] Using ID 'SAMEA3504602' for SAMEA3504602
[05:07:53] SAMEA3504602: found 2121 variants totalling 2293 bp in SAMEA3504602/snps.tab
[05:07:53] Using ID 'SAMEA2340912' for SAMEA2340912
[05:07:53] SAMEA2340912: found 2073 variants totalling 2198 bp in SAMEA2340912/snps.tab
[05:07:53] Using ID 'SAMEA3359894' for SAMEA3359894
[05:07:53] SAMEA3359894: found 2193 variants totalling 2330 bp in SAMEA3359894/snps.tab
[05:07:53] Using ID 'SAMEA2794324' for SAMEA2794324
[05:07:53] SAMEA2794324: found 2061 variants totalling 2187 bp in SAMEA2794324/snps.tab
[05:07:53] Using ID 'SAMEA2340914' for SAMEA2340914
[05:07:53] SAMEA2340914: found 2016 variants totalling 2108 bp in SAMEA2340914/snps.tab
[05:07:53] Using ID 'SAMEA2627043' for SAMEA2627043
[05:07:53] SAMEA2627043: found 2110 variants totalling 2260 bp in SAMEA2627043/snps.tab
[05:07:53] Using ID 'SAMEA3359910' for SAMEA3359910
[05:07:53] SAMEA3359910: found 2205 variants totalling 2344 bp in SAMEA3359910/snps.tab
[05:07:53] Using ID 'SAMEA2340881' for SAMEA2340881
[05:07:53] SAMEA2340881: found 2074 variants totalling 2203 bp in SAMEA2340881/snps.tab
[05:07:53] Using ID 'SAMEA3359877' for SAMEA3359877
[05:07:54] SAMEA3359877: found 2126 variants totalling 2304 bp in SAMEA3359877/snps.tab
[05:07:54] Using ID 'SAMEA2340913' for SAMEA2340913
[05:07:54] SAMEA2340913: found 2187 variants totalling 2296 bp in SAMEA2340913/snps.tab
[05:07:54] Using ID 'SAMEA2534695' for SAMEA2534695
[05:07:54] SAMEA2534695: found 1955 variants totalling 2055 bp in SAMEA2534695/snps.tab
[05:07:54] Using ID 'SAMEA2535035' for SAMEA2535035
[05:07:54] SAMEA2535035: found 2088 variants totalling 2183 bp in SAMEA2535035/snps.tab
[05:07:54] Using ID 'SAMEA2627021' for SAMEA2627021
[05:07:54] SAMEA2627021: found 2033 variants totalling 2143 bp in SAMEA2627021/snps.tab
[05:07:54] Using ID 'SAMEA2794326' for SAMEA2794326
[05:07:54] SAMEA2794326: found 2090 variants totalling 2217 bp in SAMEA2794326/snps.tab
[05:07:54] Using ID 'SAMEA2794351' for SAMEA2794351
[05:07:54] SAMEA2794351: found 2064 variants totalling 2179 bp in SAMEA2794351/snps.tab
[05:07:54] Using ID 'SAMEA3504615' for SAMEA3504615
[05:07:54] SAMEA3504615: found 2219 variants totalling 2354 bp in SAMEA3504615/snps.tab
[05:07:54] Using ID 'SAMEA3359867' for SAMEA3359867
[05:07:55] SAMEA3359867: found 2116 variants totalling 2278 bp in SAMEA3359867/snps.tab
[05:07:55] Using ID 'SAMEA3359869' for SAMEA3359869
[05:07:55] SAMEA3359869: found 2141 variants totalling 2325 bp in SAMEA3359869/snps.tab
[05:07:55] Using ID 'SAMEA3504607' for SAMEA3504607
[05:07:55] SAMEA3504607: found 2198 variants totalling 2341 bp in SAMEA3504607/snps.tab
[05:07:55] Using ID 'SAMEA2794366' for SAMEA2794366
[05:07:55] SAMEA2794366: found 2025 variants totalling 2143 bp in SAMEA2794366/snps.tab
[05:07:55] Using ID 'SAMEA3359916' for SAMEA3359916
[05:07:55] SAMEA3359916: found 2126 variants totalling 2274 bp in SAMEA3359916/snps.tab
[05:07:55] Using ID 'SAMEA3250478' for SAMEA3250478
[05:07:55] SAMEA3250478: found 1982 variants totalling 2083 bp in SAMEA3250478/snps.tab
[05:07:55] Using ID 'SAMEA2794319' for SAMEA2794319
[05:07:55] SAMEA2794319: found 2162 variants totalling 2292 bp in SAMEA2794319/snps.tab
[05:07:55] Using ID 'SAMEA3359912' for SAMEA3359912
[05:07:55] SAMEA3359912: found 2044 variants totalling 2179 bp in SAMEA3359912/snps.tab
[05:07:55] Using ID 'SAMEA2340898' for SAMEA2340898
[05:07:55] SAMEA2340898: found 823 variants totalling 859 bp in SAMEA2340898/snps.tab
[05:07:55] Using ID 'SAMEA1877190' for SAMEA1877190
[05:07:55] SAMEA1877190: found 2185 variants totalling 2291 bp in SAMEA1877190/snps.tab
[05:07:55] Using ID 'SAMEA2627019' for SAMEA2627019
[05:07:56] SAMEA2627019: found 2023 variants totalling 2146 bp in SAMEA2627019/snps.tab
[05:07:56] Using ID 'SAMEA2340946' for SAMEA2340946
[05:07:56] SAMEA2340946: found 2075 variants totalling 2209 bp in SAMEA2340946/snps.tab
[05:07:56] Using ID 'SAMEA3504597' for SAMEA3504597
[05:07:56] SAMEA3504597: found 2119 variants totalling 2268 bp in SAMEA3504597/snps.tab
[05:07:56] Using ID 'SAMEA1877169_L5' for SAMEA1877169_L5
[05:07:56] SAMEA1877169_L5: found 1985 variants totalling 2081 bp in SAMEA1877169_L5/snps.tab
[05:07:56] Using ID 'SAMEA2340931' for SAMEA2340931
[05:07:56] SAMEA2340931: found 2194 variants totalling 2300 bp in SAMEA2340931/snps.tab
[05:07:56] Using ID 'SAMEA3359909' for SAMEA3359909
[05:07:56] SAMEA3359909: found 2080 variants totalling 2223 bp in SAMEA3359909/snps.tab
[05:07:56] Using ID 'SAMEA2340876' for SAMEA2340876
[05:07:56] SAMEA2340876: found 2074 variants totalling 2199 bp in SAMEA2340876/snps.tab
[05:07:56] Using ID 'SAMEA2340930' for SAMEA2340930
[05:07:57] SAMEA2340930: found 2174 variants totalling 2284 bp in SAMEA2340930/snps.tab
[05:07:57] Using ID 'SAMEA2627024' for SAMEA2627024
[05:07:57] SAMEA2627024: found 2070 variants totalling 2198 bp in SAMEA2627024/snps.tab
[05:07:57] Using ID 'SAMEA3359901' for SAMEA3359901
[05:07:57] SAMEA3359901: found 2097 variants totalling 2263 bp in SAMEA3359901/snps.tab
[05:07:57] Using ID 'SAMEA1877219_L2' for SAMEA1877219_L2
[05:07:57] SAMEA1877219_L2: found 1327 variants totalling 1417 bp in SAMEA1877219_L2/snps.tab
[05:07:57] Using ID 'SAMEA2340945' for SAMEA2340945
[05:07:57] SAMEA2340945: found 1307 variants totalling 1372 bp in SAMEA2340945/snps.tab
[05:07:57] Using ID 'SAMEA1877177' for SAMEA1877177
[05:07:57] SAMEA1877177: found 2081 variants totalling 2183 bp in SAMEA1877177/snps.tab
[05:07:57] Using ID 'SAMEA2627042' for SAMEA2627042
[05:07:57] SAMEA2627042: found 2043 variants totalling 2153 bp in SAMEA2627042/snps.tab
[05:07:57] Using ID 'SAMEA2627044' for SAMEA2627044
[05:07:57] SAMEA2627044: found 775 variants totalling 810 bp in SAMEA2627044/snps.tab
[05:07:57] Using ID 'SAMEA2627031' for SAMEA2627031
[05:07:57] SAMEA2627031: found 2149 variants totalling 2271 bp in SAMEA2627031/snps.tab
[05:07:57] Using ID 'SAMEA2794353' for SAMEA2794353
[05:07:57] SAMEA2794353: found 2209 variants totalling 2340 bp in SAMEA2794353/snps.tab
[05:07:57] Using ID 'SAMEA2627020' for SAMEA2627020
[05:07:58] SAMEA2627020: found 2043 variants totalling 2161 bp in SAMEA2627020/snps.tab
[05:07:58] Using ID 'SAMEA2340926' for SAMEA2340926
[05:07:58] SAMEA2340926: found 755 variants totalling 792 bp in SAMEA2340926/snps.tab
[05:07:58] Using ID 'SAMEA3359897' for SAMEA3359897
[05:07:58] SAMEA3359897: found 2116 variants totalling 2280 bp in SAMEA3359897/snps.tab
[05:07:58] Using ID 'SAMEA1877117' for SAMEA1877117
[05:07:58] SAMEA1877117: found 2140 variants totalling 2223 bp in SAMEA1877117/snps.tab
[05:07:58] Using ID 'SAMEA2794337' for SAMEA2794337
[05:07:58] SAMEA2794337: found 2047 variants totalling 2165 bp in SAMEA2794337/snps.tab
[05:07:58] Using ID 'SAMEA3359878' for SAMEA3359878
[05:07:58] SAMEA3359878: found 2199 variants totalling 2304 bp in SAMEA3359878/snps.tab
[05:07:58] Using ID 'SAMEA3504610' for SAMEA3504610
[05:07:58] SAMEA3504610: found 2105 variants totalling 2252 bp in SAMEA3504610/snps.tab
[05:07:58] Using ID 'SAMEA3359915' for SAMEA3359915
[05:07:58] SAMEA3359915: found 2124 variants totalling 2282 bp in SAMEA3359915/snps.tab
[05:07:58] Using ID 'SAMEA2340915' for SAMEA2340915
[05:07:58] SAMEA2340915: found 2094 variants totalling 2223 bp in SAMEA2340915/snps.tab
[05:07:58] Using ID 'SAMEA2340880' for SAMEA2340880
[05:07:58] SAMEA2340880: found 2082 variants totalling 2203 bp in SAMEA2340880/snps.tab
[05:07:58] Using ID 'SAMEA1877126' for SAMEA1877126
[05:07:58] SAMEA1877126: found 1909 variants totalling 1996 bp in SAMEA1877126/snps.tab
[05:07:58] Using ID 'SAMN04479830_UT307' for SAMN04479830_UT307
[05:07:59] SAMN04479830_UT307: found 2205 variants totalling 2342 bp in SAMN04479830_UT307/snps.tab
[05:07:59] Using ID 'SAMEA3359898' for SAMEA3359898
[05:07:59] SAMEA3359898: found 2241 variants totalling 2391 bp in SAMEA3359898/snps.tab
[05:07:59] Using ID 'SAMEA2340941' for SAMEA2340941
[05:07:59] SAMEA2340941: found 2173 variants totalling 2281 bp in SAMEA2340941/snps.tab
[05:07:59] Using ID 'SAMEA2794321' for SAMEA2794321
[05:07:59] SAMEA2794321: found 2088 variants totalling 2225 bp in SAMEA2794321/snps.tab
[05:07:59] Using ID 'SAMEA2340907' for SAMEA2340907
[05:07:59] SAMEA2340907: found 2086 variants totalling 2221 bp in SAMEA2340907/snps.tab
[05:07:59] Using ID 'SAMEA2627039' for SAMEA2627039
[05:07:59] SAMEA2627039: found 2067 variants totalling 2197 bp in SAMEA2627039/snps.tab
[05:07:59] Using ID 'SAMEA3504612' for SAMEA3504612
[05:07:59] SAMEA3504612: found 2102 variants totalling 2264 bp in SAMEA3504612/snps.tab
[05:07:59] Using ID 'SAMEA3504611' for SAMEA3504611
[05:07:59] SAMEA3504611: found 2093 variants totalling 2232 bp in SAMEA3504611/snps.tab
[05:07:59] Using ID 'SAMEA2627025' for SAMEA2627025
[05:07:59] SAMEA2627025: found 2057 variants totalling 2184 bp in SAMEA2627025/snps.tab
[05:07:59] Using ID 'SAMEA2340887' for SAMEA2340887
[05:08:00] SAMEA2340887: found 2118 variants totalling 2262 bp in SAMEA2340887/snps.tab
[05:08:00] Using ID 'SAMEA3359905' for SAMEA3359905
[05:08:00] SAMEA3359905: found 2101 variants totalling 2228 bp in SAMEA3359905/snps.tab
[05:08:00] Using ID 'SAMEA3359876' for SAMEA3359876
[05:08:00] SAMEA3359876: found 2069 variants totalling 2238 bp in SAMEA3359876/snps.tab
[05:08:00] Using ID 'SAMEA3359906' for SAMEA3359906
[05:08:00] SAMEA3359906: found 2118 variants totalling 2262 bp in SAMEA3359906/snps.tab
[05:08:00] Using ID 'SAMEA3504601' for SAMEA3504601
[05:08:00] SAMEA3504601: found 2076 variants totalling 2224 bp in SAMEA3504601/snps.tab
[05:08:00] Using ID 'SAMEA3504599' for SAMEA3504599
[05:08:00] SAMEA3504599: found 2107 variants totalling 2255 bp in SAMEA3504599/snps.tab
[05:08:00] Using ID 'SAMEA2627033' for SAMEA2627033
[05:08:00] SAMEA2627033: found 469 variants totalling 516 bp in SAMEA2627033/snps.tab
[05:08:00] Using ID 'SAMEA2794365' for SAMEA2794365
[05:08:00] SAMEA2794365: found 2182 variants totalling 2287 bp in SAMEA2794365/snps.tab
[05:08:00] Using ID 'SAMEA2627017' for SAMEA2627017
[05:08:01] SAMEA2627017: found 2078 variants totalling 2197 bp in SAMEA2627017/snps.tab
[05:08:01] Using ID 'SAMEA2340929' for SAMEA2340929
[05:08:01] SAMEA2340929: found 755 variants totalling 795 bp in SAMEA2340929/snps.tab
[05:08:01] Using ID 'SAMEA2627013' for SAMEA2627013
[05:08:01] SAMEA2627013: found 2058 variants totalling 2173 bp in SAMEA2627013/snps.tab
[05:08:01] Using ID 'SAMEA2794325' for SAMEA2794325
[05:08:01] SAMEA2794325: found 2101 variants totalling 2245 bp in SAMEA2794325/snps.tab
[05:08:01] Using ID 'SAMEA1877112_L1' for SAMEA1877112_L1
[05:08:01] SAMEA1877112_L1: found 1946 variants totalling 2024 bp in SAMEA1877112_L1/snps.tab
[05:08:01] Using ID 'SAMEA2627022' for SAMEA2627022
[05:08:01] SAMEA2627022: found 2025 variants totalling 2146 bp in SAMEA2627022/snps.tab
[05:08:01] Using ID 'SAMEA3504625' for SAMEA3504625
[05:08:01] SAMEA3504625: found 743 variants totalling 794 bp in SAMEA3504625/snps.tab
[05:08:01] Using ID 'SAMEA2794331' for SAMEA2794331
[05:08:01] SAMEA2794331: found 2190 variants totalling 2293 bp in SAMEA2794331/snps.tab
[05:08:01] Using ID 'SAMEA2340910' for SAMEA2340910
[05:08:01] SAMEA2340910: found 2163 variants totalling 2282 bp in SAMEA2340910/snps.tab
[05:08:01] Using ID 'SAMEA2794360' for SAMEA2794360
[05:08:01] SAMEA2794360: found 2083 variants totalling 2217 bp in SAMEA2794360/snps.tab
[05:08:01] Using ID 'SAMEA2340909' for SAMEA2340909
[05:08:02] SAMEA2340909: found 2086 variants totalling 2220 bp in SAMEA2340909/snps.tab
[05:08:02] Using ID 'SAMEA1877181_L3' for SAMEA1877181_L3
[05:08:02] SAMEA1877181_L3: found 1331 variants totalling 1401 bp in SAMEA1877181_L3/snps.tab
[05:08:02] Using ID 'SAMEA1877206' for SAMEA1877206
[05:08:02] SAMEA1877206: found 1933 variants totalling 2016 bp in SAMEA1877206/snps.tab
[05:08:02] Using ID 'SAMEA3359881' for SAMEA3359881
[05:08:02] SAMEA3359881: found 2080 variants totalling 2246 bp in SAMEA3359881/snps.tab
[05:08:02] Using ID 'SAMEA2340901' for SAMEA2340901
[05:08:02] SAMEA2340901: found 2075 variants totalling 2209 bp in SAMEA2340901/snps.tab
[05:08:02] Using ID 'SAMEA3359888' for SAMEA3359888
[05:08:02] SAMEA3359888: found 2212 variants totalling 2349 bp in SAMEA3359888/snps.tab
[05:08:02] Using ID 'SAMEA1877237' for SAMEA1877237
[05:08:02] SAMEA1877237: found 2094 variants totalling 2185 bp in SAMEA1877237/snps.tab
[05:08:02] Using ID 'SAMEA2794313' for SAMEA2794313
[05:08:02] SAMEA2794313: found 1846 variants totalling 1958 bp in SAMEA2794313/snps.tab
[05:08:02] Using ID 'SAMEA2340874' for SAMEA2340874
[05:08:02] SAMEA2340874: found 1830 variants totalling 1897 bp in SAMEA2340874/snps.tab
[05:08:02] Using ID 'SAMEA2794352' for SAMEA2794352
[05:08:03] SAMEA2794352: found 2034 variants totalling 2134 bp in SAMEA2794352/snps.tab
[05:08:03] Using ID 'SAMEA1877285' for SAMEA1877285
[05:08:03] SAMEA1877285: found 2175 variants totalling 2289 bp in SAMEA1877285/snps.tab
[05:08:03] Using ID 'SAMEA2340920' for SAMEA2340920
[05:08:03] SAMEA2340920: found 2076 variants totalling 2203 bp in SAMEA2340920/snps.tab
[05:08:03] Using ID 'SAMEA2340947' for SAMEA2340947
[05:08:03] SAMEA2340947: found 2193 variants totalling 2299 bp in SAMEA2340947/snps.tab
[05:08:03] Using ID 'SAMEA2627014' for SAMEA2627014
[05:08:03] SAMEA2627014: found 2057 variants totalling 2164 bp in SAMEA2627014/snps.tab
[05:08:03] Using ID 'SAMEA2340936' for SAMEA2340936
[05:08:03] SAMEA2340936: found 2171 variants totalling 2279 bp in SAMEA2340936/snps.tab
[05:08:03] Using ID 'SAMEA1877207' for SAMEA1877207
[05:08:03] SAMEA1877207: found 1955 variants totalling 2072 bp in SAMEA1877207/snps.tab
[05:08:03] Using ID 'SAMEA1877165' for SAMEA1877165
[05:08:03] SAMEA1877165: found 1958 variants totalling 2053 bp in SAMEA1877165/snps.tab
[05:08:03] Using ID 'SAMEA2340923' for SAMEA2340923
[05:08:03] SAMEA2340923: found 2202 variants totalling 2310 bp in SAMEA2340923/snps.tab
[05:08:03] Using ID 'SAMEA2794357' for SAMEA2794357
[05:08:03] SAMEA2794357: found 2076 variants totalling 2196 bp in SAMEA2794357/snps.tab
[05:08:03] Using ID 'SAMEA1877227' for SAMEA1877227
[05:08:04] SAMEA1877227: found 1986 variants totalling 2098 bp in SAMEA1877227/snps.tab
[05:08:04] Using ID 'SAMEA2340894' for SAMEA2340894
[05:08:04] SAMEA2340894: found 2033 variants totalling 2154 bp in SAMEA2340894/snps.tab
[05:08:04] Using ID 'SAMEA3504605' for SAMEA3504605
[05:08:04] SAMEA3504605: found 2115 variants totalling 2269 bp in SAMEA3504605/snps.tab
[05:08:04] Using ID 'SAMEA2794338' for SAMEA2794338
[05:08:04] SAMEA2794338: found 780 variants totalling 816 bp in SAMEA2794338/snps.tab
[05:08:04] Using ID 'SAMEA2794359' for SAMEA2794359
[05:08:04] SAMEA2794359: found 2054 variants totalling 2167 bp in SAMEA2794359/snps.tab
[05:08:04] Using ID 'SAMEA2794320' for SAMEA2794320
[05:08:04] SAMEA2794320: found 2068 variants totalling 2197 bp in SAMEA2794320/snps.tab
[05:08:04] Using ID 'SAMEA2794318' for SAMEA2794318
[05:08:04] SAMEA2794318: found 2034 variants totalling 2133 bp in SAMEA2794318/snps.tab
[05:08:04] Using ID 'SAMEA1877142' for SAMEA1877142
[05:08:04] SAMEA1877142: found 2097 variants totalling 2204 bp in SAMEA1877142/snps.tab
[05:08:04] Using ID 'SAMEA1877233' for SAMEA1877233
[05:08:04] SAMEA1877233: found 2101 variants totalling 2203 bp in SAMEA1877233/snps.tab
[05:08:04] Using ID 'SAMEA3359882' for SAMEA3359882
[05:08:04] SAMEA3359882: found 2034 variants totalling 2175 bp in SAMEA3359882/snps.tab
[05:08:04] Using ID 'SAMEA3504622' for SAMEA3504622
[05:08:04] SAMEA3504622: found 778 variants totalling 835 bp in SAMEA3504622/snps.tab
[05:08:04] Using ID 'SAMEA2627016' for SAMEA2627016
[05:08:04] SAMEA2627016: found 2088 variants totalling 2204 bp in SAMEA2627016/snps.tab
[05:08:04] Using ID 'SAMEA2794333' for SAMEA2794333
[05:08:05] SAMEA2794333: found 2063 variants totalling 2180 bp in SAMEA2794333/snps.tab
[05:08:05] Using ID 'SAMEA3359885' for SAMEA3359885
[05:08:05] SAMEA3359885: found 2125 variants totalling 2282 bp in SAMEA3359885/snps.tab
[05:08:05] Using ID 'SAMEA3359887' for SAMEA3359887
[05:08:05] SAMEA3359887: found 2089 variants totalling 2258 bp in SAMEA3359887/snps.tab
[05:08:05] Using ID 'SAMEA2794355' for SAMEA2794355
[05:08:05] SAMEA2794355: found 2022 variants totalling 2153 bp in SAMEA2794355/snps.tab
[05:08:05] Using ID 'SAMEA2794344' for SAMEA2794344
[05:08:05] SAMEA2794344: found 2021 variants totalling 2137 bp in SAMEA2794344/snps.tab
[05:08:05] Using ID 'SAMEA3359914' for SAMEA3359914
[05:08:05] SAMEA3359914: found 2109 variants totalling 2265 bp in SAMEA3359914/snps.tab
[05:08:05] Using ID 'SAMEA2627029' for SAMEA2627029
[05:08:05] SAMEA2627029: found 2034 variants totalling 2130 bp in SAMEA2627029/snps.tab
[05:08:05] Using ID 'SAMEA3504604' for SAMEA3504604
[05:08:05] SAMEA3504604: found 2058 variants totalling 2218 bp in SAMEA3504604/snps.tab
[05:08:05] Using ID 'SAMEA3504620' for SAMEA3504620
[05:08:06] SAMEA3504620: found 562 variants totalling 603 bp in SAMEA3504620/snps.tab
[05:08:06] Using ID 'SAMEA3250479' for SAMEA3250479
[05:08:06] SAMEA3250479: found 1977 variants totalling 2073 bp in SAMEA3250479/snps.tab
[05:08:06] Using ID 'SAMEA1877101' for SAMEA1877101
[05:08:06] SAMEA1877101: found 2105 variants totalling 2178 bp in SAMEA1877101/snps.tab
[05:08:06] Using ID 'SAMEA3905803_MC' for SAMEA3905803_MC
[05:08:07] SAMEA3905803_MC: found 22831 variants totalling 30753 bp in SAMEA3905803_MC/snps.tab
[05:08:07] Using ID 'SAMEA2794317' for SAMEA2794317
[05:08:07] SAMEA2794317: found 2057 variants totalling 2190 bp in SAMEA2794317/snps.tab
[05:08:07] Using ID 'SAMEA2627037' for SAMEA2627037
[05:08:07] SAMEA2627037: found 2080 variants totalling 2185 bp in SAMEA2627037/snps.tab
[05:08:07] Using ID 'SAMEA2340935' for SAMEA2340935
[05:08:07] SAMEA2340935: found 2182 variants totalling 2300 bp in SAMEA2340935/snps.tab
[05:08:07] Using ID 'SAMEA3250476' for SAMEA3250476
[05:08:07] SAMEA3250476: found 1979 variants totalling 2081 bp in SAMEA3250476/snps.tab
[05:08:07] Using ID 'SAMEA2794315' for SAMEA2794315
[05:08:07] SAMEA2794315: found 1122 variants totalling 1203 bp in SAMEA2794315/snps.tab
[05:08:07] Using ID 'SAMEA2340919' for SAMEA2340919
[05:08:07] SAMEA2340919: found 2031 variants totalling 2148 bp in SAMEA2340919/snps.tab
[05:08:07] Using ID 'SAMEA3504598' for SAMEA3504598
[05:08:07] SAMEA3504598: found 2145 variants totalling 2326 bp in SAMEA3504598/snps.tab
[05:08:07] Using ID 'SAMEA2627026' for SAMEA2627026
[05:08:07] SAMEA2627026: found 2057 variants totalling 2170 bp in SAMEA2627026/snps.tab
[05:08:07] Using ID 'SAMEA1877132' for SAMEA1877132
[05:08:08] SAMEA1877132: found 2010 variants totalling 2103 bp in SAMEA1877132/snps.tab
[05:08:08] Using ID 'SAMEA2794336' for SAMEA2794336
[05:08:08] SAMEA2794336: found 2075 variants totalling 2180 bp in SAMEA2794336/snps.tab
[05:08:08] Using ID 'SAMEA3504623' for SAMEA3504623
[05:08:08] SAMEA3504623: found 2075 variants totalling 2223 bp in SAMEA3504623/snps.tab
[05:08:08] Using ID 'SAMEA3359896' for SAMEA3359896
[05:08:08] SAMEA3359896: found 2120 variants totalling 2288 bp in SAMEA3359896/snps.tab
[05:08:08] Using ID 'SAMEA1877150' for SAMEA1877150
[05:08:08] SAMEA1877150: found 2078 variants totalling 2190 bp in SAMEA1877150/snps.tab
[05:08:08] Using ID 'SAMEA3504621' for SAMEA3504621
[05:08:08] SAMEA3504621: found 2115 variants totalling 2281 bp in SAMEA3504621/snps.tab
[05:08:08] Using ID 'SAMEA2794343' for SAMEA2794343
[05:08:08] SAMEA2794343: found 2209 variants totalling 2331 bp in SAMEA2794343/snps.tab
[05:08:08] Using ID 'SAMEA1877169' for SAMEA1877169
[05:08:08] SAMEA1877169: found 1985 variants totalling 2081 bp in SAMEA1877169/snps.tab
[05:08:08] Using ID 'SAMEA2794346' for SAMEA2794346
[05:08:09] SAMEA2794346: found 2066 variants totalling 2180 bp in SAMEA2794346/snps.tab
[05:08:09] Using ID 'SAMEA2794334' for SAMEA2794334
[05:08:09] SAMEA2794334: found 2065 variants totalling 2173 bp in SAMEA2794334/snps.tab
[05:08:09] Using ID 'SAMEA2794358' for SAMEA2794358
[05:08:09] SAMEA2794358: found 2093 variants totalling 2211 bp in SAMEA2794358/snps.tab
[05:08:09] Using ID 'SAMEA1877152' for SAMEA1877152
[05:08:09] SAMEA1877152: found 1842 variants totalling 1931 bp in SAMEA1877152/snps.tab
[05:08:09] Using ID 'SAMEA2627027' for SAMEA2627027
[05:08:09] SAMEA2627027: found 2204 variants totalling 2332 bp in SAMEA2627027/snps.tab
[05:08:09] Using ID 'SAMN11492960_MAFBRA00707' for SAMN11492960_MAFBRA00707
[05:08:09] SAMN11492960_MAFBRA00707: found 2122 variants totalling 2265 bp in SAMN11492960_MAFBRA00707/snps.tab
[05:08:09] Using ID 'SAMEA2627032' for SAMEA2627032
[05:08:09] SAMEA2627032: found 2081 variants totalling 2203 bp in SAMEA2627032/snps.tab
[05:08:09] Using ID 'SAMEA3504609' for SAMEA3504609
[05:08:09] SAMEA3504609: found 2102 variants totalling 2262 bp in SAMEA3504609/snps.tab
[05:08:09] Using ID 'SAMEA3504613' for SAMEA3504613
[05:08:09] SAMEA3504613: found 2085 variants totalling 2227 bp in SAMEA3504613/snps.tab
[05:08:09] Using ID 'SAMEA2794371' for SAMEA2794371
[05:08:10] SAMEA2794371: found 2056 variants totalling 2185 bp in SAMEA2794371/snps.tab
[05:08:10] Using ID 'SAMEA3504603' for SAMEA3504603
[05:08:10] SAMEA3504603: found 2110 variants totalling 2233 bp in SAMEA3504603/snps.tab
[05:08:10] Using ID 'SAMEA2627030' for SAMEA2627030
[05:08:10] SAMEA2627030: found 2258 variants totalling 2361 bp in SAMEA2627030/snps.tab
[05:08:10] Using ID 'SAMEA2340937' for SAMEA2340937
[05:08:10] SAMEA2340937: found 2351 variants totalling 2502 bp in SAMEA2340937/snps.tab
[05:08:10] Using ID 'SAMEA2794368' for SAMEA2794368
[05:08:10] SAMEA2794368: found 2072 variants totalling 2198 bp in SAMEA2794368/snps.tab
[05:08:10] Using ID 'SAMEA2340921' for SAMEA2340921
[05:08:10] SAMEA2340921: found 2150 variants totalling 2257 bp in SAMEA2340921/snps.tab
[05:08:10] Using ID 'SAMEA2340942' for SAMEA2340942
[05:08:10] SAMEA2340942: found 2184 variants totalling 2289 bp in SAMEA2340942/snps.tab
[05:08:10] Using ID 'SAMEA2340911' for SAMEA2340911
[05:08:10] SAMEA2340911: found 533 variants totalling 559 bp in SAMEA2340911/snps.tab
[05:08:10] Using ID 'SAMEA3504596' for SAMEA3504596
[05:08:10] SAMEA3504596: found 2104 variants totalling 2261 bp in SAMEA3504596/snps.tab
[05:08:10] Using ID 'SAMEA2794330' for SAMEA2794330
[05:08:10] SAMEA2794330: found 2097 variants totalling 2227 bp in SAMEA2794330/snps.tab
[05:08:10] Using ID 'SAMEA1877187' for SAMEA1877187
[05:08:11] SAMEA1877187: found 2001 variants totalling 2093 bp in SAMEA1877187/snps.tab
[05:08:11] Using ID 'SAMEA2794362' for SAMEA2794362
[05:08:11] SAMEA2794362: found 2045 variants totalling 2162 bp in SAMEA2794362/snps.tab
[05:08:11] Using ID 'SAMEA2627023' for SAMEA2627023
[05:08:11] SAMEA2627023: found 2070 variants totalling 2197 bp in SAMEA2627023/snps.tab
[05:08:11] Using ID 'SAMEA3359868' for SAMEA3359868
[05:08:11] SAMEA3359868: found 2197 variants totalling 2331 bp in SAMEA3359868/snps.tab
[05:08:11] Using ID 'SAMEA3504624' for SAMEA3504624
[05:08:11] SAMEA3504624: found 2088 variants totalling 2241 bp in SAMEA3504624/snps.tab
[05:08:11] Using ID 'SAMEA3359880' for SAMEA3359880
[05:08:11] SAMEA3359880: found 2099 variants totalling 2240 bp in SAMEA3359880/snps.tab
[05:08:11] Using ID 'SAMEA3359908' for SAMEA3359908
[05:08:11] SAMEA3359908: found 2071 variants totalling 2196 bp in SAMEA3359908/snps.tab
[05:08:11] Using ID 'SAMEA3359866' for SAMEA3359866
[05:08:11] SAMEA3359866: found 2200 variants totalling 2317 bp in SAMEA3359866/snps.tab
[05:08:11] Using ID 'SAMEA2627038' for SAMEA2627038
[05:08:11] SAMEA2627038: found 2073 variants totalling 2213 bp in SAMEA2627038/snps.tab
[05:08:11] Using ID 'SAMEA1877073' for SAMEA1877073
[05:08:12] SAMEA1877073: found 1957 variants totalling 2079 bp in SAMEA1877073/snps.tab
[05:08:12] Using ID 'SAMEA2794322' for SAMEA2794322
[05:08:12] SAMEA2794322: found 642 variants totalling 688 bp in SAMEA2794322/snps.tab
[05:08:12] Using ID 'SAMEA2794345' for SAMEA2794345
[05:08:12] SAMEA2794345: found 2066 variants totalling 2197 bp in SAMEA2794345/snps.tab
[05:08:12] Using ID 'SAMEA2627035' for SAMEA2627035
[05:08:12] SAMEA2627035: found 2090 variants totalling 2212 bp in SAMEA2627035/snps.tab
[05:08:12] Using ID 'SAMEA2627041' for SAMEA2627041
[05:08:12] SAMEA2627041: found 2185 variants totalling 2290 bp in SAMEA2627041/snps.tab
[05:08:12] Using ID 'SAMEA2794329' for SAMEA2794329
[05:08:12] SAMEA2794329: found 2074 variants totalling 2197 bp in SAMEA2794329/snps.tab
[05:08:12] Using ID 'SAMEA3359875' for SAMEA3359875
[05:08:12] SAMEA3359875: found 2069 variants totalling 2221 bp in SAMEA3359875/snps.tab
[05:08:12] Using ID 'SAMEA1877098' for SAMEA1877098
[05:08:12] SAMEA1877098: found 1981 variants totalling 2083 bp in SAMEA1877098/snps.tab
[05:08:12] Using ID 'SAMEA2794316' for SAMEA2794316
[05:08:13] SAMEA2794316: found 2175 variants totalling 2273 bp in SAMEA2794316/snps.tab
[05:08:13] Using ID 'SAMEA2340938' for SAMEA2340938
[05:08:13] SAMEA2340938: found 2182 variants totalling 2290 bp in SAMEA2340938/snps.tab
[05:08:13] Loaded 242 SNP tables.
[05:08:13] Including 'Reference' in results.
[05:08:13] Will write alignment statistics to core.txt
[05:08:13] Loading pre-masked/aligned sequences...
[05:08:13] 1/242	SAMEA104358365 coverage 4287888/4411532 = 97.20%
[05:08:14] 2/242	SAMEA1877073 coverage 4313340/4411532 = 97.77%
[05:08:14] 3/242	SAMEA1877098 coverage 4322635/4411532 = 97.98%
[05:08:15] 4/242	SAMEA1877101 coverage 4293139/4411532 = 97.32%
[05:08:16] 5/242	SAMEA1877109 coverage 4236412/4411532 = 96.03%
[05:08:16] 6/242	SAMEA1877112_L1 coverage 4342205/4411532 = 98.43%
[05:08:17] 7/242	SAMEA1877117 coverage 4340559/4411532 = 98.39%
[05:08:17] 8/242	SAMEA1877126 coverage 4244088/4411532 = 96.20%
[05:08:18] 9/242	SAMEA1877132 coverage 4365908/4411532 = 98.97%
[05:08:18] 10/242	SAMEA1877136 coverage 4361343/4411532 = 98.86%
[05:08:19] 11/242	SAMEA1877139 coverage 4368141/4411532 = 99.02%
[05:08:19] 12/242	SAMEA1877142 coverage 4226969/4411532 = 95.82%
[05:08:20] 13/242	SAMEA1877150 coverage 4276155/4411532 = 96.93%
[05:08:20] 14/242	SAMEA1877150_L6 coverage 4276155/4411532 = 96.93%
[05:08:21] 15/242	SAMEA1877152 coverage 4075876/4411532 = 92.39%
[05:08:21] 16/242	SAMEA1877165 coverage 4267861/4411532 = 96.74%
[05:08:21] 17/242	SAMEA1877169 coverage 4298818/4411532 = 97.45%
[05:08:22] 18/242	SAMEA1877169_L5 coverage 4298818/4411532 = 97.45%
[05:08:23] 19/242	SAMEA1877177 coverage 4290374/4411532 = 97.25%
[05:08:23] 20/242	SAMEA1877181_L3 coverage 4395826/4411532 = 99.64%
[05:08:24] 21/242	SAMEA1877187 coverage 4329462/4411532 = 98.14%
[05:08:24] 22/242	SAMEA1877190 coverage 4343952/4411532 = 98.47%
[05:08:25] 23/242	SAMEA1877206 coverage 4194642/4411532 = 95.08%
[05:08:25] 24/242	SAMEA1877207 coverage 4292445/4411532 = 97.30%
[05:08:26] 25/242	SAMEA1877219_L2 coverage 4313248/4411532 = 97.77%
[05:08:26] 26/242	SAMEA1877227 coverage 4321790/4411532 = 97.97%
[05:08:27] 27/242	SAMEA1877229 coverage 4290239/4411532 = 97.25%
[05:08:27] 28/242	SAMEA1877233 coverage 4292389/4411532 = 97.30%
[05:08:28] 29/242	SAMEA1877237 coverage 4288807/4411532 = 97.22%
[05:08:29] 30/242	SAMEA1877266_L4 coverage 4339497/4411532 = 98.37%
[05:08:29] 31/242	SAMEA1877285 coverage 4291366/4411532 = 97.28%
[05:08:29] 32/242	SAMEA2340874 coverage 4048607/4411532 = 91.77%
[05:08:30] 33/242	SAMEA2340876 coverage 4379915/4411532 = 99.28%
[05:08:31] 34/242	SAMEA2340880 coverage 4385578/4411532 = 99.41%
[05:08:31] 35/242	SAMEA2340881 coverage 4385557/4411532 = 99.41%
[05:08:32] 36/242	SAMEA2340882 coverage 4383293/4411532 = 99.36%
[05:08:32] 37/242	SAMEA2340887 coverage 4348610/4411532 = 98.57%
[05:08:33] 38/242	SAMEA2340894 coverage 4376089/4411532 = 99.20%
[05:08:34] 39/242	SAMEA2340895 coverage 4371714/4411532 = 99.10%
[05:08:34] 40/242	SAMEA2340898 coverage 4383576/4411532 = 99.37%
[05:08:35] 41/242	SAMEA2340901 coverage 4376124/4411532 = 99.20%
[05:08:35] 42/242	SAMEA2340902 coverage 4379491/4411532 = 99.27%
[05:08:36] 43/242	SAMEA2340906 coverage 4309001/4411532 = 97.68%
[05:08:36] 44/242	SAMEA2340907 coverage 4378112/4411532 = 99.24%
[05:08:37] 45/242	SAMEA2340908 coverage 4358292/4411532 = 98.79%
[05:08:37] 46/242	SAMEA2340909 coverage 4373931/4411532 = 99.15%
[05:08:38] 47/242	SAMEA2340910 coverage 4357546/4411532 = 98.78%
[05:08:38] 48/242	SAMEA2340911 coverage 4401113/4411532 = 99.76%
[05:08:39] 49/242	SAMEA2340912 coverage 4378300/4411532 = 99.25%
[05:08:40] 50/242	SAMEA2340913 coverage 4361512/4411532 = 98.87%
[05:08:40] 51/242	SAMEA2340914 coverage 4351261/4411532 = 98.63%
[05:08:41] 52/242	SAMEA2340915 coverage 4385680/4411532 = 99.41%
[05:08:42] 53/242	SAMEA2340916 coverage 4385884/4411532 = 99.42%
[05:08:42] 54/242	SAMEA2340919 coverage 4358525/4411532 = 98.80%
[05:08:43] 55/242	SAMEA2340920 coverage 4364911/4411532 = 98.94%
[05:08:44] 56/242	SAMEA2340921 coverage 4361283/4411532 = 98.86%
[05:08:44] 57/242	SAMEA2340922 coverage 4378738/4411532 = 99.26%
[05:08:45] 58/242	SAMEA2340923 coverage 4356464/4411532 = 98.75%
[05:08:45] 59/242	SAMEA2340926 coverage 4362793/4411532 = 98.90%
[05:08:46] 60/242	SAMEA2340927 coverage 4366294/4411532 = 98.97%
[05:08:46] 61/242	SAMEA2340928 coverage 4377734/4411532 = 99.23%
[05:08:47] 62/242	SAMEA2340929 coverage 4366387/4411532 = 98.98%
[05:08:47] 63/242	SAMEA2340930 coverage 4358467/4411532 = 98.80%
[05:08:48] 64/242	SAMEA2340931 coverage 4358978/4411532 = 98.81%
[05:08:48] 65/242	SAMEA2340935 coverage 4362223/4411532 = 98.88%
[05:08:49] 66/242	SAMEA2340936 coverage 4358283/4411532 = 98.79%
[05:08:50] 67/242	SAMEA2340937 coverage 4304107/4411532 = 97.56%
[05:08:50] 68/242	SAMEA2340938 coverage 4349318/4411532 = 98.59%
[05:08:51] 69/242	SAMEA2340941 coverage 4358952/4411532 = 98.81%
[05:08:51] 70/242	SAMEA2340942 coverage 4355473/4411532 = 98.73%
[05:08:52] 71/242	SAMEA2340945 coverage 4395527/4411532 = 99.64%
[05:08:52] 72/242	SAMEA2340946 coverage 4368095/4411532 = 99.02%
[05:08:53] 73/242	SAMEA2340947 coverage 4356034/4411532 = 98.74%
[05:08:53] 74/242	SAMEA2340948 coverage 4304805/4411532 = 97.58%
[05:08:54] 75/242	SAMEA2534695 coverage 4280173/4411532 = 97.02%
[05:08:55] 76/242	SAMEA2534751 coverage 4249789/4411532 = 96.33%
[05:08:55] 77/242	SAMEA2535035 coverage 4264517/4411532 = 96.67%
[05:08:55] 78/242	SAMEA2627005 coverage 4385071/4411532 = 99.40%
[05:08:56] 79/242	SAMEA2627007 coverage 4361335/4411532 = 98.86%
[05:08:57] 80/242	SAMEA2627008 coverage 4376895/4411532 = 99.21%
[05:08:57] 81/242	SAMEA2627009 coverage 4375482/4411532 = 99.18%
[05:08:58] 82/242	SAMEA2627013 coverage 4385834/4411532 = 99.42%
[05:08:59] 83/242	SAMEA2627014 coverage 4366167/4411532 = 98.97%
[05:08:59] 84/242	SAMEA2627015 coverage 4377820/4411532 = 99.24%
[05:09:00] 85/242	SAMEA2627016 coverage 4385293/4411532 = 99.41%
[05:09:01] 86/242	SAMEA2627017 coverage 4376118/4411532 = 99.20%
[05:09:01] 87/242	SAMEA2627018 coverage 4355608/4411532 = 98.73%
[05:09:02] 88/242	SAMEA2627019 coverage 4385657/4411532 = 99.41%
[05:09:02] 89/242	SAMEA2627020 coverage 4383967/4411532 = 99.38%
[05:09:03] 90/242	SAMEA2627021 coverage 4367808/4411532 = 99.01%
[05:09:03] 91/242	SAMEA2627022 coverage 4383897/4411532 = 99.37%
[05:09:04] 92/242	SAMEA2627023 coverage 4384242/4411532 = 99.38%
[05:09:04] 93/242	SAMEA2627024 coverage 4385388/4411532 = 99.41%
[05:09:05] 94/242	SAMEA2627025 coverage 4385375/4411532 = 99.41%
[05:09:06] 95/242	SAMEA2627026 coverage 4378714/4411532 = 99.26%
[05:09:06] 96/242	SAMEA2627027 coverage 4358935/4411532 = 98.81%
[05:09:07] 97/242	SAMEA2627028 coverage 4384576/4411532 = 99.39%
[05:09:07] 98/242	SAMEA2627029 coverage 4354285/4411532 = 98.70%
[05:09:08] 99/242	SAMEA2627030 coverage 4359370/4411532 = 98.82%
[05:09:08] 100/242	SAMEA2627031 coverage 4353257/4411532 = 98.68%
[05:09:09] 101/242	SAMEA2627032 coverage 4385175/4411532 = 99.40%
[05:09:09] 102/242	SAMEA2627033 coverage 4401512/4411532 = 99.77%
[05:09:10] 103/242	SAMEA2627035 coverage 4381493/4411532 = 99.32%
[05:09:10] 104/242	SAMEA2627037 coverage 4385133/4411532 = 99.40%
[05:09:11] 105/242	SAMEA2627038 coverage 4368155/4411532 = 99.02%
[05:09:11] 106/242	SAMEA2627039 coverage 4378024/4411532 = 99.24%
[05:09:12] 107/242	SAMEA2627040 coverage 4385696/4411532 = 99.41%
[05:09:12] 108/242	SAMEA2627041 coverage 4358439/4411532 = 98.80%
[05:09:13] 109/242	SAMEA2627042 coverage 4355304/4411532 = 98.73%
[05:09:13] 110/242	SAMEA2627043 coverage 4383969/4411532 = 99.38%
[05:09:13] 111/242	SAMEA2627044 coverage 4380162/4411532 = 99.29%
[05:09:14] 112/242	SAMEA2794312 coverage 4389469/4411532 = 99.50%
[05:09:15] 113/242	SAMEA2794313 coverage 4389687/4411532 = 99.50%
[05:09:15] 114/242	SAMEA2794314 coverage 4398546/4411532 = 99.71%
[05:09:16] 115/242	SAMEA2794315 coverage 4405928/4411532 = 99.87%
[05:09:16] 116/242	SAMEA2794316 coverage 4357843/4411532 = 98.78%
[05:09:17] 117/242	SAMEA2794317 coverage 4368291/4411532 = 99.02%
[05:09:17] 118/242	SAMEA2794318 coverage 4355632/4411532 = 98.73%
[05:09:18] 119/242	SAMEA2794319 coverage 4361254/4411532 = 98.86%
[05:09:18] 120/242	SAMEA2794320 coverage 4385671/4411532 = 99.41%
[05:09:19] 121/242	SAMEA2794321 coverage 4385028/4411532 = 99.40%
[05:09:19] 122/242	SAMEA2794322 coverage 4407548/4411532 = 99.91%
[05:09:20] 123/242	SAMEA2794323 coverage 4386098/4411532 = 99.42%
[05:09:20] 124/242	SAMEA2794324 coverage 4378692/4411532 = 99.26%
[05:09:21] 125/242	SAMEA2794325 coverage 4385340/4411532 = 99.41%
[05:09:21] 126/242	SAMEA2794326 coverage 4376705/4411532 = 99.21%
[05:09:22] 127/242	SAMEA2794327 coverage 4376597/4411532 = 99.21%
[05:09:22] 128/242	SAMEA2794328 coverage 4356456/4411532 = 98.75%
[05:09:23] 129/242	SAMEA2794329 coverage 4385235/4411532 = 99.40%
[05:09:23] 130/242	SAMEA2794330 coverage 4384739/4411532 = 99.39%
[05:09:24] 131/242	SAMEA2794331 coverage 4359190/4411532 = 98.81%
[05:09:24] 132/242	SAMEA2794332 coverage 4380536/4411532 = 99.30%
[05:09:25] 133/242	SAMEA2794333 coverage 4387614/4411532 = 99.46%
[05:09:25] 134/242	SAMEA2794334 coverage 4392901/4411532 = 99.58%
[05:09:26] 135/242	SAMEA2794335 coverage 4381803/4411532 = 99.33%
[05:09:27] 136/242	SAMEA2794336 coverage 4368928/4411532 = 99.03%
[05:09:27] 137/242	SAMEA2794337 coverage 4383440/4411532 = 99.36%
[05:09:28] 138/242	SAMEA2794338 coverage 4376157/4411532 = 99.20%
[05:09:28] 139/242	SAMEA2794341 coverage 4385934/4411532 = 99.42%
[05:09:29] 140/242	SAMEA2794342 coverage 4355551/4411532 = 98.73%
[05:09:29] 141/242	SAMEA2794343 coverage 4359842/4411532 = 98.83%
[05:09:30] 142/242	SAMEA2794344 coverage 4386414/4411532 = 99.43%
[05:09:30] 143/242	SAMEA2794345 coverage 4379612/4411532 = 99.28%
[05:09:31] 144/242	SAMEA2794346 coverage 4355240/4411532 = 98.72%
[05:09:31] 145/242	SAMEA2794349 coverage 4384795/4411532 = 99.39%
[05:09:32] 146/242	SAMEA2794350 coverage 4384963/4411532 = 99.40%
[05:09:32] 147/242	SAMEA2794351 coverage 4373804/4411532 = 99.14%
[05:09:33] 148/242	SAMEA2794352 coverage 4372147/4411532 = 99.11%
[05:09:33] 149/242	SAMEA2794353 coverage 4359304/4411532 = 98.82%
[05:09:34] 150/242	SAMEA2794354 coverage 4360846/4411532 = 98.85%
[05:09:34] 151/242	SAMEA2794355 coverage 4387346/4411532 = 99.45%
[05:09:34] 152/242	SAMEA2794357 coverage 4377833/4411532 = 99.24%
[05:09:35] 153/242	SAMEA2794358 coverage 4379736/4411532 = 99.28%
[05:09:36] 154/242	SAMEA2794359 coverage 4383401/4411532 = 99.36%
[05:09:36] 155/242	SAMEA2794360 coverage 4375514/4411532 = 99.18%
[05:09:37] 156/242	SAMEA2794361 coverage 4373547/4411532 = 99.14%
[05:09:37] 157/242	SAMEA2794362 coverage 4382719/4411532 = 99.35%
[05:09:38] 158/242	SAMEA2794363 coverage 4400557/4411532 = 99.75%
[05:09:38] 159/242	SAMEA2794364 coverage 4353707/4411532 = 98.69%
[05:09:39] 160/242	SAMEA2794365 coverage 4358990/4411532 = 98.81%
[05:09:39] 161/242	SAMEA2794366 coverage 4385024/4411532 = 99.40%
[05:09:40] 162/242	SAMEA2794367 coverage 4368011/4411532 = 99.01%
[05:09:41] 163/242	SAMEA2794368 coverage 4384923/4411532 = 99.40%
[05:09:41] 164/242	SAMEA2794369 coverage 4366315/4411532 = 98.98%
[05:09:42] 165/242	SAMEA2794371 coverage 4366901/4411532 = 98.99%
[05:09:43] 166/242	SAMEA3246143 coverage 4370188/4411532 = 99.06%
[05:09:43] 167/242	SAMEA3246143_L7 coverage 4370188/4411532 = 99.06%
[05:09:44] 168/242	SAMEA3250476 coverage 4350947/4411532 = 98.63%
[05:09:44] 169/242	SAMEA3250477 coverage 4343247/4411532 = 98.45%
[05:09:45] 170/242	SAMEA3250478 coverage 4356665/4411532 = 98.76%
[05:09:45] 171/242	SAMEA3250479 coverage 4362345/4411532 = 98.89%
[05:09:46] 172/242	SAMEA3359865 coverage 4360010/4411532 = 98.83%
[05:09:47] 173/242	SAMEA3359866 coverage 4358467/4411532 = 98.80%
[05:09:47] 174/242	SAMEA3359867 coverage 4386065/4411532 = 99.42%
[05:09:48] 175/242	SAMEA3359868 coverage 4359961/4411532 = 98.83%
[05:09:48] 176/242	SAMEA3359869 coverage 4378374/4411532 = 99.25%
[05:09:49] 177/242	SAMEA3359871 coverage 4380822/4411532 = 99.30%
[05:09:49] 178/242	SAMEA3359872 coverage 4385266/4411532 = 99.40%
[05:09:50] 179/242	SAMEA3359874 coverage 4384465/4411532 = 99.39%
[05:09:50] 180/242	SAMEA3359875 coverage 4383643/4411532 = 99.37%
[05:09:51] 181/242	SAMEA3359876 coverage 4388958/4411532 = 99.49%
[05:09:51] 182/242	SAMEA3359877 coverage 4384161/4411532 = 99.38%
[05:09:52] 183/242	SAMEA3359878 coverage 4337227/4411532 = 98.32%
[05:09:52] 184/242	SAMEA3359879 coverage 4356976/4411532 = 98.76%
[05:09:53] 185/242	SAMEA3359880 coverage 4381635/4411532 = 99.32%
[05:09:53] 186/242	SAMEA3359881 coverage 4382477/4411532 = 99.34%
[05:09:54] 187/242	SAMEA3359882 coverage 4381597/4411532 = 99.32%
[05:09:54] 188/242	SAMEA3359884 coverage 4385747/4411532 = 99.42%
[05:09:55] 189/242	SAMEA3359885 coverage 4383911/4411532 = 99.37%
[05:09:56] 190/242	SAMEA3359886 coverage 4382219/4411532 = 99.34%
[05:09:56] 191/242	SAMEA3359887 coverage 4385093/4411532 = 99.40%
[05:09:57] 192/242	SAMEA3359888 coverage 4351407/4411532 = 98.64%
[05:09:57] 193/242	SAMEA3359890 coverage 4368337/4411532 = 99.02%
[05:09:58] 194/242	SAMEA3359891 coverage 4366099/4411532 = 98.97%
[05:09:58] 195/242	SAMEA3359894 coverage 4357904/4411532 = 98.78%
[05:09:59] 196/242	SAMEA3359895 coverage 4366305/4411532 = 98.97%
[05:10:00] 197/242	SAMEA3359896 coverage 4382793/4411532 = 99.35%
[05:10:00] 198/242	SAMEA3359897 coverage 4378102/4411532 = 99.24%
[05:10:01] 199/242	SAMEA3359898 coverage 4360607/4411532 = 98.85%
[05:10:02] 200/242	SAMEA3359899 coverage 4381246/4411532 = 99.31%
[05:10:03] 201/242	SAMEA3359901 coverage 4368645/4411532 = 99.03%
[05:10:03] 202/242	SAMEA3359902 coverage 4358648/4411532 = 98.80%
[05:10:04] 203/242	SAMEA3359903 coverage 4374540/4411532 = 99.16%
[05:10:04] 204/242	SAMEA3359904 coverage 4359434/4411532 = 98.82%
[05:10:05] 205/242	SAMEA3359905 coverage 4375030/4411532 = 99.17%
[05:10:05] 206/242	SAMEA3359906 coverage 4381241/4411532 = 99.31%
[05:10:06] 207/242	SAMEA3359908 coverage 4378739/4411532 = 99.26%
[05:10:06] 208/242	SAMEA3359909 coverage 4379906/4411532 = 99.28%
[05:10:07] 209/242	SAMEA3359910 coverage 4360997/4411532 = 98.85%
[05:10:08] 210/242	SAMEA3359912 coverage 4375484/4411532 = 99.18%
[05:10:08] 211/242	SAMEA3359914 coverage 4385748/4411532 = 99.42%
[05:10:09] 212/242	SAMEA3359915 coverage 4378453/4411532 = 99.25%
[05:10:10] 213/242	SAMEA3359916 coverage 4385058/4411532 = 99.40%
[05:10:10] 214/242	SAMEA3504595 coverage 4350079/4411532 = 98.61%
[05:10:11] 215/242	SAMEA3504596 coverage 4365938/4411532 = 98.97%
[05:10:11] 216/242	SAMEA3504597 coverage 4373356/4411532 = 99.13%
[05:10:12] 217/242	SAMEA3504598 coverage 4385339/4411532 = 99.41%
[05:10:12] 218/242	SAMEA3504599 coverage 4381624/4411532 = 99.32%
[05:10:13] 219/242	SAMEA3504600 coverage 4382014/4411532 = 99.33%
[05:10:14] 220/242	SAMEA3504601 coverage 4383727/4411532 = 99.37%
[05:10:14] 221/242	SAMEA3504602 coverage 4380789/4411532 = 99.30%
[05:10:15] 222/242	SAMEA3504603 coverage 4378520/4411532 = 99.25%
[05:10:15] 223/242	SAMEA3504604 coverage 4373762/4411532 = 99.14%
[05:10:16] 224/242	SAMEA3504605 coverage 4381957/4411532 = 99.33%
[05:10:17] 225/242	SAMEA3504606 coverage 4383289/4411532 = 99.36%
[05:10:17] 226/242	SAMEA3504607 coverage 4354992/4411532 = 98.72%
[05:10:18] 227/242	SAMEA3504609 coverage 4367192/4411532 = 98.99%
[05:10:18] 228/242	SAMEA3504610 coverage 4384868/4411532 = 99.40%
[05:10:19] 229/242	SAMEA3504611 coverage 4382200/4411532 = 99.34%
[05:10:19] 230/242	SAMEA3504612 coverage 4385224/4411532 = 99.40%
[05:10:20] 231/242	SAMEA3504613 coverage 4368365/4411532 = 99.02%
[05:10:20] 232/242	SAMEA3504614 coverage 4385409/4411532 = 99.41%
[05:10:21] 233/242	SAMEA3504615 coverage 4357916/4411532 = 98.78%
[05:10:22] 234/242	SAMEA3504620 coverage 4394677/4411532 = 99.62%
[05:10:22] 235/242	SAMEA3504621 coverage 4377701/4411532 = 99.23%
[05:10:23] 236/242	SAMEA3504622 coverage 4360634/4411532 = 98.85%
[05:10:23] 237/242	SAMEA3504623 coverage 4367868/4411532 = 99.01%
[05:10:24] 238/242	SAMEA3504624 coverage 4367695/4411532 = 99.01%
[05:10:24] 239/242	SAMEA3504625 coverage 4357469/4411532 = 98.77%
[05:10:25] 240/242	SAMEA3905803_MC coverage 4272878/4411532 = 96.86%
[05:10:25] 241/242	SAMN04479830_UT307 coverage 4360391/4411532 = 98.84%
[05:10:26] 242/242	SAMN11492960_MAFBRA00707 coverage 4327356/4411532 = 98.09%
[05:10:26] Patching variant sites into whole genome alignment...
[05:10:46] Constructing alignment object for core.full.aln
[05:11:17] Writing 'fasta' alignment to core.full.aln
[05:13:32] Writing core SNP table
[05:14:23] Found 39387 core SNPs from 56780 variant sites.
[05:14:23] Saved SNP table: core.tab
[05:14:23] Constructing alignment object for core.aln
[05:14:23] Writing 'fasta' alignment to core.aln
[05:14:25] Done.
vagrant ssh -c "cd /vagrant/africanum_analysis/lab/ && snippy-core   SAMEA2794328 SAMEA2627005 SAMEA2794363 SAMEA104358365 SAMEA2340948 SAMEA2794369 SAMEA3359865 SAMEA3359891 SAMEA2340908 SAMEA1877136 SAMEA2794361 SAMEA3359890 SAMEA2794332 SAMEA3359895 SAMEA2627008 SAMEA2627009 SAMEA2794349 SAMEA2794335 SAMEA2794314 SAMEA2340902 SAMEA2340906 SAMEA2340927 SAMEA3359879 SAMEA2627007 SAMEA1877266_L4 SAMEA2340895 SAMEA2794367 SAMEA3359904 SAMEA2534751 SAMEA2627028 SAMEA3246143_L7 SAMEA3504606 SAMEA2340882 SAMEA3359902 SAMEA1877150_L6 SAMEA2340916 SAMEA3359899 SAMEA2794350 SAMEA3359903 SAMEA2794327 SAMEA2794342 SAMEA2794364 SAMEA3359884 SAMEA2627040 SAMEA1877139 SAMEA2794323 SAMEA3504614 SAMEA2794312 SAMEA3246143 SAMEA2340922 SAMEA3359871 SAMEA3504600 SAMEA1877109 SAMEA2340928 SAMEA3504595 SAMEA3250477 SAMEA2627015 SAMEA2794354 SAMEA3359872 SAMEA3359886 SAMEA2794341 SAMEA2627018 SAMEA3359874 SAMEA1877229 SAMEA3504602 SAMEA2340912 SAMEA3359894 SAMEA2794324 SAMEA2340914 SAMEA2627043 SAMEA3359910 SAMEA2340881 SAMEA3359877 SAMEA2340913 SAMEA2534695 SAMEA2535035 SAMEA2627021 SAMEA2794326 SAMEA2794351 SAMEA3504615 SAMEA3359867 SAMEA3359869 SAMEA3504607 SAMEA2794366 SAMEA3359916 SAMEA3250478 SAMEA2794319 SAMEA3359912 SAMEA2340898 SAMEA1877190 SAMEA2627019 SAMEA2340946 SAMEA3504597 SAMEA1877169_L5 SAMEA2340931 SAMEA3359909 SAMEA2340876 SAMEA2340930 SAMEA2627024 SAMEA3359901 SAMEA1877219_L2 SAMEA2340945 SAMEA1877177 SAMEA2627042 SAMEA2627044 SAMEA2627031 SAMEA2794353 SAMEA2627020 SAMEA2340926 SAMEA3359897 SAMEA1877117 SAMEA2794337 SAMEA3359878 SAMEA3504610 SAMEA3359915 SAMEA2340915 SAMEA2340880 SAMEA1877126 SAMN04479830_UT307 SAMEA3359898 SAMEA2340941 SAMEA2794321 SAMEA2340907 SAMEA2627039 SAMEA3504612 SAMEA3504611 SAMEA2627025 SAMEA2340887 SAMEA3359905 SAMEA3359876 SAMEA3359906 SAMEA3504601 SAMEA3504599 SAMEA2627033 SAMEA2794365 SAMEA2627017 SAMEA2340929 SAMEA2627013 SAMEA2794325 SAMEA1877112_L1 SAMEA2627022 SAMEA3504625 SAMEA2794331 SAMEA2340910 SAMEA2794360 SAMEA2340909 SAMEA1877181_L3 SAMEA1877206 SAMEA3359881 SAMEA2340901 SAMEA3359888 SAMEA1877237 SAMEA2794313 SAMEA2340874 SAMEA2794352 SAMEA1877285 SAMEA2340920 SAMEA2340947 SAMEA2627014 SAMEA2340936 SAMEA1877207 SAMEA1877165 SAMEA2340923 SAMEA2794357 SAMEA1877227 SAMEA2340894 SAMEA3504605 SAMEA2794338 SAMEA2794359 SAMEA2794320 SAMEA2794318 SAMEA1877142 SAMEA1877233 SAMEA3359882 SAMEA3504622 SAMEA2627016 SAMEA2794333 SAMEA3359885 SAMEA3359887 SAMEA2794355 SAMEA2794344 SAMEA3359914 SAMEA2627029 SAMEA3504604 SAMEA3504620 SAMEA3250479 SAMEA1877101 SAMEA3905803_MC SAMEA2794317 SAMEA2627037 SAMEA2340935 SAMEA3250476 SAMEA2794315 SAMEA2340919 SAMEA3504598 SAMEA2627026 SAMEA1877132 SAMEA2794336 SAMEA3504623 SAMEA3359896 SAMEA1877150 SAMEA3504621 SAMEA2794343 SAMEA1877169 SAMEA2794346 SAMEA2794334 SAMEA2794358 SAMEA1877152 SAMEA2627027 SAMN11492960_MAFBRA00707 SAMEA2627032 SAMEA3504609 SAMEA3504613 SAMEA2794371 SAMEA3504603 SAMEA2627030 SAMEA2340937 SAMEA2794368 SAMEA2340921 SAMEA2340942 SAMEA2340911 SAMEA3504596 SAMEA2794330 SAMEA1877187 SAMEA2794362 SAMEA2627023 SAMEA3359868 SAMEA3504624 SAMEA3359880 SAMEA3359908 SAMEA3359866 SAMEA2627038 SAMEA1877073 SAMEA2794322 SAMEA2794345 SAMEA2627035 SAMEA2627041 SAMEA2794329 SAMEA3359875 SAMEA1877098 SAMEA2794316 SAMEA2340938"

 $$$$$$$$$$ 

