2019/05/30 17:34:25 DEBUG : rclone: Version "v1.36" starting with parameters ["rclone" "copy" "onedrive-em:africanum_analysis/lab/SAMEA1877266_L4_1.fastq.gz" "." "-vv"]
2019/05/30 17:34:26 INFO  : Local file system at /biodragon/vagrantBox/africanum_analysis/lab: Modify window is 1s
2019/05/30 17:34:27 INFO  : Local file system at /biodragon/vagrantBox/africanum_analysis/lab: Waiting for checks to finish
2019/05/30 17:34:27 INFO  : Local file system at /biodragon/vagrantBox/africanum_analysis/lab: Waiting for transfers to finish
2019/05/30 17:34:37 INFO  : SAMEA1877266_L4_1.fastq.gz: Copied (new)
2019/05/30 17:34:37 INFO  : 
Transferred:   166.194 MBytes (13.705 MBytes/s)
Errors:                 0
Checks:                 0
Transferred:            1
Elapsed time:       12.1s
2019/05/30 17:34:37 DEBUG : Go routines at exit 9
2019/05/30 17:34:37 DEBUG : rclone: Version "v1.36" finishing with parameters ["rclone" "copy" "onedrive-em:africanum_analysis/lab/SAMEA1877266_L4_1.fastq.gz" "." "-vv"]
2019/05/30 17:34:37 DEBUG : rclone: Version "v1.36" starting with parameters ["rclone" "copy" "onedrive-em:africanum_analysis/lab/SAMEA1877266_L4_2.fastq.gz" "." "-vv"]
2019/05/30 17:34:38 INFO  : Local file system at /biodragon/vagrantBox/africanum_analysis/lab: Modify window is 1s
2019/05/30 17:34:38 INFO  : Local file system at /biodragon/vagrantBox/africanum_analysis/lab: Waiting for checks to finish
2019/05/30 17:34:38 INFO  : Local file system at /biodragon/vagrantBox/africanum_analysis/lab: Waiting for transfers to finish
2019/05/30 17:34:46 INFO  : SAMEA1877266_L4_2.fastq.gz: Copied (new)
2019/05/30 17:34:46 INFO  : 
Transferred:   166.937 MBytes (18.761 MBytes/s)
Errors:                 0
Checks:                 0
Transferred:            1
Elapsed time:        8.8s
2019/05/30 17:34:46 DEBUG : Go routines at exit 9
2019/05/30 17:34:46 DEBUG : rclone: Version "v1.36" finishing with parameters ["rclone" "copy" "onedrive-em:africanum_analysis/lab/SAMEA1877266_L4_2.fastq.gz" "." "-vv"]
2019/05/30 17:34:46 DEBUG : rclone: Version "v1.36" starting with parameters ["rclone" "copy" "onedrive-em:africanum_analysis/lab/SAMEA1877285_1.fastq.gz" "." "-vv"]
2019/05/30 17:34:48 INFO  : Local file system at /biodragon/vagrantBox/africanum_analysis/lab: Modify window is 1s
2019/05/30 17:34:48 INFO  : Local file system at /biodragon/vagrantBox/africanum_analysis/lab: Waiting for checks to finish
2019/05/30 17:34:48 INFO  : Local file system at /biodragon/vagrantBox/africanum_analysis/lab: Waiting for transfers to finish
2019/05/30 17:35:02 INFO  : SAMEA1877285_1.fastq.gz: Copied (new)
2019/05/30 17:35:02 INFO  : 
Transferred:   349.324 MBytes (20.999 MBytes/s)
Errors:                 0
Checks:                 0
Transferred:            1
Elapsed time:       16.6s
2019/05/30 17:35:02 DEBUG : Go routines at exit 9
2019/05/30 17:35:02 DEBUG : rclone: Version "v1.36" finishing with parameters ["rclone" "copy" "onedrive-em:africanum_analysis/lab/SAMEA1877285_1.fastq.gz" "." "-vv"]
2019/05/30 17:35:02 DEBUG : rclone: Version "v1.36" starting with parameters ["rclone" "copy" "onedrive-em:africanum_analysis/lab/SAMEA1877285_2.fastq.gz" "." "-vv"]
2019/05/30 17:35:04 INFO  : Local file system at /biodragon/vagrantBox/africanum_analysis/lab: Modify window is 1s
2019/05/30 17:35:04 INFO  : Local file system at /biodragon/vagrantBox/africanum_analysis/lab: Waiting for checks to finish
2019/05/30 17:35:04 INFO  : Local file system at /biodragon/vagrantBox/africanum_analysis/lab: Waiting for transfers to finish
2019/05/30 17:35:23 INFO  : SAMEA1877285_2.fastq.gz: Copied (new)
2019/05/30 17:35:23 INFO  : 
Transferred:   352.947 MBytes (17.277 MBytes/s)
Errors:                 0
Checks:                 0
Transferred:            1
Elapsed time:       20.4s
2019/05/30 17:35:23 DEBUG : Go routines at exit 9
2019/05/30 17:35:23 DEBUG : rclone: Version "v1.36" finishing with parameters ["rclone" "copy" "onedrive-em:africanum_analysis/lab/SAMEA1877285_2.fastq.gz" "." "-vv"]
2019/05/30 17:35:23 DEBUG : rclone: Version "v1.36" starting with parameters ["rclone" "copy" "onedrive-em:africanum_analysis/lab/SAMEA2340874_1.fastq.gz" "." "-vv"]
2019/05/30 17:35:25 INFO  : Local file system at /biodragon/vagrantBox/africanum_analysis/lab: Modify window is 1s
2019/05/30 17:35:25 INFO  : Local file system at /biodragon/vagrantBox/africanum_analysis/lab: Waiting for checks to finish
2019/05/30 17:35:25 INFO  : Local file system at /biodragon/vagrantBox/africanum_analysis/lab: Waiting for transfers to finish
2019/05/30 17:35:31 INFO  : SAMEA2340874_1.fastq.gz: Copied (new)
2019/05/30 17:35:31 INFO  : 
Transferred:   36.588 MBytes (4.338 MBytes/s)
Errors:                 0
Checks:                 0
Transferred:            1
Elapsed time:        8.4s
2019/05/30 17:35:31 DEBUG : Go routines at exit 9
2019/05/30 17:35:31 DEBUG : rclone: Version "v1.36" finishing with parameters ["rclone" "copy" "onedrive-em:africanum_analysis/lab/SAMEA2340874_1.fastq.gz" "." "-vv"]
2019/05/30 17:35:31 DEBUG : rclone: Version "v1.36" starting with parameters ["rclone" "copy" "onedrive-em:africanum_analysis/lab/SAMEA2340874_2.fastq.gz" "." "-vv"]
2019/05/30 17:35:33 INFO  : Local file system at /biodragon/vagrantBox/africanum_analysis/lab: Modify window is 1s
2019/05/30 17:35:33 INFO  : Local file system at /biodragon/vagrantBox/africanum_analysis/lab: Waiting for checks to finish
2019/05/30 17:35:33 INFO  : Local file system at /biodragon/vagrantBox/africanum_analysis/lab: Waiting for transfers to finish
2019/05/30 17:35:37 INFO  : SAMEA2340874_2.fastq.gz: Copied (new)
2019/05/30 17:35:37 INFO  : 
Transferred:   39.138 MBytes (7.233 MBytes/s)
Errors:                 0
Checks:                 0
Transferred:            1
Elapsed time:        5.4s
2019/05/30 17:35:37 DEBUG : Go routines at exit 9
2019/05/30 17:35:37 DEBUG : rclone: Version "v1.36" finishing with parameters ["rclone" "copy" "onedrive-em:africanum_analysis/lab/SAMEA2340874_2.fastq.gz" "." "-vv"]
2019/05/30 17:35:37 DEBUG : rclone: Version "v1.36" starting with parameters ["rclone" "copy" "onedrive-em:africanum_analysis/lab/SAMEA2340875_1.fastq.gz" "." "-vv"]
2019/05/30 17:35:38 INFO  : Local file system at /biodragon/vagrantBox/africanum_analysis/lab: Modify window is 1s
2019/05/30 17:35:38 INFO  : Local file system at /biodragon/vagrantBox/africanum_analysis/lab: Waiting for checks to finish
2019/05/30 17:35:38 INFO  : Local file system at /biodragon/vagrantBox/africanum_analysis/lab: Waiting for transfers to finish
2019/05/30 17:35:55 INFO  : SAMEA2340875_1.fastq.gz: Copied (new)
2019/05/30 17:35:55 INFO  : 
Transferred:   234.157 MBytes (12.483 MBytes/s)
Errors:                 0
Checks:                 0
Transferred:            1
Elapsed time:       18.7s
2019/05/30 17:35:55 DEBUG : Go routines at exit 9
2019/05/30 17:35:55 DEBUG : rclone: Version "v1.36" finishing with parameters ["rclone" "copy" "onedrive-em:africanum_analysis/lab/SAMEA2340875_1.fastq.gz" "." "-vv"]
2019/05/30 17:35:55 DEBUG : rclone: Version "v1.36" starting with parameters ["rclone" "copy" "onedrive-em:africanum_analysis/lab/SAMEA2340875_2.fastq.gz" "." "-vv"]
2019/05/30 17:35:57 INFO  : Local file system at /biodragon/vagrantBox/africanum_analysis/lab: Modify window is 1s
2019/05/30 17:35:57 INFO  : Local file system at /biodragon/vagrantBox/africanum_analysis/lab: Waiting for checks to finish
2019/05/30 17:35:57 INFO  : Local file system at /biodragon/vagrantBox/africanum_analysis/lab: Waiting for transfers to finish
2019/05/30 17:36:11 INFO  : SAMEA2340875_2.fastq.gz: Copied (new)
2019/05/30 17:36:11 INFO  : 
Transferred:   247.013 MBytes (15.984 MBytes/s)
Errors:                 0
Checks:                 0
Transferred:            1
Elapsed time:       15.4s
2019/05/30 17:36:11 DEBUG : Go routines at exit 9
2019/05/30 17:36:11 DEBUG : rclone: Version "v1.36" finishing with parameters ["rclone" "copy" "onedrive-em:africanum_analysis/lab/SAMEA2340875_2.fastq.gz" "." "-vv"]
2019/05/30 17:36:11 DEBUG : rclone: Version "v1.36" starting with parameters ["rclone" "copy" "onedrive-em:africanum_analysis/lab/SAMEA2340876_1.fastq.gz" "." "-vv"]
2019/05/30 17:36:12 INFO  : Local file system at /biodragon/vagrantBox/africanum_analysis/lab: Modify window is 1s
2019/05/30 17:36:13 INFO  : Local file system at /biodragon/vagrantBox/africanum_analysis/lab: Waiting for checks to finish
2019/05/30 17:36:13 INFO  : Local file system at /biodragon/vagrantBox/africanum_analysis/lab: Waiting for transfers to finish
2019/05/30 17:36:27 INFO  : SAMEA2340876_1.fastq.gz: Copied (new)
2019/05/30 17:36:27 INFO  : 
Transferred:   206.873 MBytes (12.639 MBytes/s)
Errors:                 0
Checks:                 0
Transferred:            1
Elapsed time:       16.3s
2019/05/30 17:36:27 DEBUG : Go routines at exit 9
2019/05/30 17:36:27 DEBUG : rclone: Version "v1.36" finishing with parameters ["rclone" "copy" "onedrive-em:africanum_analysis/lab/SAMEA2340876_1.fastq.gz" "." "-vv"]
2019/05/30 17:36:27 DEBUG : rclone: Version "v1.36" starting with parameters ["rclone" "copy" "onedrive-em:africanum_analysis/lab/SAMEA2340876_2.fastq.gz" "." "-vv"]
2019/05/30 17:36:29 INFO  : Local file system at /biodragon/vagrantBox/africanum_analysis/lab: Modify window is 1s
2019/05/30 17:36:29 INFO  : Local file system at /biodragon/vagrantBox/africanum_analysis/lab: Waiting for checks to finish
2019/05/30 17:36:29 INFO  : Local file system at /biodragon/vagrantBox/africanum_analysis/lab: Waiting for transfers to finish
2019/05/30 17:36:38 INFO  : SAMEA2340876_2.fastq.gz: Copied (new)
2019/05/30 17:36:38 INFO  : 
Transferred:   222.336 MBytes (20.369 MBytes/s)
Errors:                 0
Checks:                 0
Transferred:            1
Elapsed time:       10.9s
2019/05/30 17:36:38 DEBUG : Go routines at exit 9
2019/05/30 17:36:38 DEBUG : rclone: Version "v1.36" finishing with parameters ["rclone" "copy" "onedrive-em:africanum_analysis/lab/SAMEA2340876_2.fastq.gz" "." "-vv"]
2019/05/30 17:36:38 DEBUG : rclone: Version "v1.36" starting with parameters ["rclone" "copy" "onedrive-em:africanum_analysis/lab/SAMEA2340880_1.fastq.gz" "." "-vv"]
2019/05/30 17:36:39 INFO  : Local file system at /biodragon/vagrantBox/africanum_analysis/lab: Modify window is 1s
2019/05/30 17:36:40 INFO  : Local file system at /biodragon/vagrantBox/africanum_analysis/lab: Waiting for checks to finish
2019/05/30 17:36:40 INFO  : Local file system at /biodragon/vagrantBox/africanum_analysis/lab: Waiting for transfers to finish
2019/05/30 17:36:48 INFO  : SAMEA2340880_1.fastq.gz: Copied (new)
2019/05/30 17:36:48 INFO  : 
Transferred:   165.458 MBytes (16.835 MBytes/s)
Errors:                 0
Checks:                 0
Transferred:            1
Elapsed time:        9.8s
2019/05/30 17:36:48 DEBUG : Go routines at exit 9
2019/05/30 17:36:48 DEBUG : rclone: Version "v1.36" finishing with parameters ["rclone" "copy" "onedrive-em:africanum_analysis/lab/SAMEA2340880_1.fastq.gz" "." "-vv"]
2019/05/30 17:36:48 DEBUG : rclone: Version "v1.36" starting with parameters ["rclone" "copy" "onedrive-em:africanum_analysis/lab/SAMEA2340880_2.fastq.gz" "." "-vv"]
2019/05/30 17:36:50 INFO  : Local file system at /biodragon/vagrantBox/africanum_analysis/lab: Modify window is 1s
2019/05/30 17:36:50 INFO  : Local file system at /biodragon/vagrantBox/africanum_analysis/lab: Waiting for checks to finish
2019/05/30 17:36:50 INFO  : Local file system at /biodragon/vagrantBox/africanum_analysis/lab: Waiting for transfers to finish
2019/05/30 17:36:59 INFO  : SAMEA2340880_2.fastq.gz: Copied (new)
2019/05/30 17:36:59 INFO  : 
Transferred:   180.142 MBytes (16.176 MBytes/s)
Errors:                 0
Checks:                 0
Transferred:            1
Elapsed time:       11.1s
2019/05/30 17:36:59 DEBUG : Go routines at exit 9
2019/05/30 17:36:59 DEBUG : rclone: Version "v1.36" finishing with parameters ["rclone" "copy" "onedrive-em:africanum_analysis/lab/SAMEA2340880_2.fastq.gz" "." "-vv"]
2019/05/30 17:36:59 DEBUG : rclone: Version "v1.36" starting with parameters ["rclone" "copy" "onedrive-em:africanum_analysis/lab/SAMEA2340881_1.fastq.gz" "." "-vv"]
2019/05/30 17:37:01 INFO  : Local file system at /biodragon/vagrantBox/africanum_analysis/lab: Modify window is 1s
2019/05/30 17:37:01 INFO  : Local file system at /biodragon/vagrantBox/africanum_analysis/lab: Waiting for checks to finish
2019/05/30 17:37:01 INFO  : Local file system at /biodragon/vagrantBox/africanum_analysis/lab: Waiting for transfers to finish
2019/05/30 17:37:11 INFO  : SAMEA2340881_1.fastq.gz: Copied (new)
2019/05/30 17:37:11 INFO  : 
Transferred:   172.115 MBytes (14.268 MBytes/s)
Errors:                 0
Checks:                 0
Transferred:            1
Elapsed time:         12s
2019/05/30 17:37:11 DEBUG : Go routines at exit 9
2019/05/30 17:37:11 DEBUG : rclone: Version "v1.36" finishing with parameters ["rclone" "copy" "onedrive-em:africanum_analysis/lab/SAMEA2340881_1.fastq.gz" "." "-vv"]
2019/05/30 17:37:11 DEBUG : rclone: Version "v1.36" starting with parameters ["rclone" "copy" "onedrive-em:africanum_analysis/lab/SAMEA2340881_2.fastq.gz" "." "-vv"]
2019/05/30 17:37:13 INFO  : Local file system at /biodragon/vagrantBox/africanum_analysis/lab: Modify window is 1s
2019/05/30 17:37:13 INFO  : Local file system at /biodragon/vagrantBox/africanum_analysis/lab: Waiting for checks to finish
2019/05/30 17:37:13 INFO  : Local file system at /biodragon/vagrantBox/africanum_analysis/lab: Waiting for transfers to finish
2019/05/30 17:37:21 INFO  : SAMEA2340881_2.fastq.gz: Copied (new)
2019/05/30 17:37:21 INFO  : 
Transferred:   188.704 MBytes (18.827 MBytes/s)
Errors:                 0
Checks:                 0
Transferred:            1
Elapsed time:         10s
2019/05/30 17:37:21 DEBUG : Go routines at exit 9
2019/05/30 17:37:21 DEBUG : rclone: Version "v1.36" finishing with parameters ["rclone" "copy" "onedrive-em:africanum_analysis/lab/SAMEA2340881_2.fastq.gz" "." "-vv"]
2019/05/30 17:37:21 DEBUG : rclone: Version "v1.36" starting with parameters ["rclone" "copy" "onedrive-em:africanum_analysis/lab/SAMEA2340882_1.fastq.gz" "." "-vv"]
2019/05/30 17:37:23 INFO  : Local file system at /biodragon/vagrantBox/africanum_analysis/lab: Modify window is 1s
2019/05/30 17:37:23 INFO  : Local file system at /biodragon/vagrantBox/africanum_analysis/lab: Waiting for checks to finish
2019/05/30 17:37:23 INFO  : Local file system at /biodragon/vagrantBox/africanum_analysis/lab: Waiting for transfers to finish
2019/05/30 17:37:33 INFO  : SAMEA2340882_1.fastq.gz: Copied (new)
2019/05/30 17:37:33 INFO  : 
Transferred:   156.354 MBytes (12.816 MBytes/s)
Errors:                 0
Checks:                 0
Transferred:            1
Elapsed time:       12.1s
2019/05/30 17:37:33 DEBUG : Go routines at exit 9
2019/05/30 17:37:33 DEBUG : rclone: Version "v1.36" finishing with parameters ["rclone" "copy" "onedrive-em:africanum_analysis/lab/SAMEA2340882_1.fastq.gz" "." "-vv"]
2019/05/30 17:37:33 DEBUG : rclone: Version "v1.36" starting with parameters ["rclone" "copy" "onedrive-em:africanum_analysis/lab/SAMEA2340882_2.fastq.gz" "." "-vv"]
2019/05/30 17:37:35 INFO  : Local file system at /biodragon/vagrantBox/africanum_analysis/lab: Modify window is 1s
2019/05/30 17:37:35 INFO  : Local file system at /biodragon/vagrantBox/africanum_analysis/lab: Waiting for checks to finish
2019/05/30 17:37:35 INFO  : Local file system at /biodragon/vagrantBox/africanum_analysis/lab: Waiting for transfers to finish
2019/05/30 17:37:44 INFO  : SAMEA2340882_2.fastq.gz: Copied (new)
2019/05/30 17:37:44 INFO  : 
Transferred:   169.883 MBytes (15.460 MBytes/s)
Errors:                 0
Checks:                 0
Transferred:            1
Elapsed time:       10.9s
2019/05/30 17:37:44 DEBUG : Go routines at exit 9
2019/05/30 17:37:44 DEBUG : rclone: Version "v1.36" finishing with parameters ["rclone" "copy" "onedrive-em:africanum_analysis/lab/SAMEA2340882_2.fastq.gz" "." "-vv"]
2019/05/30 17:37:44 DEBUG : rclone: Version "v1.36" starting with parameters ["rclone" "copy" "onedrive-em:africanum_analysis/lab/SAMEA2340888_1.fastq.gz" "." "-vv"]
2019/05/30 17:37:47 INFO  : Local file system at /biodragon/vagrantBox/africanum_analysis/lab: Modify window is 1s
2019/05/30 17:37:47 INFO  : Local file system at /biodragon/vagrantBox/africanum_analysis/lab: Waiting for checks to finish
2019/05/30 17:37:47 INFO  : Local file system at /biodragon/vagrantBox/africanum_analysis/lab: Waiting for transfers to finish
2019/05/30 17:38:02 INFO  : SAMEA2340888_1.fastq.gz: Copied (new)
2019/05/30 17:38:02 INFO  : 
Transferred:   300.378 MBytes (17.315 MBytes/s)
Errors:                 0
Checks:                 0
Transferred:            1
Elapsed time:       17.3s
2019/05/30 17:38:02 DEBUG : Go routines at exit 9
2019/05/30 17:38:02 DEBUG : rclone: Version "v1.36" finishing with parameters ["rclone" "copy" "onedrive-em:africanum_analysis/lab/SAMEA2340888_1.fastq.gz" "." "-vv"]
2019/05/30 17:38:02 DEBUG : rclone: Version "v1.36" starting with parameters ["rclone" "copy" "onedrive-em:africanum_analysis/lab/SAMEA2340888_2.fastq.gz" "." "-vv"]
2019/05/30 17:38:03 INFO  : Local file system at /biodragon/vagrantBox/africanum_analysis/lab: Modify window is 1s
2019/05/30 17:38:03 INFO  : Local file system at /biodragon/vagrantBox/africanum_analysis/lab: Waiting for checks to finish
2019/05/30 17:38:03 INFO  : Local file system at /biodragon/vagrantBox/africanum_analysis/lab: Waiting for transfers to finish
2019/05/30 17:38:24 INFO  : SAMEA2340888_2.fastq.gz: Copied (new)
2019/05/30 17:38:24 INFO  : 
Transferred:   318.000 MBytes (14.053 MBytes/s)
Errors:                 0
Checks:                 0
Transferred:            1
Elapsed time:       22.6s
2019/05/30 17:38:24 DEBUG : Go routines at exit 9
2019/05/30 17:38:24 DEBUG : rclone: Version "v1.36" finishing with parameters ["rclone" "copy" "onedrive-em:africanum_analysis/lab/SAMEA2340888_2.fastq.gz" "." "-vv"]
2019/05/30 17:38:24 DEBUG : rclone: Version "v1.36" starting with parameters ["rclone" "copy" "onedrive-em:africanum_analysis/lab/SAMEA2340889_1.fastq.gz" "." "-vv"]
2019/05/30 17:38:27 INFO  : Local file system at /biodragon/vagrantBox/africanum_analysis/lab: Modify window is 1s
2019/05/30 17:38:27 INFO  : Local file system at /biodragon/vagrantBox/africanum_analysis/lab: Waiting for checks to finish
2019/05/30 17:38:27 INFO  : Local file system at /biodragon/vagrantBox/africanum_analysis/lab: Waiting for transfers to finish
2019/05/30 17:38:47 INFO  : SAMEA2340889_1.fastq.gz: Copied (new)
2019/05/30 17:38:47 INFO  : 
Transferred:   324.976 MBytes (14.244 MBytes/s)
Errors:                 0
Checks:                 0
Transferred:            1
Elapsed time:       22.8s
2019/05/30 17:38:47 DEBUG : Go routines at exit 9
2019/05/30 17:38:47 DEBUG : rclone: Version "v1.36" finishing with parameters ["rclone" "copy" "onedrive-em:africanum_analysis/lab/SAMEA2340889_1.fastq.gz" "." "-vv"]
2019/05/30 17:38:47 DEBUG : rclone: Version "v1.36" starting with parameters ["rclone" "copy" "onedrive-em:africanum_analysis/lab/SAMEA2340889_2.fastq.gz" "." "-vv"]
2019/05/30 17:38:50 INFO  : Local file system at /biodragon/vagrantBox/africanum_analysis/lab: Modify window is 1s
2019/05/30 17:38:50 INFO  : Local file system at /biodragon/vagrantBox/africanum_analysis/lab: Waiting for checks to finish
2019/05/30 17:38:50 INFO  : Local file system at /biodragon/vagrantBox/africanum_analysis/lab: Waiting for transfers to finish
2019/05/30 17:39:11 INFO  : SAMEA2340889_2.fastq.gz: Copied (new)
2019/05/30 17:39:11 INFO  : 
Transferred:   335.518 MBytes (13.961 MBytes/s)
Errors:                 0
Checks:                 0
Transferred:            1
Elapsed time:         24s
2019/05/30 17:39:11 DEBUG : Go routines at exit 9
2019/05/30 17:39:11 DEBUG : rclone: Version "v1.36" finishing with parameters ["rclone" "copy" "onedrive-em:africanum_analysis/lab/SAMEA2340889_2.fastq.gz" "." "-vv"]
2019/05/30 17:39:11 DEBUG : rclone: Version "v1.36" starting with parameters ["rclone" "copy" "onedrive-em:africanum_analysis/lab/SAMEA2340890_1.fastq.gz" "." "-vv"]
2019/05/30 17:39:14 INFO  : Local file system at /biodragon/vagrantBox/africanum_analysis/lab: Modify window is 1s
2019/05/30 17:39:14 INFO  : Local file system at /biodragon/vagrantBox/africanum_analysis/lab: Waiting for checks to finish
2019/05/30 17:39:14 INFO  : Local file system at /biodragon/vagrantBox/africanum_analysis/lab: Waiting for transfers to finish
2019/05/30 17:39:29 INFO  : SAMEA2340890_1.fastq.gz: Copied (new)
2019/05/30 17:39:29 INFO  : 
Transferred:   317.274 MBytes (17.818 MBytes/s)
Errors:                 0
Checks:                 0
Transferred:            1
Elapsed time:       17.8s
2019/05/30 17:39:29 DEBUG : Go routines at exit 9
2019/05/30 17:39:29 DEBUG : rclone: Version "v1.36" finishing with parameters ["rclone" "copy" "onedrive-em:africanum_analysis/lab/SAMEA2340890_1.fastq.gz" "." "-vv"]
2019/05/30 17:39:29 DEBUG : rclone: Version "v1.36" starting with parameters ["rclone" "copy" "onedrive-em:africanum_analysis/lab/SAMEA2340890_2.fastq.gz" "." "-vv"]
2019/05/30 17:39:31 INFO  : Local file system at /biodragon/vagrantBox/africanum_analysis/lab: Modify window is 1s
2019/05/30 17:39:31 INFO  : Local file system at /biodragon/vagrantBox/africanum_analysis/lab: Waiting for checks to finish
2019/05/30 17:39:31 INFO  : Local file system at /biodragon/vagrantBox/africanum_analysis/lab: Waiting for transfers to finish
2019/05/30 17:39:50 INFO  : SAMEA2340890_2.fastq.gz: Copied (new)
2019/05/30 17:39:50 INFO  : 
Transferred:   327.977 MBytes (15.991 MBytes/s)
Errors:                 0
Checks:                 0
Transferred:            1
Elapsed time:       20.5s
2019/05/30 17:39:50 DEBUG : Go routines at exit 9
2019/05/30 17:39:50 DEBUG : rclone: Version "v1.36" finishing with parameters ["rclone" "copy" "onedrive-em:africanum_analysis/lab/SAMEA2340890_2.fastq.gz" "." "-vv"]
2019/05/30 17:39:50 DEBUG : rclone: Version "v1.36" starting with parameters ["rclone" "copy" "onedrive-em:africanum_analysis/lab/SAMEA2340891_1.fastq.gz" "." "-vv"]
2019/05/30 17:39:51 INFO  : Local file system at /biodragon/vagrantBox/africanum_analysis/lab: Modify window is 1s
2019/05/30 17:39:52 INFO  : Local file system at /biodragon/vagrantBox/africanum_analysis/lab: Waiting for checks to finish
2019/05/30 17:39:52 INFO  : Local file system at /biodragon/vagrantBox/africanum_analysis/lab: Waiting for transfers to finish
2019/05/30 17:40:03 INFO  : SAMEA2340891_1.fastq.gz: Copied (new)
2019/05/30 17:40:03 INFO  : 
Transferred:   245.107 MBytes (18.842 MBytes/s)
Errors:                 0
Checks:                 0
Transferred:            1
Elapsed time:         13s
2019/05/30 17:40:03 DEBUG : Go routines at exit 9
2019/05/30 17:40:03 DEBUG : rclone: Version "v1.36" finishing with parameters ["rclone" "copy" "onedrive-em:africanum_analysis/lab/SAMEA2340891_1.fastq.gz" "." "-vv"]
2019/05/30 17:40:03 DEBUG : rclone: Version "v1.36" starting with parameters ["rclone" "copy" "onedrive-em:africanum_analysis/lab/SAMEA2340891_2.fastq.gz" "." "-vv"]
2019/05/30 17:40:04 INFO  : Local file system at /biodragon/vagrantBox/africanum_analysis/lab: Modify window is 1s
2019/05/30 17:40:04 INFO  : Local file system at /biodragon/vagrantBox/africanum_analysis/lab: Waiting for checks to finish
2019/05/30 17:40:04 INFO  : Local file system at /biodragon/vagrantBox/africanum_analysis/lab: Waiting for transfers to finish
2019/05/30 17:40:19 INFO  : SAMEA2340891_2.fastq.gz: Copied (new)
2019/05/30 17:40:19 INFO  : 
Transferred:   257.244 MBytes (15.719 MBytes/s)
Errors:                 0
Checks:                 0
Transferred:            1
Elapsed time:       16.3s
2019/05/30 17:40:19 DEBUG : Go routines at exit 9
2019/05/30 17:40:19 DEBUG : rclone: Version "v1.36" finishing with parameters ["rclone" "copy" "onedrive-em:africanum_analysis/lab/SAMEA2340891_2.fastq.gz" "." "-vv"]
2019/05/30 17:40:19 DEBUG : rclone: Version "v1.36" starting with parameters ["rclone" "copy" "onedrive-em:africanum_analysis/lab/SAMEA2340892_1.fastq.gz" "." "-vv"]
2019/05/30 17:40:20 INFO  : Local file system at /biodragon/vagrantBox/africanum_analysis/lab: Modify window is 1s
2019/05/30 17:40:20 INFO  : Local file system at /biodragon/vagrantBox/africanum_analysis/lab: Waiting for checks to finish
2019/05/30 17:40:20 INFO  : Local file system at /biodragon/vagrantBox/africanum_analysis/lab: Waiting for transfers to finish
2019/05/30 17:40:32 INFO  : SAMEA2340892_1.fastq.gz: Copied (new)
2019/05/30 17:40:32 INFO  : 
Transferred:   222.624 MBytes (16.597 MBytes/s)
Errors:                 0
Checks:                 0
Transferred:            1
Elapsed time:       13.4s
2019/05/30 17:40:32 DEBUG : Go routines at exit 9
2019/05/30 17:40:32 DEBUG : rclone: Version "v1.36" finishing with parameters ["rclone" "copy" "onedrive-em:africanum_analysis/lab/SAMEA2340892_1.fastq.gz" "." "-vv"]
2019/05/30 17:40:32 DEBUG : rclone: Version "v1.36" starting with parameters ["rclone" "copy" "onedrive-em:africanum_analysis/lab/SAMEA2340892_2.fastq.gz" "." "-vv"]
2019/05/30 17:40:34 INFO  : Local file system at /biodragon/vagrantBox/africanum_analysis/lab: Modify window is 1s
2019/05/30 17:40:34 INFO  : Local file system at /biodragon/vagrantBox/africanum_analysis/lab: Waiting for checks to finish
2019/05/30 17:40:34 INFO  : Local file system at /biodragon/vagrantBox/africanum_analysis/lab: Waiting for transfers to finish
2019/05/30 17:40:48 INFO  : SAMEA2340892_2.fastq.gz: Copied (new)
2019/05/30 17:40:48 INFO  : 
Transferred:   230.661 MBytes (14.977 MBytes/s)
Errors:                 0
Checks:                 0
Transferred:            1
Elapsed time:       15.4s
2019/05/30 17:40:48 DEBUG : Go routines at exit 9
2019/05/30 17:40:48 DEBUG : rclone: Version "v1.36" finishing with parameters ["rclone" "copy" "onedrive-em:africanum_analysis/lab/SAMEA2340892_2.fastq.gz" "." "-vv"]
2019/05/30 17:40:48 DEBUG : rclone: Version "v1.36" starting with parameters ["rclone" "copy" "onedrive-em:africanum_analysis/lab/SAMEA2340893_1.fastq.gz" "." "-vv"]
2019/05/30 17:40:50 INFO  : Local file system at /biodragon/vagrantBox/africanum_analysis/lab: Modify window is 1s
2019/05/30 17:40:50 INFO  : Local file system at /biodragon/vagrantBox/africanum_analysis/lab: Waiting for checks to finish
2019/05/30 17:40:50 INFO  : Local file system at /biodragon/vagrantBox/africanum_analysis/lab: Waiting for transfers to finish
2019/05/30 17:41:05 INFO  : SAMEA2340893_1.fastq.gz: Copied (new)
2019/05/30 17:41:05 INFO  : 
Transferred:   227.306 MBytes (13.267 MBytes/s)
Errors:                 0
Checks:                 0
Transferred:            1
Elapsed time:       17.1s
2019/05/30 17:41:05 DEBUG : Go routines at exit 9
2019/05/30 17:41:05 DEBUG : rclone: Version "v1.36" finishing with parameters ["rclone" "copy" "onedrive-em:africanum_analysis/lab/SAMEA2340893_1.fastq.gz" "." "-vv"]
2019/05/30 17:41:05 DEBUG : rclone: Version "v1.36" starting with parameters ["rclone" "copy" "onedrive-em:africanum_analysis/lab/SAMEA2340893_2.fastq.gz" "." "-vv"]
2019/05/30 17:41:07 INFO  : Local file system at /biodragon/vagrantBox/africanum_analysis/lab: Modify window is 1s
2019/05/30 17:41:08 INFO  : Local file system at /biodragon/vagrantBox/africanum_analysis/lab: Waiting for checks to finish
2019/05/30 17:41:08 INFO  : Local file system at /biodragon/vagrantBox/africanum_analysis/lab: Waiting for transfers to finish
2019/05/30 17:41:22 INFO  : SAMEA2340893_2.fastq.gz: Copied (new)
2019/05/30 17:41:22 INFO  : 
Transferred:   234.656 MBytes (13.962 MBytes/s)
Errors:                 0
Checks:                 0
Transferred:            1
Elapsed time:       16.8s
2019/05/30 17:41:22 DEBUG : Go routines at exit 9
2019/05/30 17:41:22 DEBUG : rclone: Version "v1.36" finishing with parameters ["rclone" "copy" "onedrive-em:africanum_analysis/lab/SAMEA2340893_2.fastq.gz" "." "-vv"]
2019/05/30 17:41:22 DEBUG : rclone: Version "v1.36" starting with parameters ["rclone" "copy" "onedrive-em:africanum_analysis/lab/SAMEA2340894_1.fastq.gz" "." "-vv"]
2019/05/30 17:41:23 INFO  : Local file system at /biodragon/vagrantBox/africanum_analysis/lab: Modify window is 1s
2019/05/30 17:41:23 INFO  : Local file system at /biodragon/vagrantBox/africanum_analysis/lab: Waiting for checks to finish
2019/05/30 17:41:23 INFO  : Local file system at /biodragon/vagrantBox/africanum_analysis/lab: Waiting for transfers to finish
2019/05/30 17:41:31 INFO  : SAMEA2340894_1.fastq.gz: Copied (new)
2019/05/30 17:41:31 INFO  : 
Transferred:   133.638 MBytes (14.071 MBytes/s)
Errors:                 0
Checks:                 0
Transferred:            1
Elapsed time:        9.4s
2019/05/30 17:41:31 DEBUG : Go routines at exit 9
2019/05/30 17:41:31 DEBUG : rclone: Version "v1.36" finishing with parameters ["rclone" "copy" "onedrive-em:africanum_analysis/lab/SAMEA2340894_1.fastq.gz" "." "-vv"]
2019/05/30 17:41:31 DEBUG : rclone: Version "v1.36" starting with parameters ["rclone" "copy" "onedrive-em:africanum_analysis/lab/SAMEA2340894_2.fastq.gz" "." "-vv"]
2019/05/30 17:41:33 INFO  : Local file system at /biodragon/vagrantBox/africanum_analysis/lab: Modify window is 1s
2019/05/30 17:41:33 INFO  : Local file system at /biodragon/vagrantBox/africanum_analysis/lab: Waiting for checks to finish
2019/05/30 17:41:33 INFO  : Local file system at /biodragon/vagrantBox/africanum_analysis/lab: Waiting for transfers to finish
2019/05/30 17:41:40 INFO  : SAMEA2340894_2.fastq.gz: Copied (new)
2019/05/30 17:41:40 INFO  : 
Transferred:   145.722 MBytes (16.739 MBytes/s)
Errors:                 0
Checks:                 0
Transferred:            1
Elapsed time:        8.7s
2019/05/30 17:41:40 DEBUG : Go routines at exit 9
2019/05/30 17:41:40 DEBUG : rclone: Version "v1.36" finishing with parameters ["rclone" "copy" "onedrive-em:africanum_analysis/lab/SAMEA2340894_2.fastq.gz" "." "-vv"]
2019/05/30 17:41:40 DEBUG : rclone: Version "v1.36" starting with parameters ["rclone" "copy" "onedrive-em:africanum_analysis/lab/SAMEA2340896_1.fastq.gz" "." "-vv"]
2019/05/30 17:41:42 INFO  : Local file system at /biodragon/vagrantBox/africanum_analysis/lab: Modify window is 1s
2019/05/30 17:41:42 INFO  : Local file system at /biodragon/vagrantBox/africanum_analysis/lab: Waiting for checks to finish
2019/05/30 17:41:42 INFO  : Local file system at /biodragon/vagrantBox/africanum_analysis/lab: Waiting for transfers to finish
2019/05/30 17:42:01 INFO  : SAMEA2340896_1.fastq.gz: Copied (new)
2019/05/30 17:42:01 INFO  : 
Transferred:   254.982 MBytes (12.394 MBytes/s)
Errors:                 0
Checks:                 0
Transferred:            1
Elapsed time:       20.5s
2019/05/30 17:42:01 DEBUG : Go routines at exit 9
2019/05/30 17:42:01 DEBUG : rclone: Version "v1.36" finishing with parameters ["rclone" "copy" "onedrive-em:africanum_analysis/lab/SAMEA2340896_1.fastq.gz" "." "-vv"]
2019/05/30 17:42:01 DEBUG : rclone: Version "v1.36" starting with parameters ["rclone" "copy" "onedrive-em:africanum_analysis/lab/SAMEA2340896_2.fastq.gz" "." "-vv"]
2019/05/30 17:42:03 INFO  : Local file system at /biodragon/vagrantBox/africanum_analysis/lab: Modify window is 1s
2019/05/30 17:42:03 INFO  : Local file system at /biodragon/vagrantBox/africanum_analysis/lab: Waiting for checks to finish
2019/05/30 17:42:03 INFO  : Local file system at /biodragon/vagrantBox/africanum_analysis/lab: Waiting for transfers to finish
2019/05/30 17:42:16 INFO  : SAMEA2340896_2.fastq.gz: Copied (new)
2019/05/30 17:42:16 INFO  : 
Transferred:   264.095 MBytes (17.509 MBytes/s)
Errors:                 0
Checks:                 0
Transferred:            1
Elapsed time:         15s
2019/05/30 17:42:16 DEBUG : Go routines at exit 9
2019/05/30 17:42:16 DEBUG : rclone: Version "v1.36" finishing with parameters ["rclone" "copy" "onedrive-em:africanum_analysis/lab/SAMEA2340896_2.fastq.gz" "." "-vv"]
2019/05/30 17:42:16 DEBUG : rclone: Version "v1.36" starting with parameters ["rclone" "copy" "onedrive-em:africanum_analysis/lab/SAMEA2340897_1.fastq.gz" "." "-vv"]
2019/05/30 17:42:18 INFO  : Local file system at /biodragon/vagrantBox/africanum_analysis/lab: Modify window is 1s
2019/05/30 17:42:18 INFO  : Local file system at /biodragon/vagrantBox/africanum_analysis/lab: Waiting for checks to finish
2019/05/30 17:42:18 INFO  : Local file system at /biodragon/vagrantBox/africanum_analysis/lab: Waiting for transfers to finish
2019/05/30 17:42:38 INFO  : SAMEA2340897_1.fastq.gz: Copied (new)
2019/05/30 17:42:38 INFO  : 
Transferred:   239.229 MBytes (10.960 MBytes/s)
Errors:                 0
Checks:                 0
Transferred:            1
Elapsed time:       21.8s
2019/05/30 17:42:38 DEBUG : Go routines at exit 9
2019/05/30 17:42:38 DEBUG : rclone: Version "v1.36" finishing with parameters ["rclone" "copy" "onedrive-em:africanum_analysis/lab/SAMEA2340897_1.fastq.gz" "." "-vv"]
2019/05/30 17:42:38 DEBUG : rclone: Version "v1.36" starting with parameters ["rclone" "copy" "onedrive-em:africanum_analysis/lab/SAMEA2340897_2.fastq.gz" "." "-vv"]
2019/05/30 17:42:39 INFO  : Local file system at /biodragon/vagrantBox/africanum_analysis/lab: Modify window is 1s
2019/05/30 17:42:40 INFO  : Local file system at /biodragon/vagrantBox/africanum_analysis/lab: Waiting for checks to finish
2019/05/30 17:42:40 INFO  : Local file system at /biodragon/vagrantBox/africanum_analysis/lab: Waiting for transfers to finish
2019/05/30 17:43:00 INFO  : SAMEA2340897_2.fastq.gz: Copied (new)
2019/05/30 17:43:00 INFO  : 
Transferred:   248.383 MBytes (11.275 MBytes/s)
Errors:                 0
Checks:                 0
Transferred:            1
Elapsed time:         22s
2019/05/30 17:43:00 DEBUG : Go routines at exit 9
2019/05/30 17:43:00 DEBUG : rclone: Version "v1.36" finishing with parameters ["rclone" "copy" "onedrive-em:africanum_analysis/lab/SAMEA2340897_2.fastq.gz" "." "-vv"]
2019/05/30 17:43:00 DEBUG : rclone: Version "v1.36" starting with parameters ["rclone" "copy" "onedrive-em:africanum_analysis/lab/SAMEA2340900_1.fastq.gz" "." "-vv"]
2019/05/30 17:43:01 INFO  : Local file system at /biodragon/vagrantBox/africanum_analysis/lab: Modify window is 1s
2019/05/30 17:43:01 INFO  : Local file system at /biodragon/vagrantBox/africanum_analysis/lab: Waiting for checks to finish
2019/05/30 17:43:01 INFO  : Local file system at /biodragon/vagrantBox/africanum_analysis/lab: Waiting for transfers to finish
2019/05/30 17:43:20 INFO  : SAMEA2340900_1.fastq.gz: Copied (new)
2019/05/30 17:43:20 INFO  : 
Transferred:   325.014 MBytes (16.232 MBytes/s)
Errors:                 0
Checks:                 0
Transferred:            1
Elapsed time:         20s
2019/05/30 17:43:20 DEBUG : Go routines at exit 9
2019/05/30 17:43:20 DEBUG : rclone: Version "v1.36" finishing with parameters ["rclone" "copy" "onedrive-em:africanum_analysis/lab/SAMEA2340900_1.fastq.gz" "." "-vv"]
2019/05/30 17:43:20 DEBUG : rclone: Version "v1.36" starting with parameters ["rclone" "copy" "onedrive-em:africanum_analysis/lab/SAMEA2340900_2.fastq.gz" "." "-vv"]
2019/05/30 17:43:22 INFO  : Local file system at /biodragon/vagrantBox/africanum_analysis/lab: Modify window is 1s
2019/05/30 17:43:22 INFO  : Local file system at /biodragon/vagrantBox/africanum_analysis/lab: Waiting for checks to finish
2019/05/30 17:43:22 INFO  : Local file system at /biodragon/vagrantBox/africanum_analysis/lab: Waiting for transfers to finish
2019/05/30 17:43:41 INFO  : SAMEA2340900_2.fastq.gz: Copied (new)
2019/05/30 17:43:41 INFO  : 
Transferred:   337.859 MBytes (16.142 MBytes/s)
Errors:                 0
Checks:                 0
Transferred:            1
Elapsed time:       20.9s
2019/05/30 17:43:41 DEBUG : Go routines at exit 9
2019/05/30 17:43:41 DEBUG : rclone: Version "v1.36" finishing with parameters ["rclone" "copy" "onedrive-em:africanum_analysis/lab/SAMEA2340900_2.fastq.gz" "." "-vv"]
2019/05/30 17:43:41 DEBUG : rclone: Version "v1.36" starting with parameters ["rclone" "copy" "onedrive-em:africanum_analysis/lab/SAMEA2340901_1.fastq.gz" "." "-vv"]
2019/05/30 17:43:42 INFO  : Local file system at /biodragon/vagrantBox/africanum_analysis/lab: Modify window is 1s
2019/05/30 17:43:42 INFO  : Local file system at /biodragon/vagrantBox/africanum_analysis/lab: Waiting for checks to finish
2019/05/30 17:43:42 INFO  : Local file system at /biodragon/vagrantBox/africanum_analysis/lab: Waiting for transfers to finish
2019/05/30 17:43:54 INFO  : SAMEA2340901_1.fastq.gz: Copied (new)
2019/05/30 17:43:54 INFO  : 
Transferred:   190.015 MBytes (14.048 MBytes/s)
Errors:                 0
Checks:                 0
Transferred:            1
Elapsed time:       13.5s
2019/05/30 17:43:54 DEBUG : Go routines at exit 9
2019/05/30 17:43:54 DEBUG : rclone: Version "v1.36" finishing with parameters ["rclone" "copy" "onedrive-em:africanum_analysis/lab/SAMEA2340901_1.fastq.gz" "." "-vv"]
2019/05/30 17:43:54 DEBUG : rclone: Version "v1.36" starting with parameters ["rclone" "copy" "onedrive-em:africanum_analysis/lab/SAMEA2340901_2.fastq.gz" "." "-vv"]
2019/05/30 17:43:55 INFO  : Local file system at /biodragon/vagrantBox/africanum_analysis/lab: Modify window is 1s
2019/05/30 17:43:56 INFO  : Local file system at /biodragon/vagrantBox/africanum_analysis/lab: Waiting for checks to finish
2019/05/30 17:43:56 INFO  : Local file system at /biodragon/vagrantBox/africanum_analysis/lab: Waiting for transfers to finish
2019/05/30 17:44:08 INFO  : SAMEA2340901_2.fastq.gz: Copied (new)
2019/05/30 17:44:08 INFO  : 
Transferred:   203.398 MBytes (14.738 MBytes/s)
Errors:                 0
Checks:                 0
Transferred:            1
Elapsed time:       13.8s
2019/05/30 17:44:08 DEBUG : Go routines at exit 9
2019/05/30 17:44:08 DEBUG : rclone: Version "v1.36" finishing with parameters ["rclone" "copy" "onedrive-em:africanum_analysis/lab/SAMEA2340901_2.fastq.gz" "." "-vv"]
2019/05/30 17:44:08 DEBUG : rclone: Version "v1.36" starting with parameters ["rclone" "copy" "onedrive-em:africanum_analysis/lab/SAMEA2340903_1.fastq.gz" "." "-vv"]
2019/05/30 17:44:10 INFO  : Local file system at /biodragon/vagrantBox/africanum_analysis/lab: Modify window is 1s
2019/05/30 17:44:10 INFO  : Local file system at /biodragon/vagrantBox/africanum_analysis/lab: Waiting for checks to finish
2019/05/30 17:44:10 INFO  : Local file system at /biodragon/vagrantBox/africanum_analysis/lab: Waiting for transfers to finish
2019/05/30 17:44:21 INFO  : SAMEA2340903_1.fastq.gz: Copied (new)
2019/05/30 17:44:21 INFO  : 
Transferred:   242.650 MBytes (18.928 MBytes/s)
Errors:                 0
Checks:                 0
Transferred:            1
Elapsed time:       12.8s
2019/05/30 17:44:21 DEBUG : Go routines at exit 9
2019/05/30 17:44:21 DEBUG : rclone: Version "v1.36" finishing with parameters ["rclone" "copy" "onedrive-em:africanum_analysis/lab/SAMEA2340903_1.fastq.gz" "." "-vv"]
2019/05/30 17:44:21 DEBUG : rclone: Version "v1.36" starting with parameters ["rclone" "copy" "onedrive-em:africanum_analysis/lab/SAMEA2340903_2.fastq.gz" "." "-vv"]
2019/05/30 17:44:22 INFO  : Local file system at /biodragon/vagrantBox/africanum_analysis/lab: Modify window is 1s
2019/05/30 17:44:22 INFO  : Local file system at /biodragon/vagrantBox/africanum_analysis/lab: Waiting for checks to finish
2019/05/30 17:44:22 INFO  : Local file system at /biodragon/vagrantBox/africanum_analysis/lab: Waiting for transfers to finish
2019/05/30 17:44:34 INFO  : SAMEA2340903_2.fastq.gz: Copied (new)
2019/05/30 17:44:34 INFO  : 
Transferred:   248.269 MBytes (18.741 MBytes/s)
Errors:                 0
Checks:                 0
Transferred:            1
Elapsed time:       13.2s
2019/05/30 17:44:34 DEBUG : Go routines at exit 8
2019/05/30 17:44:34 DEBUG : rclone: Version "v1.36" finishing with parameters ["rclone" "copy" "onedrive-em:africanum_analysis/lab/SAMEA2340903_2.fastq.gz" "." "-vv"]
2019/05/30 17:44:34 DEBUG : rclone: Version "v1.36" starting with parameters ["rclone" "copy" "onedrive-em:africanum_analysis/lab/SAMEA2340904_1.fastq.gz" "." "-vv"]
2019/05/30 17:44:35 INFO  : Local file system at /biodragon/vagrantBox/africanum_analysis/lab: Modify window is 1s
2019/05/30 17:44:35 INFO  : Local file system at /biodragon/vagrantBox/africanum_analysis/lab: Waiting for checks to finish
2019/05/30 17:44:35 INFO  : Local file system at /biodragon/vagrantBox/africanum_analysis/lab: Waiting for transfers to finish
2019/05/30 17:44:46 INFO  : SAMEA2340904_1.fastq.gz: Copied (new)
2019/05/30 17:44:46 INFO  : 
Transferred:   217.111 MBytes (17.480 MBytes/s)
Errors:                 0
Checks:                 0
Transferred:            1
Elapsed time:       12.4s
2019/05/30 17:44:46 DEBUG : Go routines at exit 9
2019/05/30 17:44:46 DEBUG : rclone: Version "v1.36" finishing with parameters ["rclone" "copy" "onedrive-em:africanum_analysis/lab/SAMEA2340904_1.fastq.gz" "." "-vv"]
2019/05/30 17:44:46 DEBUG : rclone: Version "v1.36" starting with parameters ["rclone" "copy" "onedrive-em:africanum_analysis/lab/SAMEA2340904_2.fastq.gz" "." "-vv"]
2019/05/30 17:44:48 INFO  : Local file system at /biodragon/vagrantBox/africanum_analysis/lab: Modify window is 1s
2019/05/30 17:44:48 INFO  : Local file system at /biodragon/vagrantBox/africanum_analysis/lab: Waiting for checks to finish
2019/05/30 17:44:48 INFO  : Local file system at /biodragon/vagrantBox/africanum_analysis/lab: Waiting for transfers to finish
2019/05/30 17:44:58 INFO  : SAMEA2340904_2.fastq.gz: Copied (new)
2019/05/30 17:44:58 INFO  : 
Transferred:   224.481 MBytes (19.896 MBytes/s)
Errors:                 0
Checks:                 0
Transferred:            1
Elapsed time:       11.2s
2019/05/30 17:44:58 DEBUG : Go routines at exit 9
2019/05/30 17:44:58 DEBUG : rclone: Version "v1.36" finishing with parameters ["rclone" "copy" "onedrive-em:africanum_analysis/lab/SAMEA2340904_2.fastq.gz" "." "-vv"]
2019/05/30 17:44:58 DEBUG : rclone: Version "v1.36" starting with parameters ["rclone" "copy" "onedrive-em:africanum_analysis/lab/SAMEA2340905_1.fastq.gz" "." "-vv"]
2019/05/30 17:44:59 INFO  : Local file system at /biodragon/vagrantBox/africanum_analysis/lab: Modify window is 1s
2019/05/30 17:45:00 INFO  : Local file system at /biodragon/vagrantBox/africanum_analysis/lab: Waiting for checks to finish
2019/05/30 17:45:00 INFO  : Local file system at /biodragon/vagrantBox/africanum_analysis/lab: Waiting for transfers to finish
2019/05/30 17:45:11 INFO  : SAMEA2340905_1.fastq.gz: Copied (new)
2019/05/30 17:45:11 INFO  : 
Transferred:   229.876 MBytes (16.650 MBytes/s)
Errors:                 0
Checks:                 0
Transferred:            1
Elapsed time:       13.8s
2019/05/30 17:45:11 DEBUG : Go routines at exit 9
2019/05/30 17:45:11 DEBUG : rclone: Version "v1.36" finishing with parameters ["rclone" "copy" "onedrive-em:africanum_analysis/lab/SAMEA2340905_1.fastq.gz" "." "-vv"]
2019/05/30 17:45:12 DEBUG : rclone: Version "v1.36" starting with parameters ["rclone" "copy" "onedrive-em:africanum_analysis/lab/SAMEA2340905_2.fastq.gz" "." "-vv"]
2019/05/30 17:45:13 INFO  : Local file system at /biodragon/vagrantBox/africanum_analysis/lab: Modify window is 1s
2019/05/30 17:45:14 INFO  : Local file system at /biodragon/vagrantBox/africanum_analysis/lab: Waiting for checks to finish
2019/05/30 17:45:14 INFO  : Local file system at /biodragon/vagrantBox/africanum_analysis/lab: Waiting for transfers to finish
2019/05/30 17:45:28 INFO  : SAMEA2340905_2.fastq.gz: Copied (new)
2019/05/30 17:45:28 INFO  : 
Transferred:   238.567 MBytes (14.065 MBytes/s)
Errors:                 0
Checks:                 0
Transferred:            1
Elapsed time:       16.9s
2019/05/30 17:45:28 DEBUG : Go routines at exit 9
2019/05/30 17:45:28 DEBUG : rclone: Version "v1.36" finishing with parameters ["rclone" "copy" "onedrive-em:africanum_analysis/lab/SAMEA2340905_2.fastq.gz" "." "-vv"]
2019/05/30 17:45:28 DEBUG : rclone: Version "v1.36" starting with parameters ["rclone" "copy" "onedrive-em:africanum_analysis/lab/SAMEA2340907_1.fastq.gz" "." "-vv"]
2019/05/30 17:45:31 INFO  : Local file system at /biodragon/vagrantBox/africanum_analysis/lab: Modify window is 1s
2019/05/30 17:45:31 INFO  : Local file system at /biodragon/vagrantBox/africanum_analysis/lab: Waiting for checks to finish
2019/05/30 17:45:31 INFO  : Local file system at /biodragon/vagrantBox/africanum_analysis/lab: Waiting for transfers to finish
2019/05/30 17:45:38 INFO  : SAMEA2340907_1.fastq.gz: Copied (new)
2019/05/30 17:45:38 INFO  : 
Transferred:   138.534 MBytes (14.288 MBytes/s)
Errors:                 0
Checks:                 0
Transferred:            1
Elapsed time:        9.6s
2019/05/30 17:45:38 DEBUG : Go routines at exit 9
2019/05/30 17:45:38 DEBUG : rclone: Version "v1.36" finishing with parameters ["rclone" "copy" "onedrive-em:africanum_analysis/lab/SAMEA2340907_1.fastq.gz" "." "-vv"]
2019/05/30 17:45:38 DEBUG : rclone: Version "v1.36" starting with parameters ["rclone" "copy" "onedrive-em:africanum_analysis/lab/SAMEA2340907_2.fastq.gz" "." "-vv"]
2019/05/30 17:45:40 INFO  : Local file system at /biodragon/vagrantBox/africanum_analysis/lab: Modify window is 1s
2019/05/30 17:45:40 INFO  : Local file system at /biodragon/vagrantBox/africanum_analysis/lab: Waiting for checks to finish
2019/05/30 17:45:40 INFO  : Local file system at /biodragon/vagrantBox/africanum_analysis/lab: Waiting for transfers to finish
2019/05/30 17:45:49 INFO  : SAMEA2340907_2.fastq.gz: Copied (new)
2019/05/30 17:45:49 INFO  : 
Transferred:   150.976 MBytes (14.606 MBytes/s)
Errors:                 0
Checks:                 0
Transferred:            1
Elapsed time:       10.3s
2019/05/30 17:45:49 DEBUG : Go routines at exit 9
2019/05/30 17:45:49 DEBUG : rclone: Version "v1.36" finishing with parameters ["rclone" "copy" "onedrive-em:africanum_analysis/lab/SAMEA2340907_2.fastq.gz" "." "-vv"]
2019/05/30 17:45:49 DEBUG : rclone: Version "v1.36" starting with parameters ["rclone" "copy" "onedrive-em:africanum_analysis/lab/SAMEA2340908_1.fastq.gz" "." "-vv"]
2019/05/30 17:45:50 INFO  : Local file system at /biodragon/vagrantBox/africanum_analysis/lab: Modify window is 1s
2019/05/30 17:45:50 INFO  : Local file system at /biodragon/vagrantBox/africanum_analysis/lab: Waiting for checks to finish
2019/05/30 17:45:50 INFO  : Local file system at /biodragon/vagrantBox/africanum_analysis/lab: Waiting for transfers to finish
2019/05/30 17:45:59 INFO  : SAMEA2340908_1.fastq.gz: Copied (new)
2019/05/30 17:45:59 INFO  : 
Transferred:   163.245 MBytes (15.706 MBytes/s)
Errors:                 0
Checks:                 0
Transferred:            1
Elapsed time:       10.3s
2019/05/30 17:45:59 DEBUG : Go routines at exit 9
2019/05/30 17:45:59 DEBUG : rclone: Version "v1.36" finishing with parameters ["rclone" "copy" "onedrive-em:africanum_analysis/lab/SAMEA2340908_1.fastq.gz" "." "-vv"]
2019/05/30 17:45:59 DEBUG : rclone: Version "v1.36" starting with parameters ["rclone" "copy" "onedrive-em:africanum_analysis/lab/SAMEA2340908_2.fastq.gz" "." "-vv"]
2019/05/30 17:46:01 INFO  : Local file system at /biodragon/vagrantBox/africanum_analysis/lab: Modify window is 1s
2019/05/30 17:46:01 INFO  : Local file system at /biodragon/vagrantBox/africanum_analysis/lab: Waiting for checks to finish
2019/05/30 17:46:01 INFO  : Local file system at /biodragon/vagrantBox/africanum_analysis/lab: Waiting for transfers to finish
2019/05/30 17:46:10 INFO  : SAMEA2340908_2.fastq.gz: Copied (new)
2019/05/30 17:46:10 INFO  : 
Transferred:   178.438 MBytes (15.654 MBytes/s)
Errors:                 0
Checks:                 0
Transferred:            1
Elapsed time:       11.3s
2019/05/30 17:46:10 DEBUG : Go routines at exit 9
2019/05/30 17:46:10 DEBUG : rclone: Version "v1.36" finishing with parameters ["rclone" "copy" "onedrive-em:africanum_analysis/lab/SAMEA2340908_2.fastq.gz" "." "-vv"]
2019/05/30 17:46:10 DEBUG : rclone: Version "v1.36" starting with parameters ["rclone" "copy" "onedrive-em:africanum_analysis/lab/SAMEA2340909_1.fastq.gz" "." "-vv"]
2019/05/30 17:46:12 INFO  : Local file system at /biodragon/vagrantBox/africanum_analysis/lab: Modify window is 1s
2019/05/30 17:46:12 INFO  : Local file system at /biodragon/vagrantBox/africanum_analysis/lab: Waiting for checks to finish
2019/05/30 17:46:12 INFO  : Local file system at /biodragon/vagrantBox/africanum_analysis/lab: Waiting for transfers to finish
2019/05/30 17:46:20 INFO  : SAMEA2340909_1.fastq.gz: Copied (new)
2019/05/30 17:46:20 INFO  : 
Transferred:   159.289 MBytes (16.784 MBytes/s)
Errors:                 0
Checks:                 0
Transferred:            1
Elapsed time:        9.4s
2019/05/30 17:46:20 DEBUG : Go routines at exit 9
2019/05/30 17:46:20 DEBUG : rclone: Version "v1.36" finishing with parameters ["rclone" "copy" "onedrive-em:africanum_analysis/lab/SAMEA2340909_1.fastq.gz" "." "-vv"]
2019/05/30 17:46:20 DEBUG : rclone: Version "v1.36" starting with parameters ["rclone" "copy" "onedrive-em:africanum_analysis/lab/SAMEA2340909_2.fastq.gz" "." "-vv"]
2019/05/30 17:46:21 INFO  : Local file system at /biodragon/vagrantBox/africanum_analysis/lab: Modify window is 1s
2019/05/30 17:46:22 INFO  : Local file system at /biodragon/vagrantBox/africanum_analysis/lab: Waiting for checks to finish
2019/05/30 17:46:22 INFO  : Local file system at /biodragon/vagrantBox/africanum_analysis/lab: Waiting for transfers to finish
2019/05/30 17:46:30 INFO  : SAMEA2340909_2.fastq.gz: Copied (new)
2019/05/30 17:46:30 INFO  : 
Transferred:   173.880 MBytes (16.321 MBytes/s)
Errors:                 0
Checks:                 0
Transferred:            1
Elapsed time:       10.6s
2019/05/30 17:46:30 DEBUG : Go routines at exit 9
2019/05/30 17:46:30 DEBUG : rclone: Version "v1.36" finishing with parameters ["rclone" "copy" "onedrive-em:africanum_analysis/lab/SAMEA2340909_2.fastq.gz" "." "-vv"]
2019/05/30 17:46:30 DEBUG : rclone: Version "v1.36" starting with parameters ["rclone" "copy" "onedrive-em:africanum_analysis/lab/SAMEA2340910_1.fastq.gz" "." "-vv"]
2019/05/30 17:46:32 INFO  : Local file system at /biodragon/vagrantBox/africanum_analysis/lab: Modify window is 1s
2019/05/30 17:46:32 INFO  : Local file system at /biodragon/vagrantBox/africanum_analysis/lab: Waiting for checks to finish
2019/05/30 17:46:32 INFO  : Local file system at /biodragon/vagrantBox/africanum_analysis/lab: Waiting for transfers to finish
2019/05/30 17:46:40 INFO  : SAMEA2340910_1.fastq.gz: Copied (new)
2019/05/30 17:46:40 INFO  : 
Transferred:   155.054 MBytes (16.429 MBytes/s)
Errors:                 0
Checks:                 0
Transferred:            1
Elapsed time:        9.4s
2019/05/30 17:46:40 DEBUG : Go routines at exit 9
2019/05/30 17:46:40 DEBUG : rclone: Version "v1.36" finishing with parameters ["rclone" "copy" "onedrive-em:africanum_analysis/lab/SAMEA2340910_1.fastq.gz" "." "-vv"]
2019/05/30 17:46:40 DEBUG : rclone: Version "v1.36" starting with parameters ["rclone" "copy" "onedrive-em:africanum_analysis/lab/SAMEA2340910_2.fastq.gz" "." "-vv"]
2019/05/30 17:46:41 INFO  : Local file system at /biodragon/vagrantBox/africanum_analysis/lab: Modify window is 1s
2019/05/30 17:46:41 INFO  : Local file system at /biodragon/vagrantBox/africanum_analysis/lab: Waiting for checks to finish
2019/05/30 17:46:41 INFO  : Local file system at /biodragon/vagrantBox/africanum_analysis/lab: Waiting for transfers to finish
2019/05/30 17:46:51 INFO  : SAMEA2340910_2.fastq.gz: Copied (new)
2019/05/30 17:46:51 INFO  : 
Transferred:   169.706 MBytes (14.746 MBytes/s)
Errors:                 0
Checks:                 0
Transferred:            1
Elapsed time:       11.5s
2019/05/30 17:46:51 DEBUG : Go routines at exit 9
2019/05/30 17:46:51 DEBUG : rclone: Version "v1.36" finishing with parameters ["rclone" "copy" "onedrive-em:africanum_analysis/lab/SAMEA2340910_2.fastq.gz" "." "-vv"]
2019/05/30 17:46:51 DEBUG : rclone: Version "v1.36" starting with parameters ["rclone" "copy" "onedrive-em:africanum_analysis/lab/SAMEA2340912_1.fastq.gz" "." "-vv"]
2019/05/30 17:46:54 INFO  : Local file system at /biodragon/vagrantBox/africanum_analysis/lab: Modify window is 1s
2019/05/30 17:46:54 INFO  : Local file system at /biodragon/vagrantBox/africanum_analysis/lab: Waiting for checks to finish
2019/05/30 17:46:54 INFO  : Local file system at /biodragon/vagrantBox/africanum_analysis/lab: Waiting for transfers to finish
2019/05/30 17:47:03 INFO  : SAMEA2340912_1.fastq.gz: Copied (new)
2019/05/30 17:47:03 INFO  : 
Transferred:   148.786 MBytes (13.223 MBytes/s)
Errors:                 0
Checks:                 0
Transferred:            1
Elapsed time:       11.2s
2019/05/30 17:47:03 DEBUG : Go routines at exit 9
2019/05/30 17:47:03 DEBUG : rclone: Version "v1.36" finishing with parameters ["rclone" "copy" "onedrive-em:africanum_analysis/lab/SAMEA2340912_1.fastq.gz" "." "-vv"]
2019/05/30 17:47:03 DEBUG : rclone: Version "v1.36" starting with parameters ["rclone" "copy" "onedrive-em:africanum_analysis/lab/SAMEA2340912_2.fastq.gz" "." "-vv"]
2019/05/30 17:47:04 INFO  : Local file system at /biodragon/vagrantBox/africanum_analysis/lab: Modify window is 1s
2019/05/30 17:47:04 INFO  : Local file system at /biodragon/vagrantBox/africanum_analysis/lab: Waiting for checks to finish
2019/05/30 17:47:04 INFO  : Local file system at /biodragon/vagrantBox/africanum_analysis/lab: Waiting for transfers to finish
2019/05/30 17:47:13 INFO  : SAMEA2340912_2.fastq.gz: Copied (new)
2019/05/30 17:47:13 INFO  : 
Transferred:   162.594 MBytes (16.149 MBytes/s)
Errors:                 0
Checks:                 0
Transferred:            1
Elapsed time:         10s
2019/05/30 17:47:13 DEBUG : Go routines at exit 9
2019/05/30 17:47:13 DEBUG : rclone: Version "v1.36" finishing with parameters ["rclone" "copy" "onedrive-em:africanum_analysis/lab/SAMEA2340912_2.fastq.gz" "." "-vv"]
2019/05/30 17:47:13 DEBUG : rclone: Version "v1.36" starting with parameters ["rclone" "copy" "onedrive-em:africanum_analysis/lab/SAMEA2340913_1.fastq.gz" "." "-vv"]
2019/05/30 17:47:18 INFO  : Local file system at /biodragon/vagrantBox/africanum_analysis/lab: Modify window is 1s
2019/05/30 17:47:19 INFO  : Local file system at /biodragon/vagrantBox/africanum_analysis/lab: Waiting for checks to finish
2019/05/30 17:47:19 INFO  : Local file system at /biodragon/vagrantBox/africanum_analysis/lab: Waiting for transfers to finish
2019/05/30 17:47:31 INFO  : SAMEA2340913_1.fastq.gz: Copied (new)
2019/05/30 17:47:31 INFO  : 
Transferred:   152.149 MBytes (8.363 MBytes/s)
Errors:                 0
Checks:                 0
Transferred:            1
Elapsed time:       18.1s
2019/05/30 17:47:31 DEBUG : Go routines at exit 9
2019/05/30 17:47:31 DEBUG : rclone: Version "v1.36" finishing with parameters ["rclone" "copy" "onedrive-em:africanum_analysis/lab/SAMEA2340913_1.fastq.gz" "." "-vv"]
2019/05/30 17:47:31 DEBUG : rclone: Version "v1.36" starting with parameters ["rclone" "copy" "onedrive-em:africanum_analysis/lab/SAMEA2340913_2.fastq.gz" "." "-vv"]
2019/05/30 17:47:32 INFO  : Local file system at /biodragon/vagrantBox/africanum_analysis/lab: Modify window is 1s
2019/05/30 17:47:32 INFO  : Local file system at /biodragon/vagrantBox/africanum_analysis/lab: Waiting for checks to finish
2019/05/30 17:47:32 INFO  : Local file system at /biodragon/vagrantBox/africanum_analysis/lab: Waiting for transfers to finish
2019/05/30 17:47:41 INFO  : SAMEA2340913_2.fastq.gz: Copied (new)
2019/05/30 17:47:41 INFO  : 
Transferred:   166.025 MBytes (15.819 MBytes/s)
Errors:                 0
Checks:                 0
Transferred:            1
Elapsed time:       10.4s
2019/05/30 17:47:41 DEBUG : Go routines at exit 9
2019/05/30 17:47:41 DEBUG : rclone: Version "v1.36" finishing with parameters ["rclone" "copy" "onedrive-em:africanum_analysis/lab/SAMEA2340913_2.fastq.gz" "." "-vv"]
2019/05/30 17:47:42 DEBUG : rclone: Version "v1.36" starting with parameters ["rclone" "copy" "onedrive-em:africanum_analysis/lab/SAMEA2340914_1.fastq.gz" "." "-vv"]
2019/05/30 17:47:46 INFO  : Local file system at /biodragon/vagrantBox/africanum_analysis/lab: Modify window is 1s
2019/05/30 17:47:46 INFO  : Local file system at /biodragon/vagrantBox/africanum_analysis/lab: Waiting for checks to finish
2019/05/30 17:47:46 INFO  : Local file system at /biodragon/vagrantBox/africanum_analysis/lab: Waiting for transfers to finish
2019/05/30 17:47:56 INFO  : SAMEA2340914_1.fastq.gz: Copied (new)
2019/05/30 17:47:56 INFO  : 
Transferred:   171.030 MBytes (11.628 MBytes/s)
Errors:                 0
Checks:                 0
Transferred:            1
Elapsed time:       14.7s
2019/05/30 17:47:56 DEBUG : Go routines at exit 9
2019/05/30 17:47:56 DEBUG : rclone: Version "v1.36" finishing with parameters ["rclone" "copy" "onedrive-em:africanum_analysis/lab/SAMEA2340914_1.fastq.gz" "." "-vv"]
2019/05/30 17:47:56 DEBUG : rclone: Version "v1.36" starting with parameters ["rclone" "copy" "onedrive-em:africanum_analysis/lab/SAMEA2340914_2.fastq.gz" "." "-vv"]
2019/05/30 17:47:59 INFO  : Local file system at /biodragon/vagrantBox/africanum_analysis/lab: Modify window is 1s
2019/05/30 17:47:59 INFO  : Local file system at /biodragon/vagrantBox/africanum_analysis/lab: Waiting for checks to finish
2019/05/30 17:47:59 INFO  : Local file system at /biodragon/vagrantBox/africanum_analysis/lab: Waiting for transfers to finish
2019/05/30 17:48:10 INFO  : SAMEA2340914_2.fastq.gz: Copied (new)
2019/05/30 17:48:10 INFO  : 
Transferred:   180.921 MBytes (12.741 MBytes/s)
Errors:                 0
Checks:                 0
Transferred:            1
Elapsed time:       14.2s
2019/05/30 17:48:10 DEBUG : Go routines at exit 9
2019/05/30 17:48:10 DEBUG : rclone: Version "v1.36" finishing with parameters ["rclone" "copy" "onedrive-em:africanum_analysis/lab/SAMEA2340914_2.fastq.gz" "." "-vv"]
2019/05/30 17:48:10 DEBUG : rclone: Version "v1.36" starting with parameters ["rclone" "copy" "onedrive-em:africanum_analysis/lab/SAMEA2340915_1.fastq.gz" "." "-vv"]
2019/05/30 17:48:12 INFO  : Local file system at /biodragon/vagrantBox/africanum_analysis/lab: Modify window is 1s
2019/05/30 17:48:12 INFO  : Local file system at /biodragon/vagrantBox/africanum_analysis/lab: Waiting for checks to finish
2019/05/30 17:48:12 INFO  : Local file system at /biodragon/vagrantBox/africanum_analysis/lab: Waiting for transfers to finish
2019/05/30 17:48:20 INFO  : SAMEA2340915_1.fastq.gz: Copied (new)
2019/05/30 17:48:20 INFO  : 
Transferred:   138.886 MBytes (14.011 MBytes/s)
Errors:                 0
Checks:                 0
Transferred:            1
Elapsed time:        9.9s
2019/05/30 17:48:20 DEBUG : Go routines at exit 9
2019/05/30 17:48:20 DEBUG : rclone: Version "v1.36" finishing with parameters ["rclone" "copy" "onedrive-em:africanum_analysis/lab/SAMEA2340915_1.fastq.gz" "." "-vv"]
2019/05/30 17:48:20 DEBUG : rclone: Version "v1.36" starting with parameters ["rclone" "copy" "onedrive-em:africanum_analysis/lab/SAMEA2340915_2.fastq.gz" "." "-vv"]
2019/05/30 17:48:22 INFO  : Local file system at /biodragon/vagrantBox/africanum_analysis/lab: Modify window is 1s
2019/05/30 17:48:22 INFO  : Local file system at /biodragon/vagrantBox/africanum_analysis/lab: Waiting for checks to finish
2019/05/30 17:48:22 INFO  : Local file system at /biodragon/vagrantBox/africanum_analysis/lab: Waiting for transfers to finish
2019/05/30 17:48:30 INFO  : SAMEA2340915_2.fastq.gz: Copied (new)
2019/05/30 17:48:30 INFO  : 
Transferred:   152.941 MBytes (15.632 MBytes/s)
Errors:                 0
Checks:                 0
Transferred:            1
Elapsed time:        9.7s
2019/05/30 17:48:30 DEBUG : Go routines at exit 9
2019/05/30 17:48:30 DEBUG : rclone: Version "v1.36" finishing with parameters ["rclone" "copy" "onedrive-em:africanum_analysis/lab/SAMEA2340915_2.fastq.gz" "." "-vv"]
2019/05/30 17:48:30 DEBUG : rclone: Version "v1.36" starting with parameters ["rclone" "copy" "onedrive-em:africanum_analysis/lab/SAMEA2340916_1.fastq.gz" "." "-vv"]
2019/05/30 17:48:31 INFO  : Local file system at /biodragon/vagrantBox/africanum_analysis/lab: Modify window is 1s
2019/05/30 17:48:32 INFO  : Local file system at /biodragon/vagrantBox/africanum_analysis/lab: Waiting for checks to finish
2019/05/30 17:48:32 INFO  : Local file system at /biodragon/vagrantBox/africanum_analysis/lab: Waiting for transfers to finish
2019/05/30 17:48:41 INFO  : SAMEA2340916_1.fastq.gz: Copied (new)
2019/05/30 17:48:41 INFO  : 
Transferred:   162.131 MBytes (14.748 MBytes/s)
Errors:                 0
Checks:                 0
Transferred:            1
Elapsed time:       10.9s
2019/05/30 17:48:41 DEBUG : Go routines at exit 9
2019/05/30 17:48:41 DEBUG : rclone: Version "v1.36" finishing with parameters ["rclone" "copy" "onedrive-em:africanum_analysis/lab/SAMEA2340916_1.fastq.gz" "." "-vv"]
2019/05/30 17:48:41 DEBUG : rclone: Version "v1.36" starting with parameters ["rclone" "copy" "onedrive-em:africanum_analysis/lab/SAMEA2340916_2.fastq.gz" "." "-vv"]
2019/05/30 17:48:43 INFO  : Local file system at /biodragon/vagrantBox/africanum_analysis/lab: Modify window is 1s
2019/05/30 17:48:43 INFO  : Local file system at /biodragon/vagrantBox/africanum_analysis/lab: Waiting for checks to finish
2019/05/30 17:48:43 INFO  : Local file system at /biodragon/vagrantBox/africanum_analysis/lab: Waiting for transfers to finish
2019/05/30 17:48:53 INFO  : SAMEA2340916_2.fastq.gz: Copied (new)
2019/05/30 17:48:53 INFO  : 
Transferred:   177.128 MBytes (14.768 MBytes/s)
Errors:                 0
Checks:                 0
Transferred:            1
Elapsed time:       11.9s
2019/05/30 17:48:53 DEBUG : Go routines at exit 9
2019/05/30 17:48:53 DEBUG : rclone: Version "v1.36" finishing with parameters ["rclone" "copy" "onedrive-em:africanum_analysis/lab/SAMEA2340916_2.fastq.gz" "." "-vv"]
2019/05/30 17:48:53 DEBUG : rclone: Version "v1.36" starting with parameters ["rclone" "copy" "onedrive-em:africanum_analysis/lab/SAMEA2340917_1.fastq.gz" "." "-vv"]
2019/05/30 17:48:55 INFO  : Local file system at /biodragon/vagrantBox/africanum_analysis/lab: Modify window is 1s
2019/05/30 17:48:55 INFO  : Local file system at /biodragon/vagrantBox/africanum_analysis/lab: Waiting for checks to finish
2019/05/30 17:48:55 INFO  : Local file system at /biodragon/vagrantBox/africanum_analysis/lab: Waiting for transfers to finish
2019/05/30 17:49:07 INFO  : SAMEA2340917_1.fastq.gz: Copied (new)
2019/05/30 17:49:07 INFO  : 
Transferred:   240.033 MBytes (17.621 MBytes/s)
Errors:                 0
Checks:                 0
Transferred:            1
Elapsed time:       13.6s
2019/05/30 17:49:07 DEBUG : Go routines at exit 9
2019/05/30 17:49:07 DEBUG : rclone: Version "v1.36" finishing with parameters ["rclone" "copy" "onedrive-em:africanum_analysis/lab/SAMEA2340917_1.fastq.gz" "." "-vv"]
2019/05/30 17:49:07 DEBUG : rclone: Version "v1.36" starting with parameters ["rclone" "copy" "onedrive-em:africanum_analysis/lab/SAMEA2340917_2.fastq.gz" "." "-vv"]
2019/05/30 17:49:08 INFO  : Local file system at /biodragon/vagrantBox/africanum_analysis/lab: Modify window is 1s
2019/05/30 17:49:08 INFO  : Local file system at /biodragon/vagrantBox/africanum_analysis/lab: Waiting for checks to finish
2019/05/30 17:49:08 INFO  : Local file system at /biodragon/vagrantBox/africanum_analysis/lab: Waiting for transfers to finish
2019/05/30 17:49:22 INFO  : SAMEA2340917_2.fastq.gz: Copied (new)
2019/05/30 17:49:22 INFO  : 
Transferred:   252.718 MBytes (16.555 MBytes/s)
Errors:                 0
Checks:                 0
Transferred:            1
Elapsed time:       15.2s
2019/05/30 17:49:22 DEBUG : Go routines at exit 9
2019/05/30 17:49:22 DEBUG : rclone: Version "v1.36" finishing with parameters ["rclone" "copy" "onedrive-em:africanum_analysis/lab/SAMEA2340917_2.fastq.gz" "." "-vv"]
2019/05/30 17:49:22 DEBUG : rclone: Version "v1.36" starting with parameters ["rclone" "copy" "onedrive-em:africanum_analysis/lab/SAMEA2340918_1.fastq.gz" "." "-vv"]
2019/05/30 17:49:24 INFO  : Local file system at /biodragon/vagrantBox/africanum_analysis/lab: Modify window is 1s
2019/05/30 17:49:24 INFO  : Local file system at /biodragon/vagrantBox/africanum_analysis/lab: Waiting for checks to finish
2019/05/30 17:49:24 INFO  : Local file system at /biodragon/vagrantBox/africanum_analysis/lab: Waiting for transfers to finish
2019/05/30 17:49:39 INFO  : SAMEA2340918_1.fastq.gz: Copied (new)
2019/05/30 17:49:39 INFO  : 
Transferred:   227.940 MBytes (13.845 MBytes/s)
Errors:                 0
Checks:                 0
Transferred:            1
Elapsed time:       16.4s
2019/05/30 17:49:39 DEBUG : Go routines at exit 9
2019/05/30 17:49:39 DEBUG : rclone: Version "v1.36" finishing with parameters ["rclone" "copy" "onedrive-em:africanum_analysis/lab/SAMEA2340918_1.fastq.gz" "." "-vv"]
2019/05/30 17:49:39 DEBUG : rclone: Version "v1.36" starting with parameters ["rclone" "copy" "onedrive-em:africanum_analysis/lab/SAMEA2340918_2.fastq.gz" "." "-vv"]
2019/05/30 17:49:40 INFO  : Local file system at /biodragon/vagrantBox/africanum_analysis/lab: Modify window is 1s
2019/05/30 17:49:40 INFO  : Local file system at /biodragon/vagrantBox/africanum_analysis/lab: Waiting for checks to finish
2019/05/30 17:49:40 INFO  : Local file system at /biodragon/vagrantBox/africanum_analysis/lab: Waiting for transfers to finish
2019/05/30 17:49:54 INFO  : SAMEA2340918_2.fastq.gz: Copied (new)
2019/05/30 17:49:54 INFO  : 
Transferred:   240.517 MBytes (15.326 MBytes/s)
Errors:                 0
Checks:                 0
Transferred:            1
Elapsed time:       15.6s
2019/05/30 17:49:54 DEBUG : Go routines at exit 9
2019/05/30 17:49:54 DEBUG : rclone: Version "v1.36" finishing with parameters ["rclone" "copy" "onedrive-em:africanum_analysis/lab/SAMEA2340918_2.fastq.gz" "." "-vv"]
2019/05/30 17:49:54 DEBUG : rclone: Version "v1.36" starting with parameters ["rclone" "copy" "onedrive-em:africanum_analysis/lab/SAMEA2340919_1.fastq.gz" "." "-vv"]
2019/05/30 17:49:56 INFO  : Local file system at /biodragon/vagrantBox/africanum_analysis/lab: Modify window is 1s
2019/05/30 17:49:57 INFO  : Local file system at /biodragon/vagrantBox/africanum_analysis/lab: Waiting for checks to finish
2019/05/30 17:49:57 INFO  : Local file system at /biodragon/vagrantBox/africanum_analysis/lab: Waiting for transfers to finish
2019/05/30 17:50:05 INFO  : SAMEA2340919_1.fastq.gz: Copied (new)
2019/05/30 17:50:05 INFO  : 
Transferred:   158.538 MBytes (15.192 MBytes/s)
Errors:                 0
Checks:                 0
Transferred:            1
Elapsed time:       10.4s
2019/05/30 17:50:05 DEBUG : Go routines at exit 9
2019/05/30 17:50:05 DEBUG : rclone: Version "v1.36" finishing with parameters ["rclone" "copy" "onedrive-em:africanum_analysis/lab/SAMEA2340919_1.fastq.gz" "." "-vv"]
2019/05/30 17:50:05 DEBUG : rclone: Version "v1.36" starting with parameters ["rclone" "copy" "onedrive-em:africanum_analysis/lab/SAMEA2340919_2.fastq.gz" "." "-vv"]
2019/05/30 17:50:09 INFO  : Local file system at /biodragon/vagrantBox/africanum_analysis/lab: Modify window is 1s
2019/05/30 17:50:09 INFO  : Local file system at /biodragon/vagrantBox/africanum_analysis/lab: Waiting for checks to finish
2019/05/30 17:50:09 INFO  : Local file system at /biodragon/vagrantBox/africanum_analysis/lab: Waiting for transfers to finish
2019/05/30 17:50:18 INFO  : SAMEA2340919_2.fastq.gz: Copied (new)
2019/05/30 17:50:18 INFO  : 
Transferred:   172.493 MBytes (13.093 MBytes/s)
Errors:                 0
Checks:                 0
Transferred:            1
Elapsed time:       13.1s
2019/05/30 17:50:18 DEBUG : Go routines at exit 9
2019/05/30 17:50:18 DEBUG : rclone: Version "v1.36" finishing with parameters ["rclone" "copy" "onedrive-em:africanum_analysis/lab/SAMEA2340919_2.fastq.gz" "." "-vv"]
2019/05/30 17:50:18 DEBUG : rclone: Version "v1.36" starting with parameters ["rclone" "copy" "onedrive-em:africanum_analysis/lab/SAMEA2340920_1.fastq.gz" "." "-vv"]
2019/05/30 17:50:20 INFO  : Local file system at /biodragon/vagrantBox/africanum_analysis/lab: Modify window is 1s
2019/05/30 17:50:20 INFO  : Local file system at /biodragon/vagrantBox/africanum_analysis/lab: Waiting for checks to finish
2019/05/30 17:50:20 INFO  : Local file system at /biodragon/vagrantBox/africanum_analysis/lab: Waiting for transfers to finish
2019/05/30 17:50:27 INFO  : SAMEA2340920_1.fastq.gz: Copied (new)
2019/05/30 17:50:27 INFO  : 
Transferred:   133.767 MBytes (14.830 MBytes/s)
Errors:                 0
Checks:                 0
Transferred:            1
Elapsed time:          9s
2019/05/30 17:50:27 DEBUG : Go routines at exit 9
2019/05/30 17:50:27 DEBUG : rclone: Version "v1.36" finishing with parameters ["rclone" "copy" "onedrive-em:africanum_analysis/lab/SAMEA2340920_1.fastq.gz" "." "-vv"]
2019/05/30 17:50:27 DEBUG : rclone: Version "v1.36" starting with parameters ["rclone" "copy" "onedrive-em:africanum_analysis/lab/SAMEA2340920_2.fastq.gz" "." "-vv"]
2019/05/30 17:50:29 INFO  : Local file system at /biodragon/vagrantBox/africanum_analysis/lab: Modify window is 1s
2019/05/30 17:50:29 INFO  : Local file system at /biodragon/vagrantBox/africanum_analysis/lab: Waiting for checks to finish
2019/05/30 17:50:29 INFO  : Local file system at /biodragon/vagrantBox/africanum_analysis/lab: Waiting for transfers to finish
2019/05/30 17:50:37 INFO  : SAMEA2340920_2.fastq.gz: Copied (new)
2019/05/30 17:50:37 INFO  : 
Transferred:   144.150 MBytes (14.801 MBytes/s)
Errors:                 0
Checks:                 0
Transferred:            1
Elapsed time:        9.7s
2019/05/30 17:50:37 DEBUG : Go routines at exit 10
2019/05/30 17:50:37 DEBUG : rclone: Version "v1.36" finishing with parameters ["rclone" "copy" "onedrive-em:africanum_analysis/lab/SAMEA2340920_2.fastq.gz" "." "-vv"]
2019/05/30 17:50:37 DEBUG : rclone: Version "v1.36" starting with parameters ["rclone" "copy" "onedrive-em:africanum_analysis/lab/SAMEA2340921_1.fastq.gz" "." "-vv"]
2019/05/30 17:50:38 INFO  : Local file system at /biodragon/vagrantBox/africanum_analysis/lab: Modify window is 1s
2019/05/30 17:50:38 INFO  : Local file system at /biodragon/vagrantBox/africanum_analysis/lab: Waiting for checks to finish
2019/05/30 17:50:38 INFO  : Local file system at /biodragon/vagrantBox/africanum_analysis/lab: Waiting for transfers to finish
2019/05/30 17:50:49 INFO  : SAMEA2340921_1.fastq.gz: Copied (new)
2019/05/30 17:50:49 INFO  : 
Transferred:   147.634 MBytes (12.224 MBytes/s)
Errors:                 0
Checks:                 0
Transferred:            1
Elapsed time:         12s
2019/05/30 17:50:49 DEBUG : Go routines at exit 9
2019/05/30 17:50:49 DEBUG : rclone: Version "v1.36" finishing with parameters ["rclone" "copy" "onedrive-em:africanum_analysis/lab/SAMEA2340921_1.fastq.gz" "." "-vv"]
2019/05/30 17:50:49 DEBUG : rclone: Version "v1.36" starting with parameters ["rclone" "copy" "onedrive-em:africanum_analysis/lab/SAMEA2340921_2.fastq.gz" "." "-vv"]
2019/05/30 17:50:50 INFO  : Local file system at /biodragon/vagrantBox/africanum_analysis/lab: Modify window is 1s
2019/05/30 17:50:51 INFO  : Local file system at /biodragon/vagrantBox/africanum_analysis/lab: Waiting for checks to finish
2019/05/30 17:50:51 INFO  : Local file system at /biodragon/vagrantBox/africanum_analysis/lab: Waiting for transfers to finish
2019/05/30 17:50:59 INFO  : SAMEA2340921_2.fastq.gz: Copied (new)
2019/05/30 17:50:59 INFO  : 
Transferred:   160.118 MBytes (16.210 MBytes/s)
Errors:                 0
Checks:                 0
Transferred:            1
Elapsed time:        9.8s
2019/05/30 17:50:59 DEBUG : Go routines at exit 9
2019/05/30 17:50:59 DEBUG : rclone: Version "v1.36" finishing with parameters ["rclone" "copy" "onedrive-em:africanum_analysis/lab/SAMEA2340921_2.fastq.gz" "." "-vv"]
2019/05/30 17:50:59 DEBUG : rclone: Version "v1.36" starting with parameters ["rclone" "copy" "onedrive-em:africanum_analysis/lab/SAMEA2340922_1.fastq.gz" "." "-vv"]
2019/05/30 17:51:00 INFO  : Local file system at /biodragon/vagrantBox/africanum_analysis/lab: Modify window is 1s
2019/05/30 17:51:00 INFO  : Local file system at /biodragon/vagrantBox/africanum_analysis/lab: Waiting for checks to finish
2019/05/30 17:51:00 INFO  : Local file system at /biodragon/vagrantBox/africanum_analysis/lab: Waiting for transfers to finish
2019/05/30 17:51:12 INFO  : SAMEA2340922_1.fastq.gz: Copied (new)
2019/05/30 17:51:12 INFO  : 
Transferred:   139.368 MBytes (10.596 MBytes/s)
Errors:                 0
Checks:                 0
Transferred:            1
Elapsed time:       13.1s
2019/05/30 17:51:12 DEBUG : Go routines at exit 9
2019/05/30 17:51:12 DEBUG : rclone: Version "v1.36" finishing with parameters ["rclone" "copy" "onedrive-em:africanum_analysis/lab/SAMEA2340922_1.fastq.gz" "." "-vv"]
2019/05/30 17:51:12 DEBUG : rclone: Version "v1.36" starting with parameters ["rclone" "copy" "onedrive-em:africanum_analysis/lab/SAMEA2340922_2.fastq.gz" "." "-vv"]
2019/05/30 17:51:13 INFO  : Local file system at /biodragon/vagrantBox/africanum_analysis/lab: Modify window is 1s
2019/05/30 17:51:13 INFO  : Local file system at /biodragon/vagrantBox/africanum_analysis/lab: Waiting for checks to finish
2019/05/30 17:51:13 INFO  : Local file system at /biodragon/vagrantBox/africanum_analysis/lab: Waiting for transfers to finish
2019/05/30 17:51:37 INFO  : SAMEA2340922_2.fastq.gz: Copied (new)
2019/05/30 17:51:37 INFO  : 
Transferred:   151.828 MBytes (5.953 MBytes/s)
Errors:                 0
Checks:                 0
Transferred:            1
Elapsed time:       25.5s
2019/05/30 17:51:37 DEBUG : Go routines at exit 9
2019/05/30 17:51:37 DEBUG : rclone: Version "v1.36" finishing with parameters ["rclone" "copy" "onedrive-em:africanum_analysis/lab/SAMEA2340922_2.fastq.gz" "." "-vv"]
2019/05/30 17:51:37 DEBUG : rclone: Version "v1.36" starting with parameters ["rclone" "copy" "onedrive-em:africanum_analysis/lab/SAMEA2340923_1.fastq.gz" "." "-vv"]
2019/05/30 17:51:39 INFO  : Local file system at /biodragon/vagrantBox/africanum_analysis/lab: Modify window is 1s
2019/05/30 17:51:39 INFO  : Local file system at /biodragon/vagrantBox/africanum_analysis/lab: Waiting for checks to finish
2019/05/30 17:51:39 INFO  : Local file system at /biodragon/vagrantBox/africanum_analysis/lab: Waiting for transfers to finish
2019/05/30 17:51:46 INFO  : SAMEA2340923_1.fastq.gz: Copied (new)
2019/05/30 17:51:46 INFO  : 
Transferred:   144.655 MBytes (16.134 MBytes/s)
Errors:                 0
Checks:                 0
Transferred:            1
Elapsed time:        8.9s
2019/05/30 17:51:46 DEBUG : Go routines at exit 9
2019/05/30 17:51:46 DEBUG : rclone: Version "v1.36" finishing with parameters ["rclone" "copy" "onedrive-em:africanum_analysis/lab/SAMEA2340923_1.fastq.gz" "." "-vv"]
2019/05/30 17:51:46 DEBUG : rclone: Version "v1.36" starting with parameters ["rclone" "copy" "onedrive-em:africanum_analysis/lab/SAMEA2340923_2.fastq.gz" "." "-vv"]
2019/05/30 17:51:48 INFO  : Local file system at /biodragon/vagrantBox/africanum_analysis/lab: Modify window is 1s
2019/05/30 17:51:48 INFO  : Local file system at /biodragon/vagrantBox/africanum_analysis/lab: Waiting for checks to finish
2019/05/30 17:51:48 INFO  : Local file system at /biodragon/vagrantBox/africanum_analysis/lab: Waiting for transfers to finish
2019/05/30 17:52:01 INFO  : SAMEA2340923_2.fastq.gz: Copied (new)
2019/05/30 17:52:01 INFO  : 
Transferred:   157.793 MBytes (11.049 MBytes/s)
Errors:                 0
Checks:                 0
Transferred:            1
Elapsed time:       14.2s
2019/05/30 17:52:01 DEBUG : Go routines at exit 9
2019/05/30 17:52:01 DEBUG : rclone: Version "v1.36" finishing with parameters ["rclone" "copy" "onedrive-em:africanum_analysis/lab/SAMEA2340923_2.fastq.gz" "." "-vv"]
2019/05/30 17:52:01 DEBUG : rclone: Version "v1.36" starting with parameters ["rclone" "copy" "onedrive-em:africanum_analysis/lab/SAMEA2340924_1.fastq.gz" "." "-vv"]
2019/05/30 17:52:03 INFO  : Local file system at /biodragon/vagrantBox/africanum_analysis/lab: Modify window is 1s
2019/05/30 17:52:03 INFO  : Local file system at /biodragon/vagrantBox/africanum_analysis/lab: Waiting for checks to finish
2019/05/30 17:52:03 INFO  : Local file system at /biodragon/vagrantBox/africanum_analysis/lab: Waiting for transfers to finish
2019/05/30 17:52:09 INFO  : SAMEA2340924_1.fastq.gz: Copied (new)
2019/05/30 17:52:09 INFO  : 
Transferred:   114.807 MBytes (13.317 MBytes/s)
Errors:                 0
Checks:                 0
Transferred:            1
Elapsed time:        8.6s
2019/05/30 17:52:09 DEBUG : Go routines at exit 9
2019/05/30 17:52:09 DEBUG : rclone: Version "v1.36" finishing with parameters ["rclone" "copy" "onedrive-em:africanum_analysis/lab/SAMEA2340924_1.fastq.gz" "." "-vv"]
2019/05/30 17:52:09 DEBUG : rclone: Version "v1.36" starting with parameters ["rclone" "copy" "onedrive-em:africanum_analysis/lab/SAMEA2340924_2.fastq.gz" "." "-vv"]
2019/05/30 17:52:12 INFO  : Local file system at /biodragon/vagrantBox/africanum_analysis/lab: Modify window is 1s
2019/05/30 17:52:12 INFO  : Local file system at /biodragon/vagrantBox/africanum_analysis/lab: Waiting for checks to finish
2019/05/30 17:52:12 INFO  : Local file system at /biodragon/vagrantBox/africanum_analysis/lab: Waiting for transfers to finish
2019/05/30 17:52:22 INFO  : SAMEA2340924_2.fastq.gz: Copied (new)
2019/05/30 17:52:22 INFO  : 
Transferred:   121.016 MBytes (9.659 MBytes/s)
Errors:                 0
Checks:                 0
Transferred:            1
Elapsed time:       12.5s
2019/05/30 17:52:22 DEBUG : Go routines at exit 9
2019/05/30 17:52:22 DEBUG : rclone: Version "v1.36" finishing with parameters ["rclone" "copy" "onedrive-em:africanum_analysis/lab/SAMEA2340924_2.fastq.gz" "." "-vv"]
2019/05/30 17:52:22 DEBUG : rclone: Version "v1.36" starting with parameters ["rclone" "copy" "onedrive-em:africanum_analysis/lab/SAMEA2340929_1.fastq.gz" "." "-vv"]
2019/05/30 17:52:24 INFO  : Local file system at /biodragon/vagrantBox/africanum_analysis/lab: Modify window is 1s
2019/05/30 17:52:24 INFO  : Local file system at /biodragon/vagrantBox/africanum_analysis/lab: Waiting for checks to finish
2019/05/30 17:52:24 INFO  : Local file system at /biodragon/vagrantBox/africanum_analysis/lab: Waiting for transfers to finish
2019/05/30 17:52:38 INFO  : SAMEA2340929_1.fastq.gz: Copied (new)
2019/05/30 17:52:38 INFO  : 
Transferred:   154.997 MBytes (9.724 MBytes/s)
Errors:                 0
Checks:                 0
Transferred:            1
Elapsed time:       15.9s
2019/05/30 17:52:38 DEBUG : Go routines at exit 9
2019/05/30 17:52:38 DEBUG : rclone: Version "v1.36" finishing with parameters ["rclone" "copy" "onedrive-em:africanum_analysis/lab/SAMEA2340929_1.fastq.gz" "." "-vv"]
2019/05/30 17:52:38 DEBUG : rclone: Version "v1.36" starting with parameters ["rclone" "copy" "onedrive-em:africanum_analysis/lab/SAMEA2340929_2.fastq.gz" "." "-vv"]
2019/05/30 17:52:40 INFO  : Local file system at /biodragon/vagrantBox/africanum_analysis/lab: Modify window is 1s
2019/05/30 17:52:40 INFO  : Local file system at /biodragon/vagrantBox/africanum_analysis/lab: Waiting for checks to finish
2019/05/30 17:52:40 INFO  : Local file system at /biodragon/vagrantBox/africanum_analysis/lab: Waiting for transfers to finish
2019/05/30 17:52:52 INFO  : SAMEA2340929_2.fastq.gz: Copied (new)
2019/05/30 17:52:52 INFO  : 
Transferred:   169.867 MBytes (11.811 MBytes/s)
Errors:                 0
Checks:                 0
Transferred:            1
Elapsed time:       14.3s
2019/05/30 17:52:52 DEBUG : Go routines at exit 9
2019/05/30 17:52:52 DEBUG : rclone: Version "v1.36" finishing with parameters ["rclone" "copy" "onedrive-em:africanum_analysis/lab/SAMEA2340929_2.fastq.gz" "." "-vv"]
2019/05/30 17:52:52 DEBUG : rclone: Version "v1.36" starting with parameters ["rclone" "copy" "onedrive-em:africanum_analysis/lab/SAMEA2340930_1.fastq.gz" "." "-vv"]
2019/05/30 17:52:54 INFO  : Local file system at /biodragon/vagrantBox/africanum_analysis/lab: Modify window is 1s
2019/05/30 17:52:54 INFO  : Local file system at /biodragon/vagrantBox/africanum_analysis/lab: Waiting for checks to finish
2019/05/30 17:52:54 INFO  : Local file system at /biodragon/vagrantBox/africanum_analysis/lab: Waiting for transfers to finish
2019/05/30 17:53:06 INFO  : SAMEA2340930_1.fastq.gz: Copied (new)
2019/05/30 17:53:06 INFO  : 
Transferred:   138.537 MBytes (9.715 MBytes/s)
Errors:                 0
Checks:                 0
Transferred:            1
Elapsed time:       14.2s
2019/05/30 17:53:06 DEBUG : Go routines at exit 9
2019/05/30 17:53:06 DEBUG : rclone: Version "v1.36" finishing with parameters ["rclone" "copy" "onedrive-em:africanum_analysis/lab/SAMEA2340930_1.fastq.gz" "." "-vv"]
2019/05/30 17:53:06 DEBUG : rclone: Version "v1.36" starting with parameters ["rclone" "copy" "onedrive-em:africanum_analysis/lab/SAMEA2340930_2.fastq.gz" "." "-vv"]
2019/05/30 17:53:08 INFO  : Local file system at /biodragon/vagrantBox/africanum_analysis/lab: Modify window is 1s
2019/05/30 17:53:08 INFO  : Local file system at /biodragon/vagrantBox/africanum_analysis/lab: Waiting for checks to finish
2019/05/30 17:53:08 INFO  : Local file system at /biodragon/vagrantBox/africanum_analysis/lab: Waiting for transfers to finish
2019/05/30 17:53:17 INFO  : SAMEA2340930_2.fastq.gz: Copied (new)
2019/05/30 17:53:17 INFO  : 
Transferred:   151.945 MBytes (13.910 MBytes/s)
Errors:                 0
Checks:                 0
Transferred:            1
Elapsed time:       10.9s
2019/05/30 17:53:17 DEBUG : Go routines at exit 10
2019/05/30 17:53:17 DEBUG : rclone: Version "v1.36" finishing with parameters ["rclone" "copy" "onedrive-em:africanum_analysis/lab/SAMEA2340930_2.fastq.gz" "." "-vv"]
2019/05/30 17:53:17 DEBUG : rclone: Version "v1.36" starting with parameters ["rclone" "copy" "onedrive-em:africanum_analysis/lab/SAMEA2340931_1.fastq.gz" "." "-vv"]
2019/05/30 17:53:19 INFO  : Local file system at /biodragon/vagrantBox/africanum_analysis/lab: Modify window is 1s
2019/05/30 17:53:20 INFO  : Local file system at /biodragon/vagrantBox/africanum_analysis/lab: Waiting for checks to finish
2019/05/30 17:53:20 INFO  : Local file system at /biodragon/vagrantBox/africanum_analysis/lab: Waiting for transfers to finish
2019/05/30 17:53:27 INFO  : SAMEA2340931_1.fastq.gz: Copied (new)
2019/05/30 17:53:27 INFO  : 
Transferred:   154.394 MBytes (16.205 MBytes/s)
Errors:                 0
Checks:                 0
Transferred:            1
Elapsed time:        9.5s
2019/05/30 17:53:27 DEBUG : Go routines at exit 9
2019/05/30 17:53:27 DEBUG : rclone: Version "v1.36" finishing with parameters ["rclone" "copy" "onedrive-em:africanum_analysis/lab/SAMEA2340931_1.fastq.gz" "." "-vv"]
2019/05/30 17:53:27 DEBUG : rclone: Version "v1.36" starting with parameters ["rclone" "copy" "onedrive-em:africanum_analysis/lab/SAMEA2340931_2.fastq.gz" "." "-vv"]
2019/05/30 17:53:29 INFO  : Local file system at /biodragon/vagrantBox/africanum_analysis/lab: Modify window is 1s
2019/05/30 17:53:29 INFO  : Local file system at /biodragon/vagrantBox/africanum_analysis/lab: Waiting for checks to finish
2019/05/30 17:53:29 INFO  : Local file system at /biodragon/vagrantBox/africanum_analysis/lab: Waiting for transfers to finish
2019/05/30 17:53:39 INFO  : SAMEA2340931_2.fastq.gz: Copied (new)
2019/05/30 17:53:39 INFO  : 
Transferred:   168.522 MBytes (13.385 MBytes/s)
Errors:                 0
Checks:                 0
Transferred:            1
Elapsed time:       12.5s
2019/05/30 17:53:39 DEBUG : Go routines at exit 9
2019/05/30 17:53:39 DEBUG : rclone: Version "v1.36" finishing with parameters ["rclone" "copy" "onedrive-em:africanum_analysis/lab/SAMEA2340931_2.fastq.gz" "." "-vv"]
2019/05/30 17:53:39 DEBUG : rclone: Version "v1.36" starting with parameters ["rclone" "copy" "onedrive-em:africanum_analysis/lab/SAMEA2340932_1.fastq.gz" "." "-vv"]
2019/05/30 17:53:42 INFO  : Local file system at /biodragon/vagrantBox/africanum_analysis/lab: Modify window is 1s
2019/05/30 17:53:42 INFO  : Local file system at /biodragon/vagrantBox/africanum_analysis/lab: Waiting for checks to finish
2019/05/30 17:53:42 INFO  : Local file system at /biodragon/vagrantBox/africanum_analysis/lab: Waiting for transfers to finish
2019/05/30 17:53:51 INFO  : SAMEA2340932_1.fastq.gz: Copied (new)
2019/05/30 17:53:51 INFO  : 
Transferred:   200.232 MBytes (16.725 MBytes/s)
Errors:                 0
Checks:                 0
Transferred:            1
Elapsed time:       11.9s
2019/05/30 17:53:51 DEBUG : Go routines at exit 9
2019/05/30 17:53:51 DEBUG : rclone: Version "v1.36" finishing with parameters ["rclone" "copy" "onedrive-em:africanum_analysis/lab/SAMEA2340932_1.fastq.gz" "." "-vv"]
2019/05/30 17:53:51 DEBUG : rclone: Version "v1.36" starting with parameters ["rclone" "copy" "onedrive-em:africanum_analysis/lab/SAMEA2340932_2.fastq.gz" "." "-vv"]
2019/05/30 17:53:53 INFO  : Local file system at /biodragon/vagrantBox/africanum_analysis/lab: Modify window is 1s
2019/05/30 17:53:53 INFO  : Local file system at /biodragon/vagrantBox/africanum_analysis/lab: Waiting for checks to finish
2019/05/30 17:53:53 INFO  : Local file system at /biodragon/vagrantBox/africanum_analysis/lab: Waiting for transfers to finish
2019/05/30 17:54:04 INFO  : SAMEA2340932_2.fastq.gz: Copied (new)
2019/05/30 17:54:04 INFO  : 
Transferred:   211.535 MBytes (16.363 MBytes/s)
Errors:                 0
Checks:                 0
Transferred:            1
Elapsed time:       12.9s
2019/05/30 17:54:04 DEBUG : Go routines at exit 9
2019/05/30 17:54:04 DEBUG : rclone: Version "v1.36" finishing with parameters ["rclone" "copy" "onedrive-em:africanum_analysis/lab/SAMEA2340932_2.fastq.gz" "." "-vv"]
2019/05/30 17:54:04 DEBUG : rclone: Version "v1.36" starting with parameters ["rclone" "copy" "onedrive-em:africanum_analysis/lab/SAMEA2340933_1.fastq.gz" "." "-vv"]
2019/05/30 17:54:05 INFO  : Local file system at /biodragon/vagrantBox/africanum_analysis/lab: Modify window is 1s
2019/05/30 17:54:06 INFO  : Local file system at /biodragon/vagrantBox/africanum_analysis/lab: Waiting for checks to finish
2019/05/30 17:54:06 INFO  : Local file system at /biodragon/vagrantBox/africanum_analysis/lab: Waiting for transfers to finish
2019/05/30 17:54:15 INFO  : SAMEA2340933_1.fastq.gz: Copied (new)
2019/05/30 17:54:15 INFO  : 
Transferred:   166.207 MBytes (15.628 MBytes/s)
Errors:                 0
Checks:                 0
Transferred:            1
Elapsed time:       10.6s
2019/05/30 17:54:15 DEBUG : Go routines at exit 9
2019/05/30 17:54:15 DEBUG : rclone: Version "v1.36" finishing with parameters ["rclone" "copy" "onedrive-em:africanum_analysis/lab/SAMEA2340933_1.fastq.gz" "." "-vv"]
2019/05/30 17:54:15 DEBUG : rclone: Version "v1.36" starting with parameters ["rclone" "copy" "onedrive-em:africanum_analysis/lab/SAMEA2340933_2.fastq.gz" "." "-vv"]
2019/05/30 17:54:17 INFO  : Local file system at /biodragon/vagrantBox/africanum_analysis/lab: Modify window is 1s
2019/05/30 17:54:17 INFO  : Local file system at /biodragon/vagrantBox/africanum_analysis/lab: Waiting for checks to finish
2019/05/30 17:54:17 INFO  : Local file system at /biodragon/vagrantBox/africanum_analysis/lab: Waiting for transfers to finish
2019/05/30 17:54:27 INFO  : SAMEA2340933_2.fastq.gz: Copied (new)
2019/05/30 17:54:27 INFO  : 
Transferred:   181.469 MBytes (14.809 MBytes/s)
Errors:                 0
Checks:                 0
Transferred:            1
Elapsed time:       12.2s
2019/05/30 17:54:27 DEBUG : Go routines at exit 9
2019/05/30 17:54:27 DEBUG : rclone: Version "v1.36" finishing with parameters ["rclone" "copy" "onedrive-em:africanum_analysis/lab/SAMEA2340933_2.fastq.gz" "." "-vv"]
2019/05/30 17:54:27 DEBUG : rclone: Version "v1.36" starting with parameters ["rclone" "copy" "onedrive-em:africanum_analysis/lab/SAMEA2340935_1.fastq.gz" "." "-vv"]
2019/05/30 17:54:28 INFO  : Local file system at /biodragon/vagrantBox/africanum_analysis/lab: Modify window is 1s
2019/05/30 17:54:29 INFO  : Local file system at /biodragon/vagrantBox/africanum_analysis/lab: Waiting for checks to finish
2019/05/30 17:54:29 INFO  : Local file system at /biodragon/vagrantBox/africanum_analysis/lab: Waiting for transfers to finish
2019/05/30 17:54:39 INFO  : SAMEA2340935_1.fastq.gz: Copied (new)
2019/05/30 17:54:39 INFO  : 
Transferred:   140.191 MBytes (12.374 MBytes/s)
Errors:                 0
Checks:                 0
Transferred:            1
Elapsed time:       11.3s
2019/05/30 17:54:39 DEBUG : Go routines at exit 9
2019/05/30 17:54:39 DEBUG : rclone: Version "v1.36" finishing with parameters ["rclone" "copy" "onedrive-em:africanum_analysis/lab/SAMEA2340935_1.fastq.gz" "." "-vv"]
2019/05/30 17:54:39 DEBUG : rclone: Version "v1.36" starting with parameters ["rclone" "copy" "onedrive-em:africanum_analysis/lab/SAMEA2340935_2.fastq.gz" "." "-vv"]
2019/05/30 17:54:40 INFO  : Local file system at /biodragon/vagrantBox/africanum_analysis/lab: Modify window is 1s
2019/05/30 17:54:40 INFO  : Local file system at /biodragon/vagrantBox/africanum_analysis/lab: Waiting for checks to finish
2019/05/30 17:54:40 INFO  : Local file system at /biodragon/vagrantBox/africanum_analysis/lab: Waiting for transfers to finish
2019/05/30 17:54:50 INFO  : SAMEA2340935_2.fastq.gz: Copied (new)
2019/05/30 17:54:50 INFO  : 
Transferred:   152.362 MBytes (13.225 MBytes/s)
Errors:                 0
Checks:                 0
Transferred:            1
Elapsed time:       11.5s
2019/05/30 17:54:50 DEBUG : Go routines at exit 9
2019/05/30 17:54:50 DEBUG : rclone: Version "v1.36" finishing with parameters ["rclone" "copy" "onedrive-em:africanum_analysis/lab/SAMEA2340935_2.fastq.gz" "." "-vv"]
2019/05/30 17:54:50 DEBUG : rclone: Version "v1.36" starting with parameters ["rclone" "copy" "onedrive-em:africanum_analysis/lab/SAMEA2340936_1.fastq.gz" "." "-vv"]
2019/05/30 17:54:52 INFO  : Local file system at /biodragon/vagrantBox/africanum_analysis/lab: Modify window is 1s
2019/05/30 17:54:52 INFO  : Local file system at /biodragon/vagrantBox/africanum_analysis/lab: Waiting for checks to finish
2019/05/30 17:54:52 INFO  : Local file system at /biodragon/vagrantBox/africanum_analysis/lab: Waiting for transfers to finish
2019/05/30 17:54:58 INFO  : SAMEA2340936_1.fastq.gz: Copied (new)
2019/05/30 17:54:58 INFO  : 
Transferred:   135.876 MBytes (16.165 MBytes/s)
Errors:                 0
Checks:                 0
Transferred:            1
Elapsed time:        8.4s
2019/05/30 17:54:58 DEBUG : Go routines at exit 9
2019/05/30 17:54:58 DEBUG : rclone: Version "v1.36" finishing with parameters ["rclone" "copy" "onedrive-em:africanum_analysis/lab/SAMEA2340936_1.fastq.gz" "." "-vv"]
2019/05/30 17:54:58 DEBUG : rclone: Version "v1.36" starting with parameters ["rclone" "copy" "onedrive-em:africanum_analysis/lab/SAMEA2340936_2.fastq.gz" "." "-vv"]
2019/05/30 17:55:00 INFO  : Local file system at /biodragon/vagrantBox/africanum_analysis/lab: Modify window is 1s
2019/05/30 17:55:00 INFO  : Local file system at /biodragon/vagrantBox/africanum_analysis/lab: Waiting for checks to finish
2019/05/30 17:55:00 INFO  : Local file system at /biodragon/vagrantBox/africanum_analysis/lab: Waiting for transfers to finish
2019/05/30 17:55:07 INFO  : SAMEA2340936_2.fastq.gz: Copied (new)
2019/05/30 17:55:07 INFO  : 
Transferred:   147.775 MBytes (17.180 MBytes/s)
Errors:                 0
Checks:                 0
Transferred:            1
Elapsed time:        8.6s
2019/05/30 17:55:07 DEBUG : Go routines at exit 9
2019/05/30 17:55:07 DEBUG : rclone: Version "v1.36" finishing with parameters ["rclone" "copy" "onedrive-em:africanum_analysis/lab/SAMEA2340936_2.fastq.gz" "." "-vv"]
2019/05/30 17:55:07 DEBUG : rclone: Version "v1.36" starting with parameters ["rclone" "copy" "onedrive-em:africanum_analysis/lab/SAMEA2340938_1.fastq.gz" "." "-vv"]
2019/05/30 17:55:09 INFO  : Local file system at /biodragon/vagrantBox/africanum_analysis/lab: Modify window is 1s
2019/05/30 17:55:09 INFO  : Local file system at /biodragon/vagrantBox/africanum_analysis/lab: Waiting for checks to finish
2019/05/30 17:55:09 INFO  : Local file system at /biodragon/vagrantBox/africanum_analysis/lab: Waiting for transfers to finish
2019/05/30 17:55:15 INFO  : SAMEA2340938_1.fastq.gz: Copied (new)
2019/05/30 17:55:15 INFO  : 
Transferred:   129.213 MBytes (16.516 MBytes/s)
Errors:                 0
Checks:                 0
Transferred:            1
Elapsed time:        7.8s
2019/05/30 17:55:15 DEBUG : Go routines at exit 9
2019/05/30 17:55:15 DEBUG : rclone: Version "v1.36" finishing with parameters ["rclone" "copy" "onedrive-em:africanum_analysis/lab/SAMEA2340938_1.fastq.gz" "." "-vv"]
2019/05/30 17:55:15 DEBUG : rclone: Version "v1.36" starting with parameters ["rclone" "copy" "onedrive-em:africanum_analysis/lab/SAMEA2340938_2.fastq.gz" "." "-vv"]
2019/05/30 17:55:16 INFO  : Local file system at /biodragon/vagrantBox/africanum_analysis/lab: Modify window is 1s
2019/05/30 17:55:16 INFO  : Local file system at /biodragon/vagrantBox/africanum_analysis/lab: Waiting for checks to finish
2019/05/30 17:55:16 INFO  : Local file system at /biodragon/vagrantBox/africanum_analysis/lab: Waiting for transfers to finish
2019/05/30 17:55:23 INFO  : SAMEA2340938_2.fastq.gz: Copied (new)
2019/05/30 17:55:23 INFO  : 
Transferred:   140.485 MBytes (18.215 MBytes/s)
Errors:                 0
Checks:                 0
Transferred:            1
Elapsed time:        7.7s
2019/05/30 17:55:23 DEBUG : Go routines at exit 9
2019/05/30 17:55:23 DEBUG : rclone: Version "v1.36" finishing with parameters ["rclone" "copy" "onedrive-em:africanum_analysis/lab/SAMEA2340938_2.fastq.gz" "." "-vv"]
2019/05/30 17:55:23 DEBUG : rclone: Version "v1.36" starting with parameters ["rclone" "copy" "onedrive-em:africanum_analysis/lab/SAMEA2340939_1.fastq.gz" "." "-vv"]
2019/05/30 17:55:24 INFO  : Local file system at /biodragon/vagrantBox/africanum_analysis/lab: Modify window is 1s
2019/05/30 17:55:24 INFO  : Local file system at /biodragon/vagrantBox/africanum_analysis/lab: Waiting for checks to finish
2019/05/30 17:55:24 INFO  : Local file system at /biodragon/vagrantBox/africanum_analysis/lab: Waiting for transfers to finish
2019/05/30 17:55:33 INFO  : SAMEA2340939_1.fastq.gz: Copied (new)
2019/05/30 17:55:33 INFO  : 
Transferred:   63.427 MBytes (6.399 MBytes/s)
Errors:                 0
Checks:                 0
Transferred:            1
Elapsed time:        9.9s
2019/05/30 17:55:33 DEBUG : Go routines at exit 9
2019/05/30 17:55:33 DEBUG : rclone: Version "v1.36" finishing with parameters ["rclone" "copy" "onedrive-em:africanum_analysis/lab/SAMEA2340939_1.fastq.gz" "." "-vv"]
2019/05/30 17:55:33 DEBUG : rclone: Version "v1.36" starting with parameters ["rclone" "copy" "onedrive-em:africanum_analysis/lab/SAMEA2340939_2.fastq.gz" "." "-vv"]
2019/05/30 17:55:34 INFO  : Local file system at /biodragon/vagrantBox/africanum_analysis/lab: Modify window is 1s
2019/05/30 17:55:34 INFO  : Local file system at /biodragon/vagrantBox/africanum_analysis/lab: Waiting for checks to finish
2019/05/30 17:55:34 INFO  : Local file system at /biodragon/vagrantBox/africanum_analysis/lab: Waiting for transfers to finish
2019/05/30 17:55:48 INFO  : SAMEA2340939_2.fastq.gz: Copied (new)
2019/05/30 17:55:48 INFO  : 
Transferred:   65.057 MBytes (4.163 MBytes/s)
Errors:                 0
Checks:                 0
Transferred:            1
Elapsed time:       15.6s
2019/05/30 17:55:48 DEBUG : Go routines at exit 9
2019/05/30 17:55:48 DEBUG : rclone: Version "v1.36" finishing with parameters ["rclone" "copy" "onedrive-em:africanum_analysis/lab/SAMEA2340939_2.fastq.gz" "." "-vv"]
2019/05/30 17:55:48 DEBUG : rclone: Version "v1.36" starting with parameters ["rclone" "copy" "onedrive-em:africanum_analysis/lab/SAMEA2340940_1.fastq.gz" "." "-vv"]
2019/05/30 17:55:50 INFO  : Local file system at /biodragon/vagrantBox/africanum_analysis/lab: Modify window is 1s
2019/05/30 17:55:50 INFO  : Local file system at /biodragon/vagrantBox/africanum_analysis/lab: Waiting for checks to finish
2019/05/30 17:55:50 INFO  : Local file system at /biodragon/vagrantBox/africanum_analysis/lab: Waiting for transfers to finish
2019/05/30 17:56:01 INFO  : SAMEA2340940_1.fastq.gz: Copied (new)
2019/05/30 17:56:01 INFO  : 
Transferred:   230.531 MBytes (17.707 MBytes/s)
Errors:                 0
Checks:                 0
Transferred:            1
Elapsed time:         13s
2019/05/30 17:56:01 DEBUG : Go routines at exit 9
2019/05/30 17:56:01 DEBUG : rclone: Version "v1.36" finishing with parameters ["rclone" "copy" "onedrive-em:africanum_analysis/lab/SAMEA2340940_1.fastq.gz" "." "-vv"]
2019/05/30 17:56:01 DEBUG : rclone: Version "v1.36" starting with parameters ["rclone" "copy" "onedrive-em:africanum_analysis/lab/SAMEA2340940_2.fastq.gz" "." "-vv"]
2019/05/30 17:56:03 INFO  : Local file system at /biodragon/vagrantBox/africanum_analysis/lab: Modify window is 1s
2019/05/30 17:56:04 INFO  : Local file system at /biodragon/vagrantBox/africanum_analysis/lab: Waiting for checks to finish
2019/05/30 17:56:04 INFO  : Local file system at /biodragon/vagrantBox/africanum_analysis/lab: Waiting for transfers to finish
2019/05/30 17:56:14 INFO  : SAMEA2340940_2.fastq.gz: Copied (new)
2019/05/30 17:56:14 INFO  : 
Transferred:   242.203 MBytes (19.600 MBytes/s)
Errors:                 0
Checks:                 0
Transferred:            1
Elapsed time:       12.3s
2019/05/30 17:56:14 DEBUG : Go routines at exit 9
2019/05/30 17:56:14 DEBUG : rclone: Version "v1.36" finishing with parameters ["rclone" "copy" "onedrive-em:africanum_analysis/lab/SAMEA2340940_2.fastq.gz" "." "-vv"]
2019/05/30 17:56:14 DEBUG : rclone: Version "v1.36" starting with parameters ["rclone" "copy" "onedrive-em:africanum_analysis/lab/SAMEA2340941_1.fastq.gz" "." "-vv"]
2019/05/30 17:56:16 INFO  : Local file system at /biodragon/vagrantBox/africanum_analysis/lab: Modify window is 1s
2019/05/30 17:56:16 INFO  : Local file system at /biodragon/vagrantBox/africanum_analysis/lab: Waiting for checks to finish
2019/05/30 17:56:16 INFO  : Local file system at /biodragon/vagrantBox/africanum_analysis/lab: Waiting for transfers to finish
2019/05/30 17:56:24 INFO  : SAMEA2340941_1.fastq.gz: Copied (new)
2019/05/30 17:56:24 INFO  : 
Transferred:   152.724 MBytes (15.198 MBytes/s)
Errors:                 0
Checks:                 0
Transferred:            1
Elapsed time:         10s
2019/05/30 17:56:24 DEBUG : Go routines at exit 9
2019/05/30 17:56:24 DEBUG : rclone: Version "v1.36" finishing with parameters ["rclone" "copy" "onedrive-em:africanum_analysis/lab/SAMEA2340941_1.fastq.gz" "." "-vv"]
2019/05/30 17:56:24 DEBUG : rclone: Version "v1.36" starting with parameters ["rclone" "copy" "onedrive-em:africanum_analysis/lab/SAMEA2340941_2.fastq.gz" "." "-vv"]
2019/05/30 17:56:25 INFO  : Local file system at /biodragon/vagrantBox/africanum_analysis/lab: Modify window is 1s
2019/05/30 17:56:25 INFO  : Local file system at /biodragon/vagrantBox/africanum_analysis/lab: Waiting for checks to finish
2019/05/30 17:56:25 INFO  : Local file system at /biodragon/vagrantBox/africanum_analysis/lab: Waiting for transfers to finish
2019/05/30 17:56:38 INFO  : SAMEA2340941_2.fastq.gz: Copied (new)
2019/05/30 17:56:38 INFO  : 
Transferred:   166.770 MBytes (11.595 MBytes/s)
Errors:                 0
Checks:                 0
Transferred:            1
Elapsed time:       14.3s
2019/05/30 17:56:38 DEBUG : Go routines at exit 9
2019/05/30 17:56:38 DEBUG : rclone: Version "v1.36" finishing with parameters ["rclone" "copy" "onedrive-em:africanum_analysis/lab/SAMEA2340941_2.fastq.gz" "." "-vv"]
