perl: warning: Setting locale failed.
perl: warning: Please check that your locale settings:
	LANGUAGE = (unset),
	LC_ALL = (unset),
	LANG = "C.UTF-8"
    are supported and installed on your system.
perl: warning: Falling back to the standard locale ("C").
[13:23:14] Loading Snippy folders
[13:23:14] Using ID 'SAMEA2794337' for SAMEA2794337
[13:23:14] SAMEA2794337: found 2047 variants totalling 2165 bp in SAMEA2794337/snps.tab
[13:23:15] Using ID 'SAMEA2340940' for SAMEA2340940
[13:23:18] SAMEA2340940: found 44205 variants totalling 91049 bp in SAMEA2340940/snps.tab
[13:23:18] Using ID 'SAMEA3359895' for SAMEA3359895
[13:23:18] SAMEA3359895: found 743 variants totalling 796 bp in SAMEA3359895/snps.tab
[13:23:18] Using ID 'SAMEA2340885' for SAMEA2340885
[13:23:18] SAMEA2340885: found 0 variants totalling 0 bp in SAMEA2340885/snps.tab
[13:23:18] Using ID 'SAMEA3250476' for SAMEA3250476
[13:23:19] SAMEA3250476: found 1979 variants totalling 2081 bp in SAMEA3250476/snps.tab
[13:23:19] Using ID 'SAMEA3504601' for SAMEA3504601
[13:23:19] SAMEA3504601: found 2076 variants totalling 2224 bp in SAMEA3504601/snps.tab
[13:23:19] Using ID 'SAMEA3504621' for SAMEA3504621
[13:23:19] SAMEA3504621: found 2115 variants totalling 2281 bp in SAMEA3504621/snps.tab
[13:23:19] Using ID 'SAMEA2340905' for SAMEA2340905
[13:23:19] SAMEA2340905: found 134 variants totalling 311 bp in SAMEA2340905/snps.tab
[13:23:19] Using ID 'SAMEA2794329' for SAMEA2794329
[13:23:19] SAMEA2794329: found 2074 variants totalling 2197 bp in SAMEA2794329/snps.tab
[13:23:19] Using ID 'SAMEA3359890' for SAMEA3359890
[13:23:19] SAMEA3359890: found 2070 variants totalling 2182 bp in SAMEA3359890/snps.tab
[13:23:19] Using ID 'SAMEA2340874' for SAMEA2340874
[13:23:19] SAMEA2340874: found 1830 variants totalling 1897 bp in SAMEA2340874/snps.tab
[13:23:19] Using ID 'SAMEA2794339' for SAMEA2794339
[13:23:19] SAMEA2794339: found 120 variants totalling 201 bp in SAMEA2794339/snps.tab
[13:23:19] Using ID 'SAMEA2340883' for SAMEA2340883
[13:23:20] SAMEA2340883: found 1913 variants totalling 4293 bp in SAMEA2340883/snps.tab
[13:23:20] Using ID 'SAMEA3246143' for SAMEA3246143
[13:23:20] SAMEA3246143: found 2008 variants totalling 2117 bp in SAMEA3246143/snps.tab
[13:23:20] Using ID 'SAMEA1877285' for SAMEA1877285
[13:23:20] SAMEA1877285: found 2175 variants totalling 2289 bp in SAMEA1877285/snps.tab
[13:23:20] Using ID 'SAMEA2340928' for SAMEA2340928
[13:23:20] SAMEA2340928: found 784 variants totalling 826 bp in SAMEA2340928/snps.tab
[13:23:20] Using ID 'SAMEA2627043' for SAMEA2627043
[13:23:20] SAMEA2627043: found 2110 variants totalling 2260 bp in SAMEA2627043/snps.tab
[13:23:20] Using ID 'SAMEA3504598' for SAMEA3504598
[13:23:20] SAMEA3504598: found 2145 variants totalling 2326 bp in SAMEA3504598/snps.tab
[13:23:20] Using ID 'SAMEA3359877' for SAMEA3359877
[13:23:20] SAMEA3359877: found 2126 variants totalling 2304 bp in SAMEA3359877/snps.tab
[13:23:20] Using ID 'SAMEA1877266_L4' for SAMEA1877266_L4
[13:23:21] SAMEA1877266_L4: found 875 variants totalling 907 bp in SAMEA1877266_L4/snps.tab
[13:23:21] Using ID 'SAMEA2794343' for SAMEA2794343
[13:23:21] SAMEA2794343: found 2209 variants totalling 2331 bp in SAMEA2794343/snps.tab
[13:23:21] Using ID 'SAMEA1877150' for SAMEA1877150
[13:23:21] SAMEA1877150: found 2078 variants totalling 2190 bp in SAMEA1877150/snps.tab
[13:23:21] Using ID 'SAMEA2340887' for SAMEA2340887
[13:23:21] SAMEA2340887: found 2118 variants totalling 2262 bp in SAMEA2340887/snps.tab
[13:23:21] Using ID 'SAMEA3359899' for SAMEA3359899
[13:23:21] SAMEA3359899: found 2107 variants totalling 2242 bp in SAMEA3359899/snps.tab
[13:23:21] Using ID 'SAMEA3359902' for SAMEA3359902
[13:23:21] SAMEA3359902: found 2208 variants totalling 2327 bp in SAMEA3359902/snps.tab
[13:23:21] Using ID 'SAMEA2534569' for SAMEA2534569
[13:23:22] SAMEA2534569: found 1925 variants totalling 1986 bp in SAMEA2534569/snps.tab
[13:23:22] Using ID 'SAMEA3905803_MC' for SAMEA3905803_MC
[13:23:23] SAMEA3905803_MC: found 22831 variants totalling 30753 bp in SAMEA3905803_MC/snps.tab
[13:23:23] Using ID 'SAMEA2794320' for SAMEA2794320
[13:23:23] SAMEA2794320: found 2068 variants totalling 2197 bp in SAMEA2794320/snps.tab
[13:23:23] Using ID 'SAMEA2794357' for SAMEA2794357
[13:23:23] SAMEA2794357: found 2076 variants totalling 2196 bp in SAMEA2794357/snps.tab
[13:23:23] Using ID 'SAMEA3504614' for SAMEA3504614
[13:23:23] SAMEA3504614: found 2141 variants totalling 2307 bp in SAMEA3504614/snps.tab
[13:23:23] Using ID 'SAMEA3504610' for SAMEA3504610
[13:23:23] SAMEA3504610: found 2105 variants totalling 2252 bp in SAMEA3504610/snps.tab
[13:23:23] Using ID 'SAMEA3359884' for SAMEA3359884
[13:23:24] SAMEA3359884: found 2101 variants totalling 2236 bp in SAMEA3359884/snps.tab
[13:23:24] Using ID 'SAMEA2627023' for SAMEA2627023
[13:23:24] SAMEA2627023: found 2070 variants totalling 2197 bp in SAMEA2627023/snps.tab
[13:23:24] Using ID 'SAMEA3359869' for SAMEA3359869
[13:23:24] SAMEA3359869: found 2141 variants totalling 2325 bp in SAMEA3359869/snps.tab
[13:23:24] Using ID 'SAMEA3359913' for SAMEA3359913
[13:23:24] SAMEA3359913: found 311 variants totalling 332 bp in SAMEA3359913/snps.tab
[13:23:24] Using ID 'SAMEA2794318' for SAMEA2794318
[13:23:24] SAMEA2794318: found 2034 variants totalling 2133 bp in SAMEA2794318/snps.tab
[13:23:24] Using ID 'SAMEA2794340' for SAMEA2794340
[13:23:24] SAMEA2794340: found 0 variants totalling 0 bp in SAMEA2794340/snps.tab
[13:23:24] Using ID 'SAMEA2627032' for SAMEA2627032
[13:23:24] SAMEA2627032: found 2081 variants totalling 2203 bp in SAMEA2627032/snps.tab
[13:23:24] Using ID 'SAMEA2340912' for SAMEA2340912
[13:23:25] SAMEA2340912: found 2073 variants totalling 2198 bp in SAMEA2340912/snps.tab
[13:23:25] Using ID 'SAMEA2340927' for SAMEA2340927
[13:23:25] SAMEA2340927: found 759 variants totalling 802 bp in SAMEA2340927/snps.tab
[13:23:25] Using ID 'SAMEA3250479' for SAMEA3250479
[13:23:25] SAMEA3250479: found 1977 variants totalling 2073 bp in SAMEA3250479/snps.tab
[13:23:25] Using ID 'SAMEA2627022' for SAMEA2627022
[13:23:25] SAMEA2627022: found 2025 variants totalling 2146 bp in SAMEA2627022/snps.tab
[13:23:25] Using ID 'SAMEA2340880' for SAMEA2340880
[13:23:25] SAMEA2340880: found 2082 variants totalling 2203 bp in SAMEA2340880/snps.tab
[13:23:25] Using ID 'SAMEA2340935' for SAMEA2340935
[13:23:25] SAMEA2340935: found 2182 variants totalling 2300 bp in SAMEA2340935/snps.tab
[13:23:25] Using ID 'SAMEA2534073' for SAMEA2534073
[13:23:25] SAMEA2534073: found 1638 variants totalling 1695 bp in SAMEA2534073/snps.tab
[13:23:25] Using ID 'SAMEA3359866' for SAMEA3359866
[13:23:25] SAMEA3359866: found 2200 variants totalling 2317 bp in SAMEA3359866/snps.tab
[13:23:25] Using ID 'SAMEA2627018' for SAMEA2627018
[13:23:26] SAMEA2627018: found 2042 variants totalling 2155 bp in SAMEA2627018/snps.tab
[13:23:26] Using ID 'SAMEA3504603' for SAMEA3504603
[13:23:26] SAMEA3504603: found 2110 variants totalling 2233 bp in SAMEA3504603/snps.tab
[13:23:26] Using ID 'SAMEA2340929' for SAMEA2340929
[13:23:26] SAMEA2340929: found 754 variants totalling 794 bp in SAMEA2340929/snps.tab
[13:23:26] Using ID 'SAMEA3359879' for SAMEA3359879
[13:23:26] SAMEA3359879: found 2233 variants totalling 2362 bp in SAMEA3359879/snps.tab
[13:23:26] Using ID 'SAMEA3359881' for SAMEA3359881
[13:23:26] SAMEA3359881: found 2080 variants totalling 2246 bp in SAMEA3359881/snps.tab
[13:23:26] Using ID 'SAMEA2627039' for SAMEA2627039
[13:23:26] SAMEA2627039: found 2067 variants totalling 2197 bp in SAMEA2627039/snps.tab
[13:23:26] Using ID 'SAMEA2627037' for SAMEA2627037
[13:23:26] SAMEA2627037: found 2080 variants totalling 2185 bp in SAMEA2627037/snps.tab
[13:23:26] Using ID 'SAMEA2340884' for SAMEA2340884
[13:23:27] SAMEA2340884: found 1941 variants totalling 4400 bp in SAMEA2340884/snps.tab
[13:23:27] Using ID 'SAMEA2340901' for SAMEA2340901
[13:23:27] SAMEA2340901: found 2075 variants totalling 2209 bp in SAMEA2340901/snps.tab
[13:23:27] Using ID 'SAMEA2627027' for SAMEA2627027
[13:23:27] SAMEA2627027: found 2204 variants totalling 2332 bp in SAMEA2627027/snps.tab
[13:23:27] Using ID 'SAMEA2794324' for SAMEA2794324
[13:23:27] SAMEA2794324: found 2061 variants totalling 2187 bp in SAMEA2794324/snps.tab
[13:23:27] Using ID 'SAMEA2340895' for SAMEA2340895
[13:23:27] SAMEA2340895: found 773 variants totalling 809 bp in SAMEA2340895/snps.tab
[13:23:27] Using ID 'SAMEA2794338' for SAMEA2794338
[13:23:27] SAMEA2794338: found 780 variants totalling 816 bp in SAMEA2794338/snps.tab
[13:23:27] Using ID 'SAMEA2794368' for SAMEA2794368
[13:23:27] SAMEA2794368: found 2072 variants totalling 2198 bp in SAMEA2794368/snps.tab
[13:23:27] Using ID 'SAMEA3359889' for SAMEA3359889
[13:23:27] SAMEA3359889: found 1583 variants totalling 1650 bp in SAMEA3359889/snps.tab
[13:23:27] Using ID 'SAMEA2340908' for SAMEA2340908
[13:23:28] SAMEA2340908: found 2028 variants totalling 2154 bp in SAMEA2340908/snps.tab
[13:23:28] Using ID 'SAMEA2627024' for SAMEA2627024
[13:23:28] SAMEA2627024: found 2070 variants totalling 2198 bp in SAMEA2627024/snps.tab
[13:23:28] Using ID 'SAMEA3504622' for SAMEA3504622
[13:23:28] SAMEA3504622: found 778 variants totalling 835 bp in SAMEA3504622/snps.tab
[13:23:28] Using ID 'SAMEA3359873' for SAMEA3359873
[13:23:28] SAMEA3359873: found 156 variants totalling 276 bp in SAMEA3359873/snps.tab
[13:23:28] Using ID 'SAMEA2340947' for SAMEA2340947
[13:23:28] SAMEA2340947: found 2193 variants totalling 2299 bp in SAMEA2340947/snps.tab
[13:23:28] Using ID 'SAMEA2340910' for SAMEA2340910
[13:23:28] SAMEA2340910: found 2163 variants totalling 2282 bp in SAMEA2340910/snps.tab
[13:23:28] Using ID 'SAMEA3359897' for SAMEA3359897
[13:23:28] SAMEA3359897: found 2116 variants totalling 2280 bp in SAMEA3359897/snps.tab
[13:23:28] Using ID 'SAMEA2627006' for SAMEA2627006
[13:23:28] SAMEA2627006: found 0 variants totalling 0 bp in SAMEA2627006/snps.tab
[13:23:28] Using ID 'SAMEA2627029' for SAMEA2627029
[13:23:28] SAMEA2627029: found 2034 variants totalling 2130 bp in SAMEA2627029/snps.tab
[13:23:28] Using ID 'SAMEA1877237' for SAMEA1877237
[13:23:28] SAMEA1877237: found 2094 variants totalling 2185 bp in SAMEA1877237/snps.tab
[13:23:28] Using ID 'SAMEA3504613' for SAMEA3504613
[13:23:29] SAMEA3504613: found 2085 variants totalling 2227 bp in SAMEA3504613/snps.tab
[13:23:29] Using ID 'SAMEA2627017' for SAMEA2627017
[13:23:29] SAMEA2627017: found 2078 variants totalling 2197 bp in SAMEA2627017/snps.tab
[13:23:29] Using ID 'SAMEA1877101' for SAMEA1877101
[13:23:29] SAMEA1877101: found 2105 variants totalling 2178 bp in SAMEA1877101/snps.tab
[13:23:29] Using ID 'SAMEA2340875' for SAMEA2340875
[13:23:29] SAMEA2340875: found 1574 variants totalling 3047 bp in SAMEA2340875/snps.tab
[13:23:29] Using ID 'SAMEA1877227' for SAMEA1877227
[13:23:29] SAMEA1877227: found 1986 variants totalling 2098 bp in SAMEA1877227/snps.tab
[13:23:29] Using ID 'SAMEA3359910' for SAMEA3359910
[13:23:29] SAMEA3359910: found 2205 variants totalling 2344 bp in SAMEA3359910/snps.tab
[13:23:29] Using ID 'SAMEA3359917' for SAMEA3359917
[13:23:29] SAMEA3359917: found 1858 variants totalling 1956 bp in SAMEA3359917/snps.tab
[13:23:29] Using ID 'SAMEA2794341' for SAMEA2794341
[13:23:29] SAMEA2794341: found 851 variants totalling 891 bp in SAMEA2794341/snps.tab
[13:23:29] Using ID 'SAMEA104358365' for SAMEA104358365
[13:23:29] SAMEA104358365: found 2146 variants totalling 2276 bp in SAMEA104358365/snps.tab
[13:23:29] Using ID 'SAMEA2794328' for SAMEA2794328
[13:23:30] SAMEA2794328: found 2198 variants totalling 2306 bp in SAMEA2794328/snps.tab
[13:23:30] Using ID 'SAMEA2794347' for SAMEA2794347
[13:23:30] SAMEA2794347: found 0 variants totalling 0 bp in SAMEA2794347/snps.tab
[13:23:30] Using ID 'SAMEA2627009' for SAMEA2627009
[13:23:30] SAMEA2627009: found 2078 variants totalling 2204 bp in SAMEA2627009/snps.tab
[13:23:30] Using ID 'SAMEA1877177' for SAMEA1877177
[13:23:30] SAMEA1877177: found 2081 variants totalling 2183 bp in SAMEA1877177/snps.tab
[13:23:30] Using ID 'SAMEA3504620' for SAMEA3504620
[13:23:30] SAMEA3504620: found 562 variants totalling 603 bp in SAMEA3504620/snps.tab
[13:23:30] Using ID 'SAMEA3359883' for SAMEA3359883
[13:23:30] SAMEA3359883: found 1628 variants totalling 1697 bp in SAMEA3359883/snps.tab
[13:23:30] Using ID 'SAMEA1877136' for SAMEA1877136
[13:23:30] SAMEA1877136: found 2036 variants totalling 2131 bp in SAMEA1877136/snps.tab
[13:23:30] Using ID 'SAMEA2340911' for SAMEA2340911
[13:23:30] SAMEA2340911: found 533 variants totalling 559 bp in SAMEA2340911/snps.tab
[13:23:30] Using ID 'SAMEA3359880' for SAMEA3359880
[13:23:30] SAMEA3359880: found 2099 variants totalling 2240 bp in SAMEA3359880/snps.tab
[13:23:30] Using ID 'SAMEA2340876' for SAMEA2340876
[13:23:31] SAMEA2340876: found 2074 variants totalling 2199 bp in SAMEA2340876/snps.tab
[13:23:31] Using ID 'SAMEA2794333' for SAMEA2794333
[13:23:31] SAMEA2794333: found 2063 variants totalling 2180 bp in SAMEA2794333/snps.tab
[13:23:31] Using ID 'SAMEA2627015' for SAMEA2627015
[13:23:31] SAMEA2627015: found 2006 variants totalling 2113 bp in SAMEA2627015/snps.tab
[13:23:31] Using ID 'SAMEA2534462' for SAMEA2534462
[13:23:31] SAMEA2534462: found 1759 variants totalling 1830 bp in SAMEA2534462/snps.tab
[13:23:31] Using ID 'SAMEA2340882' for SAMEA2340882
[13:23:31] SAMEA2340882: found 2072 variants totalling 2205 bp in SAMEA2340882/snps.tab
[13:23:31] Using ID 'SAMEA2627045' for SAMEA2627045
[13:23:31] SAMEA2627045: found 0 variants totalling 0 bp in SAMEA2627045/snps.tab
[13:23:31] Using ID 'SAMEA3359878' for SAMEA3359878
[13:23:31] SAMEA3359878: found 2199 variants totalling 2304 bp in SAMEA3359878/snps.tab
[13:23:31] Using ID 'SAMEA3359893' for SAMEA3359893
[13:23:31] SAMEA3359893: found 0 variants totalling 0 bp in SAMEA3359893/snps.tab
[13:23:31] Using ID 'SAMEA2340890' for SAMEA2340890
[13:23:31] SAMEA2340890: found 138 variants totalling 293 bp in SAMEA2340890/snps.tab
[13:23:31] Using ID 'SAMEA2340889' for SAMEA2340889
[13:23:31] SAMEA2340889: found 146 variants totalling 323 bp in SAMEA2340889/snps.tab
[13:23:31] Using ID 'SAMEA1877233' for SAMEA1877233
[13:23:31] SAMEA1877233: found 2101 variants totalling 2203 bp in SAMEA1877233/snps.tab
[13:23:32] Using ID 'SAMEA2340942' for SAMEA2340942
[13:23:32] SAMEA2340942: found 2184 variants totalling 2289 bp in SAMEA2340942/snps.tab
[13:23:32] Using ID 'SAMEA2340907' for SAMEA2340907
[13:23:32] SAMEA2340907: found 2086 variants totalling 2221 bp in SAMEA2340907/snps.tab
[13:23:32] Using ID 'SAMEA2794366' for SAMEA2794366
[13:23:32] SAMEA2794366: found 2025 variants totalling 2143 bp in SAMEA2794366/snps.tab
[13:23:32] Using ID 'SAMEA2340898' for SAMEA2340898
[13:23:32] SAMEA2340898: found 823 variants totalling 859 bp in SAMEA2340898/snps.tab
[13:23:32] Using ID 'SAMEA1877098' for SAMEA1877098
[13:23:32] SAMEA1877098: found 1981 variants totalling 2083 bp in SAMEA1877098/snps.tab
[13:23:32] Using ID 'SAMEA3359892' for SAMEA3359892
[13:23:32] SAMEA3359892: found 0 variants totalling 0 bp in SAMEA3359892/snps.tab
[13:23:32] Using ID 'SAMEA2340926' for SAMEA2340926
[13:23:32] SAMEA2340926: found 755 variants totalling 792 bp in SAMEA2340926/snps.tab
[13:23:32] Using ID 'SAMEA2340931' for SAMEA2340931
[13:23:32] SAMEA2340931: found 2194 variants totalling 2300 bp in SAMEA2340931/snps.tab
[13:23:32] Using ID 'SAMEA3359875' for SAMEA3359875
[13:23:33] SAMEA3359875: found 2069 variants totalling 2221 bp in SAMEA3359875/snps.tab
[13:23:33] Using ID 'SAMEA2794327' for SAMEA2794327
[13:23:33] SAMEA2794327: found 2083 variants totalling 2204 bp in SAMEA2794327/snps.tab
[13:23:33] Using ID 'SAMEA2340909' for SAMEA2340909
[13:23:33] SAMEA2340909: found 2086 variants totalling 2220 bp in SAMEA2340909/snps.tab
[13:23:33] Using ID 'SAMEA2340924' for SAMEA2340924
[13:23:33] SAMEA2340924: found 1594 variants totalling 1658 bp in SAMEA2340924/snps.tab
[13:23:33] Using ID 'SAMEA2340903' for SAMEA2340903
[13:23:33] SAMEA2340903: found 0 variants totalling 0 bp in SAMEA2340903/snps.tab
[13:23:33] Using ID 'SAMEA3359887' for SAMEA3359887
[13:23:33] SAMEA3359887: found 2089 variants totalling 2258 bp in SAMEA3359887/snps.tab
[13:23:33] Using ID 'SAMEA2794314' for SAMEA2794314
[13:23:33] SAMEA2794314: found 1428 variants totalling 1517 bp in SAMEA2794314/snps.tab
[13:23:33] Using ID 'SAMEA2794363' for SAMEA2794363
[13:23:33] SAMEA2794363: found 951 variants totalling 984 bp in SAMEA2794363/snps.tab
[13:23:33] Using ID 'SAMEA2794326' for SAMEA2794326
[13:23:33] SAMEA2794326: found 2090 variants totalling 2217 bp in SAMEA2794326/snps.tab
[13:23:34] Using ID 'SAMEA2794345' for SAMEA2794345
[13:23:34] SAMEA2794345: found 2066 variants totalling 2197 bp in SAMEA2794345/snps.tab
[13:23:34] Using ID 'SAMEA3504605' for SAMEA3504605
[13:23:34] SAMEA3504605: found 2115 variants totalling 2269 bp in SAMEA3504605/snps.tab
[13:23:34] Using ID 'SAMEA2794315' for SAMEA2794315
[13:23:34] SAMEA2794315: found 1122 variants totalling 1203 bp in SAMEA2794315/snps.tab
[13:23:34] Using ID 'SAMEA2627011' for SAMEA2627011
[13:23:35] SAMEA2627011: found 22163 variants totalling 50952 bp in SAMEA2627011/snps.tab
[13:23:35] Using ID 'SAMEA2535035' for SAMEA2535035
[13:23:36] SAMEA2535035: found 2088 variants totalling 2183 bp in SAMEA2535035/snps.tab
[13:23:36] Using ID 'SAMEA1877169_L5' for SAMEA1877169_L5
[13:23:36] SAMEA1877169_L5: found 1985 variants totalling 2081 bp in SAMEA1877169_L5/snps.tab
[13:23:36] Using ID 'SAMEA3359870' for SAMEA3359870
[13:23:36] SAMEA3359870: found 0 variants totalling 0 bp in SAMEA3359870/snps.tab
[13:23:36] Using ID 'SAMEA2627030' for SAMEA2627030
[13:23:36] SAMEA2627030: found 2258 variants totalling 2361 bp in SAMEA2627030/snps.tab
[13:23:36] Using ID 'SAMEA2340900' for SAMEA2340900
[13:23:36] SAMEA2340900: found 142 variants totalling 307 bp in SAMEA2340900/snps.tab
[13:23:36] Using ID 'SAMEA2340897' for SAMEA2340897
[13:23:36] SAMEA2340897: found 137 variants totalling 303 bp in SAMEA2340897/snps.tab
[13:23:36] Using ID 'SAMEA2340902' for SAMEA2340902
[13:23:36] SAMEA2340902: found 795 variants totalling 836 bp in SAMEA2340902/snps.tab
[13:23:36] Using ID 'SAMEA2534357' for SAMEA2534357
[13:23:36] SAMEA2534357: found 1878 variants totalling 1934 bp in SAMEA2534357/snps.tab
[13:23:36] Using ID 'SAMEA3504597' for SAMEA3504597
[13:23:36] SAMEA3504597: found 2119 variants totalling 2268 bp in SAMEA3504597/snps.tab
[13:23:36] Using ID 'SAMEA2340948' for SAMEA2340948
[13:23:36] SAMEA2340948: found 2355 variants totalling 2495 bp in SAMEA2340948/snps.tab
[13:23:37] Using ID 'SAMEA1877142' for SAMEA1877142
[13:23:37] SAMEA1877142: found 2097 variants totalling 2204 bp in SAMEA1877142/snps.tab
[13:23:37] Using ID 'SAMEA2794369' for SAMEA2794369
[13:23:37] SAMEA2794369: found 758 variants totalling 800 bp in SAMEA2794369/snps.tab
[13:23:37] Using ID 'SAMEA1877112_L1' for SAMEA1877112_L1
[13:23:37] SAMEA1877112_L1: found 1946 variants totalling 2024 bp in SAMEA1877112_L1/snps.tab
[13:23:37] Using ID 'SAMEA3359918' for SAMEA3359918
[13:23:37] SAMEA3359918: found 1978 variants totalling 2093 bp in SAMEA3359918/snps.tab
[13:23:37] Using ID 'SAMEA2340918' for SAMEA2340918
[13:23:38] SAMEA2340918: found 21913 variants totalling 50195 bp in SAMEA2340918/snps.tab
[13:23:38] Using ID 'SAMEA2340914' for SAMEA2340914
[13:23:38] SAMEA2340914: found 2016 variants totalling 2108 bp in SAMEA2340914/snps.tab
[13:23:38] Using ID 'SAMEA1877169' for SAMEA1877169
[13:23:39] SAMEA1877169: found 1985 variants totalling 2081 bp in SAMEA1877169/snps.tab
[13:23:39] Using ID 'SAMEA2794335' for SAMEA2794335
[13:23:39] SAMEA2794335: found 2091 variants totalling 2212 bp in SAMEA2794335/snps.tab
[13:23:39] Using ID 'ref' for ref
[13:23:39] Could not find a .tab file in ref
vagrant ssh -c "cd /vagrant/africanum_analysis/lab/ && snippy-core   SAMEA2794337 SAMEA2340940 SAMEA3359895 SAMEA2340885 SAMEA3250476 SAMEA3504601 SAMEA3504621 SAMEA2340905 SAMEA2794329 SAMEA3359890 SAMEA2340874 SAMEA2794339 SAMEA2340883 SAMEA3246143 SAMEA1877285 SAMEA2340928 SAMEA2627043 SAMEA3504598 SAMEA3359877 SAMEA1877266_L4 SAMEA2794343 SAMEA1877150 SAMEA2340887 SAMEA3359899 SAMEA3359902 SAMEA2534569 SAMEA3905803_MC SAMEA2794320 SAMEA2794357 SAMEA3504614 SAMEA3504610 SAMEA3359884 SAMEA2627023 SAMEA3359869 SAMEA3359913 SAMEA2794318 SAMEA2794340 SAMEA2627032 SAMEA2340912 SAMEA2340927 SAMEA3250479 SAMEA2627022 SAMEA2340880 SAMEA2340935 SAMEA2534073 SAMEA3359866 SAMEA2627018 SAMEA3504603 SAMEA2340929 SAMEA3359879 SAMEA3359881 SAMEA2627039 SAMEA2627037 SAMEA2340884 SAMEA2340901 SAMEA2627027 SAMEA2794324 SAMEA2340895 SAMEA2794338 SAMEA2794368 SAMEA3359889 SAMEA2340908 SAMEA2627024 SAMEA3504622 SAMEA3359873 SAMEA2340947 SAMEA2340910 SAMEA3359897 SAMEA2627006 SAMEA2627029 SAMEA1877237 SAMEA3504613 SAMEA2627017 SAMEA1877101 SAMEA2340875 SAMEA1877227 SAMEA3359910 SAMEA3359917 SAMEA2794341 SAMEA104358365 SAMEA2794328 SAMEA2794347 SAMEA2627009 SAMEA1877177 SAMEA3504620 SAMEA3359883 SAMEA1877136 SAMEA2340911 SAMEA3359880 SAMEA2340876 SAMEA2794333 SAMEA2627015 SAMEA2534462 SAMEA2340882 SAMEA2627045 SAMEA3359878 SAMEA3359893 SAMEA2340890 SAMEA2340889 SAMEA1877233 SAMEA2340942 SAMEA2340907 SAMEA2794366 SAMEA2340898 SAMEA1877098 SAMEA3359892 SAMEA2340926 SAMEA2340931 SAMEA3359875 SAMEA2794327 SAMEA2340909 SAMEA2340924 SAMEA2340903 SAMEA3359887 SAMEA2794314 SAMEA2794363 SAMEA2794326 SAMEA2794345 SAMEA3504605 SAMEA2794315 SAMEA2627011 SAMEA2535035 SAMEA1877169_L5 SAMEA3359870 SAMEA2627030 SAMEA2340900 SAMEA2340897 SAMEA2340902 SAMEA2534357 SAMEA3504597 SAMEA2340948 SAMEA1877142 SAMEA2794369 SAMEA1877112_L1 SAMEA3359918 SAMEA2340918 SAMEA2340914 SAMEA1877169 SAMEA2794335 ref SAMEA1877165 SAMEA2794362 SAMEA3359882 SAMEA3504625 SAMEA3359891 SAMEA3359871 SAMEA3359915 SAMEA2794371 SAMEA3359914 SAMEA2627025 SAMEA2794330 SAMEA3250478 SAMEA2627042 SAMEA3359894 SAMEA2794354 SAMEA2340891 SAMEA2340930 SAMEA3504612 SAMEA2534321 SAMEA2340916 SAMEA3359876 SAMEA1877219_L2 SAMEA3359901 SAMEA2627010 SAMEA3359896 SAMEA2340878 SAMEA2627040 SAMEA2794331 SAMEA2627020 SAMEA2794336 SAMEA2534473 SAMEA3504595 SAMEA2794350 SAMEA3359868 SAMEA2340888 SAMEA1877126 SAMEA2627044 SAMEA2340894 SAMEA2340877 SAMEA3504606 SAMEA2794370 SAMEA2340917 SAMEA3359874 SAMEA1877181_L3 SAMEA2534751 SAMEA3504611 SAMEA3359903 SAMEA2627019 SAMEA2794313 SAMEA2627012 SAMEA3359909 SAMEA3504604 SAMEA2794316 SAMEA2794355 SAMEA2340893 SAMEA2794361 SAMEA3359906 SAMEA2794360 SAMEA2627026 SAMEA2340939 SAMEA2794312 SAMEA3246143_L7 SAMEA2340899 SAMEA1877187 SAMEA2340936 SAMEA3359867 SAMEA2340921 SAMEA2794323 SAMEA2340915 SAMEA2794325 SAMEA2794353 SAMEA2794332 SAMEA3359907 SAMEA2794349 SAMEA1877117 SAMEA3504602 SAMEA3359885 SAMEA2627005 SAMEA2794365 SAMEA1877190 SAMEA3504599 SAMEA3504624 SAMEA3504609 SAMEA2794359 SAMN11492960_MAFBRA00707 SAMN04479830_UT307 SAMEA3504615 SAMEA2627016 SAMEA2794352 SAMEA3359898 SAMEA2627007 SAMEA3359919 SAMEA1877152 SAMEA3359904 SAMEA2340946 SAMEA2794319 SAMEA1877139 SAMEA2340945 SAMEA2340896 SAMEA1877229 SAMEA3359916 SAMEA1877073 SAMEA2340938 SAMEA3359908 SAMEA2340892 SAMEA3504607 SAMEA1877132 SAMEA2534695 SAMEA1877207 SAMEA2627033 SAMEA1877206 SAMEA3359872 SAMEA2627008 SAMEA2340879 SAMEA3250477 SAMEA2340920 SAMEA2340934 SAMEA2340923 SAMEA2340941 SAMEA2794322 SAMEA2340913 SAMEA3359905 SAMEA2627013 SAMEA1877150_L6 SAMEA2627031 SAMEA3504608 SAMEA2794321 SAMEA2794358 SAMEA2794317 SAMEA3504596 SAMEA2794364 SAMEA2794346 SAMEA3504600 SAMEA3359912 SAMEA2340933 SAMEA2627035 SAMEA2794367 SAMEA2627038 SAMEA2794342 SAMEA2340881 SAMEA2794351 SAMEA2340919 SAMEA2340906 SAMEA3504623 SAMEA2340922 SAMEA2627041 SAMEA2627021 SAMEA2627036 SAMEA1877109 SAMEA3359886 SAMEA2627034 SAMEA2340937 SAMEA2794334 SAMEA2340904 SAMEA2627014 SAMEA2627028 SAMEA2794344 SAMEA2340932 SAMEA3359865 SAMEA2794348 SAMEA3359888"

 $$$$$$$$$$ 

